[0.012s] Invoking command in '/root/Project/ros_ur_dashboard2mqtt/build/ur_dshbd_msgs': CMAKE_PREFIX_PATH=${CMAKE_PREFIX_PATH}:/root/Project/ros_ur_dashboard2mqtt/install/ur_dshbd_command:/opt/ros/humble /usr/bin/cmake --build /root/Project/ros_ur_dashboard2mqtt/build/ur_dshbd_msgs -- -j6 -l6
[0.052s] [  2%] Built target ur_dshbd_msgs__cpp
[0.054s] [ 12%] Built target ur_dshbd_msgs__rosidl_generator_c
[0.059s] [ 12%] Built target ament_cmake_python_symlink_ur_dshbd_msgs
[0.074s] [ 23%] Built target ur_dshbd_msgs__rosidl_typesupport_introspection_cpp
[0.075s] [ 33%] Built target ur_dshbd_msgs__rosidl_typesupport_fastrtps_cpp
[0.077s] [ 43%] Built target ur_dshbd_msgs__rosidl_typesupport_introspection_c
[0.079s] [ 53%] Built target ur_dshbd_msgs__rosidl_typesupport_cpp
[0.086s] [ 74%] Built target ur_dshbd_msgs__rosidl_typesupport_fastrtps_c
[0.086s] [ 74%] Built target ur_dshbd_msgs__rosidl_typesupport_c
[0.102s] [ 74%] Built target ur_dshbd_msgs
[0.119s] [ 76%] Built target ur_dshbd_msgs__py
[0.139s] [ 84%] Built target ur_dshbd_msgs__rosidl_generator_py
[0.157s] [100%] Built target ur_dshbd_msgs__rosidl_typesupport_fastrtps_c__pyext
[0.157s] [100%] Built target ur_dshbd_msgs__rosidl_typesupport_c__pyext
[0.157s] [100%] Built target ur_dshbd_msgs__rosidl_typesupport_introspection_c__pyext
[0.331s] running egg_info
[0.331s] writing ur_dshbd_msgs.egg-info/PKG-INFO
[0.332s] writing dependency_links to ur_dshbd_msgs.egg-info/dependency_links.txt
[0.332s] writing top-level names to ur_dshbd_msgs.egg-info/top_level.txt
[0.334s] reading manifest file 'ur_dshbd_msgs.egg-info/SOURCES.txt'
[0.335s] writing manifest file 'ur_dshbd_msgs.egg-info/SOURCES.txt'
[0.358s] [100%] Built target ament_cmake_python_build_ur_dshbd_msgs_egg
[0.368s] Invoked command in '/root/Project/ros_ur_dashboard2mqtt/build/ur_dshbd_msgs' returned '0': CMAKE_PREFIX_PATH=${CMAKE_PREFIX_PATH}:/root/Project/ros_ur_dashboard2mqtt/install/ur_dshbd_command:/opt/ros/humble /usr/bin/cmake --build /root/Project/ros_ur_dashboard2mqtt/build/ur_dshbd_msgs -- -j6 -l6
[0.450s] Invoking command in '/root/Project/ros_ur_dashboard2mqtt/build/ur_dshbd_msgs': CMAKE_PREFIX_PATH=${CMAKE_PREFIX_PATH}:/root/Project/ros_ur_dashboard2mqtt/install/ur_dshbd_command:/opt/ros/humble /usr/bin/cmake --install /root/Project/ros_ur_dashboard2mqtt/build/ur_dshbd_msgs
[0.456s] -- Install configuration: ""
[0.456s] -- Execute custom install script
[0.457s] -- Up-to-date symlink: /root/Project/ros_ur_dashboard2mqtt/install/ur_dshbd_msgs/share/ament_index/resource_index/rosidl_interfaces/ur_dshbd_msgs
[0.457s] -- Up-to-date symlink: /root/Project/ros_ur_dashboard2mqtt/install/ur_dshbd_msgs/include/ur_dshbd_msgs/ur_dshbd_msgs/msg/command.h
[0.457s] -- Up-to-date symlink: /root/Project/ros_ur_dashboard2mqtt/install/ur_dshbd_msgs/include/ur_dshbd_msgs/ur_dshbd_msgs/msg/detail/command__functions.h
[0.457s] -- Up-to-date symlink: /root/Project/ros_ur_dashboard2mqtt/install/ur_dshbd_msgs/include/ur_dshbd_msgs/ur_dshbd_msgs/msg/detail/command__struct.h
[0.458s] -- Up-to-date symlink: /root/Project/ros_ur_dashboard2mqtt/install/ur_dshbd_msgs/include/ur_dshbd_msgs/ur_dshbd_msgs/msg/detail/command__type_support.h
[0.458s] -- Up-to-date symlink: /root/Project/ros_ur_dashboard2mqtt/install/ur_dshbd_msgs/include/ur_dshbd_msgs/ur_dshbd_msgs/msg/detail/result__functions.h
[0.458s] -- Up-to-date symlink: /root/Project/ros_ur_dashboard2mqtt/install/ur_dshbd_msgs/include/ur_dshbd_msgs/ur_dshbd_msgs/msg/detail/result__struct.h
[0.458s] -- Up-to-date symlink: /root/Project/ros_ur_dashboard2mqtt/install/ur_dshbd_msgs/include/ur_dshbd_msgs/ur_dshbd_msgs/msg/detail/result__type_support.h
[0.458s] -- Up-to-date symlink: /root/Project/ros_ur_dashboard2mqtt/install/ur_dshbd_msgs/include/ur_dshbd_msgs/ur_dshbd_msgs/msg/result.h
[0.458s] -- Up-to-date symlink: /root/Project/ros_ur_dashboard2mqtt/install/ur_dshbd_msgs/include/ur_dshbd_msgs/ur_dshbd_msgs/msg/rosidl_generator_c__visibility_control.h
[0.459s] -- Up-to-date symlink: /root/Project/ros_ur_dashboard2mqtt/install/ur_dshbd_msgs/share/ur_dshbd_msgs/environment/library_path.sh
[0.459s] -- Up-to-date symlink: /root/Project/ros_ur_dashboard2mqtt/install/ur_dshbd_msgs/share/ur_dshbd_msgs/environment/library_path.dsv
[0.459s] -- Up-to-date symlink: /root/Project/ros_ur_dashboard2mqtt/install/ur_dshbd_msgs/include/ur_dshbd_msgs/ur_dshbd_msgs/msg/detail/command__rosidl_typesupport_fastrtps_c.h
[0.459s] -- Up-to-date symlink: /root/Project/ros_ur_dashboard2mqtt/install/ur_dshbd_msgs/include/ur_dshbd_msgs/ur_dshbd_msgs/msg/detail/result__rosidl_typesupport_fastrtps_c.h
[0.459s] -- Up-to-date symlink: /root/Project/ros_ur_dashboard2mqtt/install/ur_dshbd_msgs/include/ur_dshbd_msgs/ur_dshbd_msgs/msg/rosidl_typesupport_fastrtps_c__visibility_control.h
[0.459s] -- Up-to-date symlink: /root/Project/ros_ur_dashboard2mqtt/install/ur_dshbd_msgs/include/ur_dshbd_msgs/ur_dshbd_msgs/msg/detail/command__rosidl_typesupport_introspection_c.h
[0.459s] -- Up-to-date symlink: /root/Project/ros_ur_dashboard2mqtt/install/ur_dshbd_msgs/include/ur_dshbd_msgs/ur_dshbd_msgs/msg/detail/result__rosidl_typesupport_introspection_c.h
[0.460s] -- Up-to-date symlink: /root/Project/ros_ur_dashboard2mqtt/install/ur_dshbd_msgs/include/ur_dshbd_msgs/ur_dshbd_msgs/msg/rosidl_typesupport_introspection_c__visibility_control.h
[0.460s] -- Up-to-date symlink: /root/Project/ros_ur_dashboard2mqtt/install/ur_dshbd_msgs/include/ur_dshbd_msgs/ur_dshbd_msgs/msg/command.hpp
[0.460s] -- Up-to-date symlink: /root/Project/ros_ur_dashboard2mqtt/install/ur_dshbd_msgs/include/ur_dshbd_msgs/ur_dshbd_msgs/msg/detail/command__builder.hpp
[0.460s] -- Up-to-date symlink: /root/Project/ros_ur_dashboard2mqtt/install/ur_dshbd_msgs/include/ur_dshbd_msgs/ur_dshbd_msgs/msg/detail/command__struct.hpp
[0.460s] -- Up-to-date symlink: /root/Project/ros_ur_dashboard2mqtt/install/ur_dshbd_msgs/include/ur_dshbd_msgs/ur_dshbd_msgs/msg/detail/command__traits.hpp
[0.461s] -- Up-to-date symlink: /root/Project/ros_ur_dashboard2mqtt/install/ur_dshbd_msgs/include/ur_dshbd_msgs/ur_dshbd_msgs/msg/detail/result__builder.hpp
[0.461s] -- Up-to-date symlink: /root/Project/ros_ur_dashboard2mqtt/install/ur_dshbd_msgs/include/ur_dshbd_msgs/ur_dshbd_msgs/msg/detail/result__struct.hpp
[0.461s] -- Up-to-date symlink: /root/Project/ros_ur_dashboard2mqtt/install/ur_dshbd_msgs/include/ur_dshbd_msgs/ur_dshbd_msgs/msg/detail/result__traits.hpp
[0.461s] -- Up-to-date symlink: /root/Project/ros_ur_dashboard2mqtt/install/ur_dshbd_msgs/include/ur_dshbd_msgs/ur_dshbd_msgs/msg/result.hpp
[0.461s] -- Up-to-date symlink: /root/Project/ros_ur_dashboard2mqtt/install/ur_dshbd_msgs/include/ur_dshbd_msgs/ur_dshbd_msgs/msg/detail/command__rosidl_typesupport_fastrtps_cpp.hpp
[0.462s] -- Up-to-date symlink: /root/Project/ros_ur_dashboard2mqtt/install/ur_dshbd_msgs/include/ur_dshbd_msgs/ur_dshbd_msgs/msg/detail/result__rosidl_typesupport_fastrtps_cpp.hpp
[0.462s] -- Up-to-date symlink: /root/Project/ros_ur_dashboard2mqtt/install/ur_dshbd_msgs/include/ur_dshbd_msgs/ur_dshbd_msgs/msg/rosidl_typesupport_fastrtps_cpp__visibility_control.h
[0.462s] -- Up-to-date symlink: /root/Project/ros_ur_dashboard2mqtt/install/ur_dshbd_msgs/include/ur_dshbd_msgs/ur_dshbd_msgs/msg/detail/command__rosidl_typesupport_introspection_cpp.hpp
[0.462s] -- Up-to-date symlink: /root/Project/ros_ur_dashboard2mqtt/install/ur_dshbd_msgs/include/ur_dshbd_msgs/ur_dshbd_msgs/msg/detail/result__rosidl_typesupport_introspection_cpp.hpp
[0.463s] -- Up-to-date symlink: /root/Project/ros_ur_dashboard2mqtt/install/ur_dshbd_msgs/share/ur_dshbd_msgs/environment/pythonpath.sh
[0.463s] -- Up-to-date symlink: /root/Project/ros_ur_dashboard2mqtt/install/ur_dshbd_msgs/share/ur_dshbd_msgs/environment/pythonpath.dsv
[0.463s] -- Up-to-date symlink: /root/Project/ros_ur_dashboard2mqtt/install/ur_dshbd_msgs/local/lib/python3.10/dist-packages/ur_dshbd_msgs-0.0.0-py3.10.egg-info/PKG-INFO
[0.463s] -- Up-to-date symlink: /root/Project/ros_ur_dashboard2mqtt/install/ur_dshbd_msgs/local/lib/python3.10/dist-packages/ur_dshbd_msgs-0.0.0-py3.10.egg-info/SOURCES.txt
[0.463s] -- Up-to-date symlink: /root/Project/ros_ur_dashboard2mqtt/install/ur_dshbd_msgs/local/lib/python3.10/dist-packages/ur_dshbd_msgs-0.0.0-py3.10.egg-info/dependency_links.txt
[0.463s] -- Up-to-date symlink: /root/Project/ros_ur_dashboard2mqtt/install/ur_dshbd_msgs/local/lib/python3.10/dist-packages/ur_dshbd_msgs-0.0.0-py3.10.egg-info/top_level.txt
[0.464s] -- Up-to-date symlink: /root/Project/ros_ur_dashboard2mqtt/install/ur_dshbd_msgs/local/lib/python3.10/dist-packages/ur_dshbd_msgs/__init__.py
[0.464s] -- Up-to-date symlink: /root/Project/ros_ur_dashboard2mqtt/install/ur_dshbd_msgs/local/lib/python3.10/dist-packages/ur_dshbd_msgs/_ur_dshbd_msgs_s.ep.rosidl_typesupport_c.c
[0.464s] -- Up-to-date symlink: /root/Project/ros_ur_dashboard2mqtt/install/ur_dshbd_msgs/local/lib/python3.10/dist-packages/ur_dshbd_msgs/_ur_dshbd_msgs_s.ep.rosidl_typesupport_fastrtps_c.c
[0.464s] -- Up-to-date symlink: /root/Project/ros_ur_dashboard2mqtt/install/ur_dshbd_msgs/local/lib/python3.10/dist-packages/ur_dshbd_msgs/_ur_dshbd_msgs_s.ep.rosidl_typesupport_introspection_c.c
[0.464s] -- Up-to-date symlink: /root/Project/ros_ur_dashboard2mqtt/install/ur_dshbd_msgs/local/lib/python3.10/dist-packages/ur_dshbd_msgs/libur_dshbd_msgs__rosidl_generator_py.so
[0.465s] -- Up-to-date symlink: /root/Project/ros_ur_dashboard2mqtt/install/ur_dshbd_msgs/local/lib/python3.10/dist-packages/ur_dshbd_msgs/msg/__init__.py
[0.465s] -- Up-to-date symlink: /root/Project/ros_ur_dashboard2mqtt/install/ur_dshbd_msgs/local/lib/python3.10/dist-packages/ur_dshbd_msgs/msg/_command.py
[0.465s] -- Up-to-date symlink: /root/Project/ros_ur_dashboard2mqtt/install/ur_dshbd_msgs/local/lib/python3.10/dist-packages/ur_dshbd_msgs/msg/_command_s.c
[0.465s] -- Up-to-date symlink: /root/Project/ros_ur_dashboard2mqtt/install/ur_dshbd_msgs/local/lib/python3.10/dist-packages/ur_dshbd_msgs/msg/_result.py
[0.465s] -- Up-to-date symlink: /root/Project/ros_ur_dashboard2mqtt/install/ur_dshbd_msgs/local/lib/python3.10/dist-packages/ur_dshbd_msgs/msg/_result_s.c
[0.465s] -- Up-to-date symlink: /root/Project/ros_ur_dashboard2mqtt/install/ur_dshbd_msgs/local/lib/python3.10/dist-packages/ur_dshbd_msgs/ur_dshbd_msgs_s__rosidl_typesupport_c.cpython-310-x86_64-linux-gnu.so
[0.466s] -- Up-to-date symlink: /root/Project/ros_ur_dashboard2mqtt/install/ur_dshbd_msgs/local/lib/python3.10/dist-packages/ur_dshbd_msgs/ur_dshbd_msgs_s__rosidl_typesupport_fastrtps_c.cpython-310-x86_64-linux-gnu.so
[0.481s] -- Up-to-date symlink: /root/Project/ros_ur_dashboard2mqtt/install/ur_dshbd_msgs/local/lib/python3.10/dist-packages/ur_dshbd_msgs/ur_dshbd_msgs_s__rosidl_typesupport_introspection_c.cpython-310-x86_64-linux-gnu.so
[0.481s] -- Up-to-date symlink: /root/Project/ros_ur_dashboard2mqtt/install/ur_dshbd_msgs/local/lib/python3.10/dist-packages/ur_dshbd_msgs/ur_dshbd_msgs_s__rosidl_typesupport_fastrtps_c.cpython-310-x86_64-linux-gnu.so
[0.482s] -- Up-to-date symlink: /root/Project/ros_ur_dashboard2mqtt/install/ur_dshbd_msgs/local/lib/python3.10/dist-packages/ur_dshbd_msgs/ur_dshbd_msgs_s__rosidl_typesupport_introspection_c.cpython-310-x86_64-linux-gnu.so
[0.482s] -- Up-to-date symlink: /root/Project/ros_ur_dashboard2mqtt/install/ur_dshbd_msgs/local/lib/python3.10/dist-packages/ur_dshbd_msgs/ur_dshbd_msgs_s__rosidl_typesupport_c.cpython-310-x86_64-linux-gnu.so
[0.482s] -- Up-to-date symlink: /root/Project/ros_ur_dashboard2mqtt/install/ur_dshbd_msgs/share/ur_dshbd_msgs/msg/Command.idl
[0.482s] -- Up-to-date symlink: /root/Project/ros_ur_dashboard2mqtt/install/ur_dshbd_msgs/share/ur_dshbd_msgs/msg/Result.idl
[0.482s] -- Up-to-date symlink: /root/Project/ros_ur_dashboard2mqtt/install/ur_dshbd_msgs/share/ur_dshbd_msgs/msg/Command.msg
[0.482s] -- Up-to-date symlink: /root/Project/ros_ur_dashboard2mqtt/install/ur_dshbd_msgs/share/ur_dshbd_msgs/msg/Result.msg
[0.482s] -- Up-to-date symlink: /root/Project/ros_ur_dashboard2mqtt/install/ur_dshbd_msgs/share/ament_index/resource_index/package_run_dependencies/ur_dshbd_msgs
[0.482s] -- Up-to-date symlink: /root/Project/ros_ur_dashboard2mqtt/install/ur_dshbd_msgs/share/ament_index/resource_index/parent_prefix_path/ur_dshbd_msgs
[0.482s] -- Up-to-date symlink: /root/Project/ros_ur_dashboard2mqtt/install/ur_dshbd_msgs/share/ur_dshbd_msgs/environment/ament_prefix_path.sh
[0.482s] -- Up-to-date symlink: /root/Project/ros_ur_dashboard2mqtt/install/ur_dshbd_msgs/share/ur_dshbd_msgs/environment/ament_prefix_path.dsv
[0.482s] -- Up-to-date symlink: /root/Project/ros_ur_dashboard2mqtt/install/ur_dshbd_msgs/share/ur_dshbd_msgs/environment/path.sh
[0.482s] -- Up-to-date symlink: /root/Project/ros_ur_dashboard2mqtt/install/ur_dshbd_msgs/share/ur_dshbd_msgs/environment/path.dsv
[0.482s] -- Up-to-date symlink: /root/Project/ros_ur_dashboard2mqtt/install/ur_dshbd_msgs/share/ur_dshbd_msgs/local_setup.bash
[0.483s] -- Up-to-date symlink: /root/Project/ros_ur_dashboard2mqtt/install/ur_dshbd_msgs/share/ur_dshbd_msgs/local_setup.sh
[0.483s] -- Up-to-date symlink: /root/Project/ros_ur_dashboard2mqtt/install/ur_dshbd_msgs/share/ur_dshbd_msgs/local_setup.zsh
[0.483s] -- Up-to-date symlink: /root/Project/ros_ur_dashboard2mqtt/install/ur_dshbd_msgs/share/ur_dshbd_msgs/local_setup.dsv
[0.483s] -- Symlinking: /root/Project/ros_ur_dashboard2mqtt/install/ur_dshbd_msgs/share/ur_dshbd_msgs/package.dsv
[0.483s] -- Up-to-date symlink: /root/Project/ros_ur_dashboard2mqtt/install/ur_dshbd_msgs/share/ament_index/resource_index/packages/ur_dshbd_msgs
[0.483s] -- Up-to-date symlink: /root/Project/ros_ur_dashboard2mqtt/install/ur_dshbd_msgs/share/ur_dshbd_msgs/cmake/rosidl_cmake-extras.cmake
[0.483s] -- Up-to-date symlink: /root/Project/ros_ur_dashboard2mqtt/install/ur_dshbd_msgs/share/ur_dshbd_msgs/cmake/ament_cmake_export_include_directories-extras.cmake
[0.483s] -- Up-to-date symlink: /root/Project/ros_ur_dashboard2mqtt/install/ur_dshbd_msgs/share/ur_dshbd_msgs/cmake/ament_cmake_export_libraries-extras.cmake
[0.483s] -- Up-to-date symlink: /root/Project/ros_ur_dashboard2mqtt/install/ur_dshbd_msgs/share/ur_dshbd_msgs/cmake/ament_cmake_export_targets-extras.cmake
[0.483s] -- Up-to-date symlink: /root/Project/ros_ur_dashboard2mqtt/install/ur_dshbd_msgs/share/ur_dshbd_msgs/cmake/rosidl_cmake_export_typesupport_targets-extras.cmake
[0.484s] -- Up-to-date symlink: /root/Project/ros_ur_dashboard2mqtt/install/ur_dshbd_msgs/share/ur_dshbd_msgs/cmake/ament_cmake_export_dependencies-extras.cmake
[0.484s] -- Up-to-date symlink: /root/Project/ros_ur_dashboard2mqtt/install/ur_dshbd_msgs/share/ur_dshbd_msgs/cmake/rosidl_cmake_export_typesupport_libraries-extras.cmake
[0.484s] -- Up-to-date symlink: /root/Project/ros_ur_dashboard2mqtt/install/ur_dshbd_msgs/share/ur_dshbd_msgs/cmake/ur_dshbd_msgsConfig.cmake
[0.484s] -- Up-to-date symlink: /root/Project/ros_ur_dashboard2mqtt/install/ur_dshbd_msgs/share/ur_dshbd_msgs/cmake/ur_dshbd_msgsConfig-version.cmake
[0.484s] -- Up-to-date symlink: /root/Project/ros_ur_dashboard2mqtt/install/ur_dshbd_msgs/share/ur_dshbd_msgs/package.xml
[0.484s] -- Up-to-date: /root/Project/ros_ur_dashboard2mqtt/install/ur_dshbd_msgs/lib/libur_dshbd_msgs__rosidl_generator_c.so
[0.484s] -- Up-to-date: /root/Project/ros_ur_dashboard2mqtt/install/ur_dshbd_msgs/lib/libur_dshbd_msgs__rosidl_typesupport_fastrtps_c.so
[0.484s] -- Up-to-date: /root/Project/ros_ur_dashboard2mqtt/install/ur_dshbd_msgs/lib/libur_dshbd_msgs__rosidl_typesupport_introspection_c.so
[0.484s] -- Up-to-date: /root/Project/ros_ur_dashboard2mqtt/install/ur_dshbd_msgs/lib/libur_dshbd_msgs__rosidl_typesupport_c.so
[0.484s] -- Up-to-date: /root/Project/ros_ur_dashboard2mqtt/install/ur_dshbd_msgs/lib/libur_dshbd_msgs__rosidl_typesupport_fastrtps_cpp.so
[0.484s] -- Up-to-date: /root/Project/ros_ur_dashboard2mqtt/install/ur_dshbd_msgs/lib/libur_dshbd_msgs__rosidl_typesupport_introspection_cpp.so
[0.484s] -- Up-to-date: /root/Project/ros_ur_dashboard2mqtt/install/ur_dshbd_msgs/lib/libur_dshbd_msgs__rosidl_typesupport_cpp.so
[0.512s] Listing '/root/Project/ros_ur_dashboard2mqtt/install/ur_dshbd_msgs/local/lib/python3.10/dist-packages/ur_dshbd_msgs'...
[0.512s] Listing '/root/Project/ros_ur_dashboard2mqtt/install/ur_dshbd_msgs/local/lib/python3.10/dist-packages/ur_dshbd_msgs/msg'...
[0.517s] -- Up-to-date: /root/Project/ros_ur_dashboard2mqtt/install/ur_dshbd_msgs/lib/libur_dshbd_msgs__rosidl_generator_py.so
[0.517s] -- Up-to-date: /root/Project/ros_ur_dashboard2mqtt/install/ur_dshbd_msgs/share/ur_dshbd_msgs/cmake/export_ur_dshbd_msgs__rosidl_generator_cExport.cmake
[0.517s] -- Up-to-date: /root/Project/ros_ur_dashboard2mqtt/install/ur_dshbd_msgs/share/ur_dshbd_msgs/cmake/export_ur_dshbd_msgs__rosidl_generator_cExport-noconfig.cmake
[0.517s] -- Up-to-date: /root/Project/ros_ur_dashboard2mqtt/install/ur_dshbd_msgs/share/ur_dshbd_msgs/cmake/export_ur_dshbd_msgs__rosidl_typesupport_fastrtps_cExport.cmake
[0.517s] -- Up-to-date: /root/Project/ros_ur_dashboard2mqtt/install/ur_dshbd_msgs/share/ur_dshbd_msgs/cmake/export_ur_dshbd_msgs__rosidl_typesupport_fastrtps_cExport-noconfig.cmake
[0.517s] -- Up-to-date: /root/Project/ros_ur_dashboard2mqtt/install/ur_dshbd_msgs/share/ur_dshbd_msgs/cmake/ur_dshbd_msgs__rosidl_typesupport_introspection_cExport.cmake
[0.518s] -- Up-to-date: /root/Project/ros_ur_dashboard2mqtt/install/ur_dshbd_msgs/share/ur_dshbd_msgs/cmake/ur_dshbd_msgs__rosidl_typesupport_introspection_cExport-noconfig.cmake
[0.518s] -- Up-to-date: /root/Project/ros_ur_dashboard2mqtt/install/ur_dshbd_msgs/share/ur_dshbd_msgs/cmake/ur_dshbd_msgs__rosidl_typesupport_cExport.cmake
[0.518s] -- Up-to-date: /root/Project/ros_ur_dashboard2mqtt/install/ur_dshbd_msgs/share/ur_dshbd_msgs/cmake/ur_dshbd_msgs__rosidl_typesupport_cExport-noconfig.cmake
[0.518s] -- Up-to-date: /root/Project/ros_ur_dashboard2mqtt/install/ur_dshbd_msgs/share/ur_dshbd_msgs/cmake/export_ur_dshbd_msgs__rosidl_generator_cppExport.cmake
[0.518s] -- Up-to-date: /root/Project/ros_ur_dashboard2mqtt/install/ur_dshbd_msgs/share/ur_dshbd_msgs/cmake/export_ur_dshbd_msgs__rosidl_typesupport_fastrtps_cppExport.cmake
[0.518s] -- Up-to-date: /root/Project/ros_ur_dashboard2mqtt/install/ur_dshbd_msgs/share/ur_dshbd_msgs/cmake/export_ur_dshbd_msgs__rosidl_typesupport_fastrtps_cppExport-noconfig.cmake
[0.518s] -- Up-to-date: /root/Project/ros_ur_dashboard2mqtt/install/ur_dshbd_msgs/share/ur_dshbd_msgs/cmake/ur_dshbd_msgs__rosidl_typesupport_introspection_cppExport.cmake
[0.518s] -- Up-to-date: /root/Project/ros_ur_dashboard2mqtt/install/ur_dshbd_msgs/share/ur_dshbd_msgs/cmake/ur_dshbd_msgs__rosidl_typesupport_introspection_cppExport-noconfig.cmake
[0.519s] -- Up-to-date: /root/Project/ros_ur_dashboard2mqtt/install/ur_dshbd_msgs/share/ur_dshbd_msgs/cmake/ur_dshbd_msgs__rosidl_typesupport_cppExport.cmake
[0.519s] -- Up-to-date: /root/Project/ros_ur_dashboard2mqtt/install/ur_dshbd_msgs/share/ur_dshbd_msgs/cmake/ur_dshbd_msgs__rosidl_typesupport_cppExport-noconfig.cmake
[0.519s] -- Up-to-date: /root/Project/ros_ur_dashboard2mqtt/install/ur_dshbd_msgs/share/ur_dshbd_msgs/cmake/export_ur_dshbd_msgs__rosidl_generator_pyExport.cmake
[0.519s] -- Up-to-date: /root/Project/ros_ur_dashboard2mqtt/install/ur_dshbd_msgs/share/ur_dshbd_msgs/cmake/export_ur_dshbd_msgs__rosidl_generator_pyExport-noconfig.cmake
[0.522s] Invoked command in '/root/Project/ros_ur_dashboard2mqtt/build/ur_dshbd_msgs' returned '0': CMAKE_PREFIX_PATH=${CMAKE_PREFIX_PATH}:/root/Project/ros_ur_dashboard2mqtt/install/ur_dshbd_command:/opt/ros/humble /usr/bin/cmake --install /root/Project/ros_ur_dashboard2mqtt/build/ur_dshbd_msgs
