[0.127s] DEBUG:colcon:Command line arguments: ['/usr/bin/colcon', 'build', '--symlink-install']
[0.127s] DEBUG:colcon:Parsed command line arguments: Namespace(log_base=None, log_level=None, verb_name='build', build_base='build', install_base='install', merge_install=False, symlink_install=True, test_result_base=None, continue_on_error=False, executor='parallel', parallel_workers=6, event_handlers=None, ignore_user_meta=False, metas=['./colcon.meta'], base_paths=['.'], packages_ignore=None, packages_ignore_regex=None, paths=None, packages_up_to=None, packages_up_to_regex=None, packages_above=None, packages_above_and_dependencies=None, packages_above_depth=None, packages_select_by_dep=None, packages_skip_by_dep=None, packages_skip_up_to=None, packages_select_build_failed=False, packages_skip_build_finished=False, packages_select_test_failures=False, packages_skip_test_passed=False, packages_select=None, packages_skip=None, packages_select_regex=None, packages_skip_regex=None, packages_start=None, packages_end=None, allow_overriding=[], cmake_args=None, cmake_target=None, cmake_target_skip_unavailable=False, cmake_clean_cache=False, cmake_clean_first=False, cmake_force_configure=False, ament_cmake_args=None, catkin_cmake_args=None, catkin_skip_building_tests=False, mixin_files=None, mixin=None, verb_parser=<colcon_mixin.mixin.mixin_argument.MixinArgumentDecorator object at 0x7fb7451425f0>, verb_extension=<colcon_core.verb.build.BuildVerb object at 0x7fb745236b90>, main=<bound method BuildVerb.main of <colcon_core.verb.build.BuildVerb object at 0x7fb745236b90>>, mixin_verb=('build',))
[0.333s] Level 1:colcon.colcon_core.package_discovery:discover_packages(colcon_meta) check parameters
[0.333s] Level 1:colcon.colcon_core.package_discovery:discover_packages(recursive) check parameters
[0.333s] Level 1:colcon.colcon_core.package_discovery:discover_packages(ignore) check parameters
[0.333s] Level 1:colcon.colcon_core.package_discovery:discover_packages(path) check parameters
[0.333s] Level 1:colcon.colcon_core.package_discovery:discover_packages(colcon_meta) discover
[0.333s] Level 1:colcon.colcon_core.package_discovery:discover_packages(recursive) discover
[0.333s] INFO:colcon.colcon_core.package_discovery:Crawling recursively for packages in '/root/Project/ros_ur_dashboard2mqtt'
[0.333s] Level 1:colcon.colcon_core.package_identification:_identify(.) by extensions ['ignore', 'ignore_ament_install']
[0.333s] Level 1:colcon.colcon_core.package_identification:_identify(.) by extension 'ignore'
[0.333s] Level 1:colcon.colcon_core.package_identification:_identify(.) by extension 'ignore_ament_install'
[0.333s] Level 1:colcon.colcon_core.package_identification:_identify(.) by extensions ['colcon_pkg']
[0.333s] Level 1:colcon.colcon_core.package_identification:_identify(.) by extension 'colcon_pkg'
[0.333s] Level 1:colcon.colcon_core.package_identification:_identify(.) by extensions ['colcon_meta']
[0.333s] Level 1:colcon.colcon_core.package_identification:_identify(.) by extension 'colcon_meta'
[0.334s] Level 1:colcon.colcon_core.package_identification:_identify(.) by extensions ['ros']
[0.334s] Level 1:colcon.colcon_core.package_identification:_identify(.) by extension 'ros'
[0.343s] Level 1:colcon.colcon_core.package_identification:_identify(.) by extensions ['cmake', 'python']
[0.343s] Level 1:colcon.colcon_core.package_identification:_identify(.) by extension 'cmake'
[0.343s] Level 1:colcon.colcon_core.package_identification:_identify(.) by extension 'python'
[0.343s] Level 1:colcon.colcon_core.package_identification:_identify(.) by extensions ['python_setup_py']
[0.343s] Level 1:colcon.colcon_core.package_identification:_identify(.) by extension 'python_setup_py'
[0.343s] Level 1:colcon.colcon_core.package_identification:_identify(build) by extensions ['ignore', 'ignore_ament_install']
[0.343s] Level 1:colcon.colcon_core.package_identification:_identify(build) by extension 'ignore'
[0.344s] Level 1:colcon.colcon_core.package_identification:_identify(build) ignored
[0.344s] Level 1:colcon.colcon_core.package_identification:_identify(install) by extensions ['ignore', 'ignore_ament_install']
[0.344s] Level 1:colcon.colcon_core.package_identification:_identify(install) by extension 'ignore'
[0.344s] Level 1:colcon.colcon_core.package_identification:_identify(install) ignored
[0.344s] Level 1:colcon.colcon_core.package_identification:_identify(log) by extensions ['ignore', 'ignore_ament_install']
[0.344s] Level 1:colcon.colcon_core.package_identification:_identify(log) by extension 'ignore'
[0.344s] Level 1:colcon.colcon_core.package_identification:_identify(log) ignored
[0.344s] Level 1:colcon.colcon_core.package_identification:_identify(src) by extensions ['ignore', 'ignore_ament_install']
[0.344s] Level 1:colcon.colcon_core.package_identification:_identify(src) by extension 'ignore'
[0.344s] Level 1:colcon.colcon_core.package_identification:_identify(src) by extension 'ignore_ament_install'
[0.344s] Level 1:colcon.colcon_core.package_identification:_identify(src) by extensions ['colcon_pkg']
[0.344s] Level 1:colcon.colcon_core.package_identification:_identify(src) by extension 'colcon_pkg'
[0.344s] Level 1:colcon.colcon_core.package_identification:_identify(src) by extensions ['colcon_meta']
[0.344s] Level 1:colcon.colcon_core.package_identification:_identify(src) by extension 'colcon_meta'
[0.345s] Level 1:colcon.colcon_core.package_identification:_identify(src) by extensions ['ros']
[0.345s] Level 1:colcon.colcon_core.package_identification:_identify(src) by extension 'ros'
[0.345s] Level 1:colcon.colcon_core.package_identification:_identify(src) by extensions ['cmake', 'python']
[0.345s] Level 1:colcon.colcon_core.package_identification:_identify(src) by extension 'cmake'
[0.345s] Level 1:colcon.colcon_core.package_identification:_identify(src) by extension 'python'
[0.345s] Level 1:colcon.colcon_core.package_identification:_identify(src) by extensions ['python_setup_py']
[0.345s] Level 1:colcon.colcon_core.package_identification:_identify(src) by extension 'python_setup_py'
[0.345s] Level 1:colcon.colcon_core.package_identification:_identify(src/ur_dshbd_command) by extensions ['ignore', 'ignore_ament_install']
[0.345s] Level 1:colcon.colcon_core.package_identification:_identify(src/ur_dshbd_command) by extension 'ignore'
[0.345s] Level 1:colcon.colcon_core.package_identification:_identify(src/ur_dshbd_command) by extension 'ignore_ament_install'
[0.345s] Level 1:colcon.colcon_core.package_identification:_identify(src/ur_dshbd_command) by extensions ['colcon_pkg']
[0.345s] Level 1:colcon.colcon_core.package_identification:_identify(src/ur_dshbd_command) by extension 'colcon_pkg'
[0.345s] Level 1:colcon.colcon_core.package_identification:_identify(src/ur_dshbd_command) by extensions ['colcon_meta']
[0.345s] Level 1:colcon.colcon_core.package_identification:_identify(src/ur_dshbd_command) by extension 'colcon_meta'
[0.345s] Level 1:colcon.colcon_core.package_identification:_identify(src/ur_dshbd_command) by extensions ['ros']
[0.345s] Level 1:colcon.colcon_core.package_identification:_identify(src/ur_dshbd_command) by extension 'ros'
[0.347s] DEBUG:colcon.colcon_core.package_identification:Package 'src/ur_dshbd_command' with type 'ros.ament_python' and name 'ur_dshbd_command'
[0.347s] Level 1:colcon.colcon_core.package_identification:_identify(src/ur_dshbd_msgs) by extensions ['ignore', 'ignore_ament_install']
[0.348s] Level 1:colcon.colcon_core.package_identification:_identify(src/ur_dshbd_msgs) by extension 'ignore'
[0.348s] Level 1:colcon.colcon_core.package_identification:_identify(src/ur_dshbd_msgs) by extension 'ignore_ament_install'
[0.348s] Level 1:colcon.colcon_core.package_identification:_identify(src/ur_dshbd_msgs) by extensions ['colcon_pkg']
[0.348s] Level 1:colcon.colcon_core.package_identification:_identify(src/ur_dshbd_msgs) by extension 'colcon_pkg'
[0.348s] Level 1:colcon.colcon_core.package_identification:_identify(src/ur_dshbd_msgs) by extensions ['colcon_meta']
[0.348s] Level 1:colcon.colcon_core.package_identification:_identify(src/ur_dshbd_msgs) by extension 'colcon_meta'
[0.348s] Level 1:colcon.colcon_core.package_identification:_identify(src/ur_dshbd_msgs) by extensions ['ros']
[0.348s] Level 1:colcon.colcon_core.package_identification:_identify(src/ur_dshbd_msgs) by extension 'ros'
[0.349s] DEBUG:colcon.colcon_core.package_identification:Package 'src/ur_dshbd_msgs' with type 'ros.ament_cmake' and name 'ur_dshbd_msgs'
[0.349s] Level 1:colcon.colcon_core.package_discovery:discover_packages(recursive) using defaults
[0.349s] Level 1:colcon.colcon_core.package_discovery:discover_packages(ignore) discover
[0.349s] Level 1:colcon.colcon_core.package_discovery:discover_packages(ignore) using defaults
[0.349s] Level 1:colcon.colcon_core.package_discovery:discover_packages(path) discover
[0.349s] Level 1:colcon.colcon_core.package_discovery:discover_packages(path) using defaults
[0.367s] Level 1:colcon.colcon_core.package_discovery:discover_packages(prefix_path) check parameters
[0.367s] Level 1:colcon.colcon_core.package_discovery:discover_packages(prefix_path) discover
[0.369s] DEBUG:colcon.colcon_installed_package_information.package_discovery:Found 2 installed packages in /root/Project/ros_ur_dashboard2mqtt/install
[0.370s] DEBUG:colcon.colcon_installed_package_information.package_discovery:Found 382 installed packages in /opt/ros/humble
[0.372s] Level 1:colcon.colcon_core.package_discovery:discover_packages(prefix_path) using defaults
[0.428s] Level 5:colcon.colcon_core.verb:set package 'ur_dshbd_msgs' build argument 'cmake_args' from command line to 'None'
[0.428s] Level 5:colcon.colcon_core.verb:set package 'ur_dshbd_msgs' build argument 'cmake_target' from command line to 'None'
[0.428s] Level 5:colcon.colcon_core.verb:set package 'ur_dshbd_msgs' build argument 'cmake_target_skip_unavailable' from command line to 'False'
[0.428s] Level 5:colcon.colcon_core.verb:set package 'ur_dshbd_msgs' build argument 'cmake_clean_cache' from command line to 'False'
[0.428s] Level 5:colcon.colcon_core.verb:set package 'ur_dshbd_msgs' build argument 'cmake_clean_first' from command line to 'False'
[0.428s] Level 5:colcon.colcon_core.verb:set package 'ur_dshbd_msgs' build argument 'cmake_force_configure' from command line to 'False'
[0.428s] Level 5:colcon.colcon_core.verb:set package 'ur_dshbd_msgs' build argument 'ament_cmake_args' from command line to 'None'
[0.428s] Level 5:colcon.colcon_core.verb:set package 'ur_dshbd_msgs' build argument 'catkin_cmake_args' from command line to 'None'
[0.428s] Level 5:colcon.colcon_core.verb:set package 'ur_dshbd_msgs' build argument 'catkin_skip_building_tests' from command line to 'False'
[0.428s] DEBUG:colcon.colcon_core.verb:Building package 'ur_dshbd_msgs' with the following arguments: {'ament_cmake_args': None, 'build_base': '/root/Project/ros_ur_dashboard2mqtt/build/ur_dshbd_msgs', 'catkin_cmake_args': None, 'catkin_skip_building_tests': False, 'cmake_args': None, 'cmake_clean_cache': False, 'cmake_clean_first': False, 'cmake_force_configure': False, 'cmake_target': None, 'cmake_target_skip_unavailable': False, 'install_base': '/root/Project/ros_ur_dashboard2mqtt/install/ur_dshbd_msgs', 'merge_install': False, 'path': '/root/Project/ros_ur_dashboard2mqtt/src/ur_dshbd_msgs', 'symlink_install': True, 'test_result_base': None}
[0.428s] Level 5:colcon.colcon_core.verb:set package 'ur_dshbd_command' build argument 'cmake_args' from command line to 'None'
[0.428s] Level 5:colcon.colcon_core.verb:set package 'ur_dshbd_command' build argument 'cmake_target' from command line to 'None'
[0.428s] Level 5:colcon.colcon_core.verb:set package 'ur_dshbd_command' build argument 'cmake_target_skip_unavailable' from command line to 'False'
[0.428s] Level 5:colcon.colcon_core.verb:set package 'ur_dshbd_command' build argument 'cmake_clean_cache' from command line to 'False'
[0.428s] Level 5:colcon.colcon_core.verb:set package 'ur_dshbd_command' build argument 'cmake_clean_first' from command line to 'False'
[0.428s] Level 5:colcon.colcon_core.verb:set package 'ur_dshbd_command' build argument 'cmake_force_configure' from command line to 'False'
[0.428s] Level 5:colcon.colcon_core.verb:set package 'ur_dshbd_command' build argument 'ament_cmake_args' from command line to 'None'
[0.428s] Level 5:colcon.colcon_core.verb:set package 'ur_dshbd_command' build argument 'catkin_cmake_args' from command line to 'None'
[0.428s] Level 5:colcon.colcon_core.verb:set package 'ur_dshbd_command' build argument 'catkin_skip_building_tests' from command line to 'False'
[0.429s] DEBUG:colcon.colcon_core.verb:Building package 'ur_dshbd_command' with the following arguments: {'ament_cmake_args': None, 'build_base': '/root/Project/ros_ur_dashboard2mqtt/build/ur_dshbd_command', 'catkin_cmake_args': None, 'catkin_skip_building_tests': False, 'cmake_args': None, 'cmake_clean_cache': False, 'cmake_clean_first': False, 'cmake_force_configure': False, 'cmake_target': None, 'cmake_target_skip_unavailable': False, 'install_base': '/root/Project/ros_ur_dashboard2mqtt/install/ur_dshbd_command', 'merge_install': False, 'path': '/root/Project/ros_ur_dashboard2mqtt/src/ur_dshbd_command', 'symlink_install': True, 'test_result_base': None}
[0.429s] INFO:colcon.colcon_core.executor:Executing jobs using 'parallel' executor
[0.430s] DEBUG:colcon.colcon_parallel_executor.executor.parallel:run_until_complete
[0.430s] INFO:colcon.colcon_ros.task.ament_cmake.build:Building ROS package in '/root/Project/ros_ur_dashboard2mqtt/src/ur_dshbd_msgs' with build type 'ament_cmake'
[0.430s] INFO:colcon.colcon_cmake.task.cmake.build:Building CMake package in '/root/Project/ros_ur_dashboard2mqtt/src/ur_dshbd_msgs'
[0.432s] INFO:colcon.colcon_core.plugin_system:Skipping extension 'colcon_core.shell.bat': Not used on non-Windows systems
[0.432s] INFO:colcon.colcon_core.shell:Skip shell extension 'powershell' for command environment: Not usable outside of PowerShell
[0.432s] DEBUG:colcon.colcon_core.shell:Skip shell extension 'dsv' for command environment
[0.443s] DEBUG:colcon.colcon_core.event_handler.log_command:Invoking command in '/root/Project/ros_ur_dashboard2mqtt/build/ur_dshbd_msgs': CMAKE_PREFIX_PATH=${CMAKE_PREFIX_PATH}:/root/Project/ros_ur_dashboard2mqtt/install/ur_dshbd_command:/opt/ros/humble /usr/bin/cmake --build /root/Project/ros_ur_dashboard2mqtt/build/ur_dshbd_msgs -- -j6 -l6
[0.798s] DEBUG:colcon.colcon_core.event_handler.log_command:Invoked command in '/root/Project/ros_ur_dashboard2mqtt/build/ur_dshbd_msgs' returned '0': CMAKE_PREFIX_PATH=${CMAKE_PREFIX_PATH}:/root/Project/ros_ur_dashboard2mqtt/install/ur_dshbd_command:/opt/ros/humble /usr/bin/cmake --build /root/Project/ros_ur_dashboard2mqtt/build/ur_dshbd_msgs -- -j6 -l6
[0.881s] DEBUG:colcon.colcon_core.event_handler.log_command:Invoking command in '/root/Project/ros_ur_dashboard2mqtt/build/ur_dshbd_msgs': CMAKE_PREFIX_PATH=${CMAKE_PREFIX_PATH}:/root/Project/ros_ur_dashboard2mqtt/install/ur_dshbd_command:/opt/ros/humble /usr/bin/cmake --install /root/Project/ros_ur_dashboard2mqtt/build/ur_dshbd_msgs
[0.951s] Level 1:colcon.colcon_core.environment:create_environment_scripts_only(ur_dshbd_msgs)
[0.953s] DEBUG:colcon.colcon_core.event_handler.log_command:Invoked command in '/root/Project/ros_ur_dashboard2mqtt/build/ur_dshbd_msgs' returned '0': CMAKE_PREFIX_PATH=${CMAKE_PREFIX_PATH}:/root/Project/ros_ur_dashboard2mqtt/install/ur_dshbd_command:/opt/ros/humble /usr/bin/cmake --install /root/Project/ros_ur_dashboard2mqtt/build/ur_dshbd_msgs
[0.954s] Level 1:colcon.colcon_core.environment:checking '/root/Project/ros_ur_dashboard2mqtt/install/ur_dshbd_msgs' for CMake module files
[0.954s] Level 1:colcon.colcon_core.environment:checking '/root/Project/ros_ur_dashboard2mqtt/install/ur_dshbd_msgs' for CMake config files
[0.955s] Level 1:colcon.colcon_core.shell:create_environment_hook('ur_dshbd_msgs', 'cmake_prefix_path')
[0.955s] INFO:colcon.colcon_core.shell:Creating environment hook '/root/Project/ros_ur_dashboard2mqtt/install/ur_dshbd_msgs/share/ur_dshbd_msgs/hook/cmake_prefix_path.ps1'
[0.955s] INFO:colcon.colcon_core.shell:Creating environment descriptor '/root/Project/ros_ur_dashboard2mqtt/install/ur_dshbd_msgs/share/ur_dshbd_msgs/hook/cmake_prefix_path.dsv'
[0.956s] INFO:colcon.colcon_core.shell:Creating environment hook '/root/Project/ros_ur_dashboard2mqtt/install/ur_dshbd_msgs/share/ur_dshbd_msgs/hook/cmake_prefix_path.sh'
[0.957s] Level 1:colcon.colcon_core.environment:checking '/root/Project/ros_ur_dashboard2mqtt/install/ur_dshbd_msgs/lib'
[0.957s] Level 1:colcon.colcon_core.shell:create_environment_hook('ur_dshbd_msgs', 'ld_library_path_lib')
[0.957s] INFO:colcon.colcon_core.shell:Creating environment hook '/root/Project/ros_ur_dashboard2mqtt/install/ur_dshbd_msgs/share/ur_dshbd_msgs/hook/ld_library_path_lib.ps1'
[0.957s] INFO:colcon.colcon_core.shell:Creating environment descriptor '/root/Project/ros_ur_dashboard2mqtt/install/ur_dshbd_msgs/share/ur_dshbd_msgs/hook/ld_library_path_lib.dsv'
[0.958s] INFO:colcon.colcon_core.shell:Creating environment hook '/root/Project/ros_ur_dashboard2mqtt/install/ur_dshbd_msgs/share/ur_dshbd_msgs/hook/ld_library_path_lib.sh'
[0.958s] Level 1:colcon.colcon_core.environment:checking '/root/Project/ros_ur_dashboard2mqtt/install/ur_dshbd_msgs/bin'
[0.958s] Level 1:colcon.colcon_core.environment:checking '/root/Project/ros_ur_dashboard2mqtt/install/ur_dshbd_msgs/lib/pkgconfig/ur_dshbd_msgs.pc'
[0.958s] Level 1:colcon.colcon_core.environment:checking '/root/Project/ros_ur_dashboard2mqtt/install/ur_dshbd_msgs/lib/python3.10/site-packages'
[0.959s] Level 1:colcon.colcon_core.environment:checking '/root/Project/ros_ur_dashboard2mqtt/install/ur_dshbd_msgs/bin'
[0.959s] INFO:colcon.colcon_core.shell:Creating package script '/root/Project/ros_ur_dashboard2mqtt/install/ur_dshbd_msgs/share/ur_dshbd_msgs/package.ps1'
[0.960s] INFO:colcon.colcon_core.shell:Creating package descriptor '/root/Project/ros_ur_dashboard2mqtt/install/ur_dshbd_msgs/share/ur_dshbd_msgs/package.dsv'
[0.961s] INFO:colcon.colcon_core.shell:Creating package script '/root/Project/ros_ur_dashboard2mqtt/install/ur_dshbd_msgs/share/ur_dshbd_msgs/package.sh'
[0.961s] INFO:colcon.colcon_core.shell:Creating package script '/root/Project/ros_ur_dashboard2mqtt/install/ur_dshbd_msgs/share/ur_dshbd_msgs/package.bash'
[0.962s] INFO:colcon.colcon_core.shell:Creating package script '/root/Project/ros_ur_dashboard2mqtt/install/ur_dshbd_msgs/share/ur_dshbd_msgs/package.zsh'
[0.964s] Level 1:colcon.colcon_core.environment:create_file_with_runtime_dependencies(/root/Project/ros_ur_dashboard2mqtt/install/ur_dshbd_msgs/share/colcon-core/packages/ur_dshbd_msgs)
[1.039s] Level 1:colcon.colcon_core.environment:create_environment_scripts_only(ur_dshbd_msgs)
[1.039s] Level 1:colcon.colcon_core.environment:checking '/root/Project/ros_ur_dashboard2mqtt/install/ur_dshbd_msgs' for CMake module files
[1.040s] Level 1:colcon.colcon_core.environment:checking '/root/Project/ros_ur_dashboard2mqtt/install/ur_dshbd_msgs' for CMake config files
[1.040s] Level 1:colcon.colcon_core.shell:create_environment_hook('ur_dshbd_msgs', 'cmake_prefix_path')
[1.041s] INFO:colcon.colcon_core.shell:Creating environment hook '/root/Project/ros_ur_dashboard2mqtt/install/ur_dshbd_msgs/share/ur_dshbd_msgs/hook/cmake_prefix_path.ps1'
[1.041s] INFO:colcon.colcon_core.shell:Creating environment descriptor '/root/Project/ros_ur_dashboard2mqtt/install/ur_dshbd_msgs/share/ur_dshbd_msgs/hook/cmake_prefix_path.dsv'
[1.041s] INFO:colcon.colcon_core.shell:Creating environment hook '/root/Project/ros_ur_dashboard2mqtt/install/ur_dshbd_msgs/share/ur_dshbd_msgs/hook/cmake_prefix_path.sh'
[1.042s] Level 1:colcon.colcon_core.environment:checking '/root/Project/ros_ur_dashboard2mqtt/install/ur_dshbd_msgs/lib'
[1.042s] Level 1:colcon.colcon_core.shell:create_environment_hook('ur_dshbd_msgs', 'ld_library_path_lib')
[1.042s] INFO:colcon.colcon_core.shell:Creating environment hook '/root/Project/ros_ur_dashboard2mqtt/install/ur_dshbd_msgs/share/ur_dshbd_msgs/hook/ld_library_path_lib.ps1'
[1.043s] INFO:colcon.colcon_core.shell:Creating environment descriptor '/root/Project/ros_ur_dashboard2mqtt/install/ur_dshbd_msgs/share/ur_dshbd_msgs/hook/ld_library_path_lib.dsv'
[1.043s] INFO:colcon.colcon_core.shell:Creating environment hook '/root/Project/ros_ur_dashboard2mqtt/install/ur_dshbd_msgs/share/ur_dshbd_msgs/hook/ld_library_path_lib.sh'
[1.043s] Level 1:colcon.colcon_core.environment:checking '/root/Project/ros_ur_dashboard2mqtt/install/ur_dshbd_msgs/bin'
[1.043s] Level 1:colcon.colcon_core.environment:checking '/root/Project/ros_ur_dashboard2mqtt/install/ur_dshbd_msgs/lib/pkgconfig/ur_dshbd_msgs.pc'
[1.044s] Level 1:colcon.colcon_core.environment:checking '/root/Project/ros_ur_dashboard2mqtt/install/ur_dshbd_msgs/lib/python3.10/site-packages'
[1.044s] Level 1:colcon.colcon_core.environment:checking '/root/Project/ros_ur_dashboard2mqtt/install/ur_dshbd_msgs/bin'
[1.044s] INFO:colcon.colcon_core.shell:Creating package script '/root/Project/ros_ur_dashboard2mqtt/install/ur_dshbd_msgs/share/ur_dshbd_msgs/package.ps1'
[1.045s] INFO:colcon.colcon_core.shell:Creating package descriptor '/root/Project/ros_ur_dashboard2mqtt/install/ur_dshbd_msgs/share/ur_dshbd_msgs/package.dsv'
[1.045s] INFO:colcon.colcon_core.shell:Creating package script '/root/Project/ros_ur_dashboard2mqtt/install/ur_dshbd_msgs/share/ur_dshbd_msgs/package.sh'
[1.045s] INFO:colcon.colcon_core.shell:Creating package script '/root/Project/ros_ur_dashboard2mqtt/install/ur_dshbd_msgs/share/ur_dshbd_msgs/package.bash'
[1.046s] INFO:colcon.colcon_core.shell:Creating package script '/root/Project/ros_ur_dashboard2mqtt/install/ur_dshbd_msgs/share/ur_dshbd_msgs/package.zsh'
[1.046s] Level 1:colcon.colcon_core.environment:create_file_with_runtime_dependencies(/root/Project/ros_ur_dashboard2mqtt/install/ur_dshbd_msgs/share/colcon-core/packages/ur_dshbd_msgs)
[1.047s] INFO:colcon.colcon_ros.task.ament_python.build:Building ROS package in '/root/Project/ros_ur_dashboard2mqtt/src/ur_dshbd_command' with build type 'ament_python'
[1.047s] Level 1:colcon.colcon_core.shell:create_environment_hook('ur_dshbd_command', 'ament_prefix_path')
[1.048s] INFO:colcon.colcon_core.shell:Creating environment hook '/root/Project/ros_ur_dashboard2mqtt/install/ur_dshbd_command/share/ur_dshbd_command/hook/ament_prefix_path.ps1'
[1.049s] INFO:colcon.colcon_core.shell:Creating environment descriptor '/root/Project/ros_ur_dashboard2mqtt/install/ur_dshbd_command/share/ur_dshbd_command/hook/ament_prefix_path.dsv'
[1.049s] INFO:colcon.colcon_core.shell:Creating environment hook '/root/Project/ros_ur_dashboard2mqtt/install/ur_dshbd_command/share/ur_dshbd_command/hook/ament_prefix_path.sh'
[1.050s] INFO:colcon.colcon_core.shell:Skip shell extension 'powershell' for command environment: Not usable outside of PowerShell
[1.050s] DEBUG:colcon.colcon_core.shell:Skip shell extension 'dsv' for command environment
[1.390s] INFO:colcon.colcon_core.task.python.build:Building Python package in '/root/Project/ros_ur_dashboard2mqtt/src/ur_dshbd_command'
[1.390s] INFO:colcon.colcon_core.shell:Skip shell extension 'powershell' for command environment: Not usable outside of PowerShell
[1.390s] DEBUG:colcon.colcon_core.shell:Skip shell extension 'dsv' for command environment
[1.807s] DEBUG:colcon.colcon_core.event_handler.log_command:Invoking command in '/root/Project/ros_ur_dashboard2mqtt/build/ur_dshbd_command': PYTHONPATH=/root/Project/ros_ur_dashboard2mqtt/build/ur_dshbd_command/prefix_override:/usr/lib/python3/dist-packages/colcon_core/task/python/colcon_distutils_commands:/root/Project/ros_ur_dashboard2mqtt/install/ur_dshbd_command/lib/python3.10/site-packages:${PYTHONPATH} /usr/bin/python3 -W ignore:setup.py install is deprecated setup.py develop --editable --build-directory /root/Project/ros_ur_dashboard2mqtt/build/ur_dshbd_command/build --no-deps symlink_data
[2.332s] Level 1:colcon.colcon_core.shell:create_environment_hook('ur_dshbd_command', 'pythonpath_develop')
[2.333s] INFO:colcon.colcon_core.shell:Creating environment hook '/root/Project/ros_ur_dashboard2mqtt/build/ur_dshbd_command/share/ur_dshbd_command/hook/pythonpath_develop.ps1'
[2.333s] DEBUG:colcon.colcon_core.event_handler.log_command:Invoked command in '/root/Project/ros_ur_dashboard2mqtt/build/ur_dshbd_command' returned '0': PYTHONPATH=/root/Project/ros_ur_dashboard2mqtt/build/ur_dshbd_command/prefix_override:/usr/lib/python3/dist-packages/colcon_core/task/python/colcon_distutils_commands:/root/Project/ros_ur_dashboard2mqtt/install/ur_dshbd_command/lib/python3.10/site-packages:${PYTHONPATH} /usr/bin/python3 -W ignore:setup.py install is deprecated setup.py develop --editable --build-directory /root/Project/ros_ur_dashboard2mqtt/build/ur_dshbd_command/build --no-deps symlink_data
[2.334s] INFO:colcon.colcon_core.shell:Creating environment descriptor '/root/Project/ros_ur_dashboard2mqtt/build/ur_dshbd_command/share/ur_dshbd_command/hook/pythonpath_develop.dsv'
[2.334s] INFO:colcon.colcon_core.shell:Creating environment hook '/root/Project/ros_ur_dashboard2mqtt/build/ur_dshbd_command/share/ur_dshbd_command/hook/pythonpath_develop.sh'
[2.335s] Level 1:colcon.colcon_core.environment:checking '/root/Project/ros_ur_dashboard2mqtt/install/ur_dshbd_command' for CMake module files
[2.335s] Level 1:colcon.colcon_core.environment:checking '/root/Project/ros_ur_dashboard2mqtt/install/ur_dshbd_command' for CMake config files
[2.335s] Level 1:colcon.colcon_core.environment:checking '/root/Project/ros_ur_dashboard2mqtt/install/ur_dshbd_command/lib'
[2.335s] Level 1:colcon.colcon_core.environment:checking '/root/Project/ros_ur_dashboard2mqtt/install/ur_dshbd_command/bin'
[2.336s] Level 1:colcon.colcon_core.environment:checking '/root/Project/ros_ur_dashboard2mqtt/install/ur_dshbd_command/lib/pkgconfig/ur_dshbd_command.pc'
[2.336s] Level 1:colcon.colcon_core.environment:checking '/root/Project/ros_ur_dashboard2mqtt/install/ur_dshbd_command/lib/python3.10/site-packages'
[2.336s] Level 1:colcon.colcon_core.shell:create_environment_hook('ur_dshbd_command', 'pythonpath')
[2.336s] INFO:colcon.colcon_core.shell:Creating environment hook '/root/Project/ros_ur_dashboard2mqtt/install/ur_dshbd_command/share/ur_dshbd_command/hook/pythonpath.ps1'
[2.337s] INFO:colcon.colcon_core.shell:Creating environment descriptor '/root/Project/ros_ur_dashboard2mqtt/install/ur_dshbd_command/share/ur_dshbd_command/hook/pythonpath.dsv'
[2.337s] INFO:colcon.colcon_core.shell:Creating environment hook '/root/Project/ros_ur_dashboard2mqtt/install/ur_dshbd_command/share/ur_dshbd_command/hook/pythonpath.sh'
[2.338s] Level 1:colcon.colcon_core.environment:checking '/root/Project/ros_ur_dashboard2mqtt/install/ur_dshbd_command/bin'
[2.338s] Level 1:colcon.colcon_core.environment:create_environment_scripts_only(ur_dshbd_command)
[2.338s] INFO:colcon.colcon_core.shell:Creating package script '/root/Project/ros_ur_dashboard2mqtt/install/ur_dshbd_command/share/ur_dshbd_command/package.ps1'
[2.339s] INFO:colcon.colcon_core.shell:Creating package descriptor '/root/Project/ros_ur_dashboard2mqtt/install/ur_dshbd_command/share/ur_dshbd_command/package.dsv'
[2.340s] INFO:colcon.colcon_core.shell:Creating package script '/root/Project/ros_ur_dashboard2mqtt/install/ur_dshbd_command/share/ur_dshbd_command/package.sh'
[2.340s] INFO:colcon.colcon_core.shell:Creating package script '/root/Project/ros_ur_dashboard2mqtt/install/ur_dshbd_command/share/ur_dshbd_command/package.bash'
[2.341s] INFO:colcon.colcon_core.shell:Creating package script '/root/Project/ros_ur_dashboard2mqtt/install/ur_dshbd_command/share/ur_dshbd_command/package.zsh'
[2.341s] Level 1:colcon.colcon_core.environment:create_file_with_runtime_dependencies(/root/Project/ros_ur_dashboard2mqtt/install/ur_dshbd_command/share/colcon-core/packages/ur_dshbd_command)
[2.342s] DEBUG:colcon.colcon_parallel_executor.executor.parallel:closing loop
[2.342s] DEBUG:colcon.colcon_parallel_executor.executor.parallel:loop closed
[2.343s] DEBUG:colcon.colcon_parallel_executor.executor.parallel:run_until_complete finished with '0'
[2.343s] DEBUG:colcon.colcon_core.event_reactor:joining thread
[2.348s] INFO:colcon.colcon_core.plugin_system:Skipping extension 'colcon_notification.desktop_notification.notify_send': Could not find 'notify-send'
[2.348s] INFO:colcon.colcon_core.plugin_system:Skipping extension 'colcon_notification.desktop_notification.terminal_notifier': Not used on non-Darwin systems
[2.348s] INFO:colcon.colcon_core.plugin_system:Skipping extension 'colcon_notification.desktop_notification.win32': Not used on non-Windows systems
[2.348s] INFO:colcon.colcon_notification.desktop_notification:Sending desktop notification using 'notify2'
[2.349s] DEBUG:colcon.colcon_notification.desktop_notification.notify2:Failed to initialize notify2: org.freedesktop.DBus.Error.ServiceUnknown: The name org.freedesktop.Notifications was not provided by any .service files
[2.349s] DEBUG:colcon.colcon_core.event_reactor:joined thread
[2.350s] INFO:colcon.colcon_core.shell:Creating prefix script '/root/Project/ros_ur_dashboard2mqtt/install/local_setup.ps1'
[2.350s] INFO:colcon.colcon_core.shell:Creating prefix util module '/root/Project/ros_ur_dashboard2mqtt/install/_local_setup_util_ps1.py'
[2.351s] INFO:colcon.colcon_core.shell:Creating prefix chain script '/root/Project/ros_ur_dashboard2mqtt/install/setup.ps1'
[2.352s] INFO:colcon.colcon_core.shell:Creating prefix script '/root/Project/ros_ur_dashboard2mqtt/install/local_setup.sh'
[2.353s] INFO:colcon.colcon_core.shell:Creating prefix util module '/root/Project/ros_ur_dashboard2mqtt/install/_local_setup_util_sh.py'
[2.353s] INFO:colcon.colcon_core.shell:Creating prefix chain script '/root/Project/ros_ur_dashboard2mqtt/install/setup.sh'
[2.355s] INFO:colcon.colcon_core.shell:Creating prefix script '/root/Project/ros_ur_dashboard2mqtt/install/local_setup.bash'
[2.355s] INFO:colcon.colcon_core.shell:Creating prefix chain script '/root/Project/ros_ur_dashboard2mqtt/install/setup.bash'
[2.356s] INFO:colcon.colcon_core.shell:Creating prefix script '/root/Project/ros_ur_dashboard2mqtt/install/local_setup.zsh'
[2.356s] INFO:colcon.colcon_core.shell:Creating prefix chain script '/root/Project/ros_ur_dashboard2mqtt/install/setup.zsh'
