[  2%] Built target ur_dshbd_msgs__cpp
[ 12%] Built target ur_dshbd_msgs__rosidl_generator_c
[ 12%] Built target ament_cmake_python_symlink_ur_dshbd_msgs
[ 43%] Built target ur_dshbd_msgs__rosidl_typesupport_introspection_cpp
[ 43%] Built target ur_dshbd_msgs__rosidl_typesupport_introspection_c
[ 43%] Built target ur_dshbd_msgs__rosidl_typesupport_fastrtps_cpp
[ 53%] Built target ur_dshbd_msgs__rosidl_typesupport_cpp
[ 64%] Built target ur_dshbd_msgs__rosidl_typesupport_fastrtps_c
[ 74%] Built target ur_dshbd_msgs__rosidl_typesupport_c
[ 74%] Built target ur_dshbd_msgs
[ 76%] Built target ur_dshbd_msgs__py
[ 84%] Built target ur_dshbd_msgs__rosidl_generator_py
[ 89%] Built target ur_dshbd_msgs__rosidl_typesupport_introspection_c__pyext
[ 94%] Built target ur_dshbd_msgs__rosidl_typesupport_fastrtps_c__pyext
[100%] Built target ur_dshbd_msgs__rosidl_typesupport_c__pyext
running egg_info
writing ur_dshbd_msgs.egg-info/PKG-INFO
writing dependency_links to ur_dshbd_msgs.egg-info/dependency_links.txt
writing top-level names to ur_dshbd_msgs.egg-info/top_level.txt
reading manifest file 'ur_dshbd_msgs.egg-info/SOURCES.txt'
writing manifest file 'ur_dshbd_msgs.egg-info/SOURCES.txt'
[100%] Built target ament_cmake_python_build_ur_dshbd_msgs_egg
-- Install configuration: ""
-- Execute custom install script
-- Up-to-date symlink: /root/Project/ros_ur_dashboard2mqtt/install/ur_dshbd_msgs/share/ament_index/resource_index/rosidl_interfaces/ur_dshbd_msgs
-- Up-to-date symlink: /root/Project/ros_ur_dashboard2mqtt/install/ur_dshbd_msgs/include/ur_dshbd_msgs/ur_dshbd_msgs/msg/command.h
-- Up-to-date symlink: /root/Project/ros_ur_dashboard2mqtt/install/ur_dshbd_msgs/include/ur_dshbd_msgs/ur_dshbd_msgs/msg/detail/command__functions.h
-- Up-to-date symlink: /root/Project/ros_ur_dashboard2mqtt/install/ur_dshbd_msgs/include/ur_dshbd_msgs/ur_dshbd_msgs/msg/detail/command__struct.h
-- Up-to-date symlink: /root/Project/ros_ur_dashboard2mqtt/install/ur_dshbd_msgs/include/ur_dshbd_msgs/ur_dshbd_msgs/msg/detail/command__type_support.h
-- Up-to-date symlink: /root/Project/ros_ur_dashboard2mqtt/install/ur_dshbd_msgs/include/ur_dshbd_msgs/ur_dshbd_msgs/msg/detail/result__functions.h
-- Up-to-date symlink: /root/Project/ros_ur_dashboard2mqtt/install/ur_dshbd_msgs/include/ur_dshbd_msgs/ur_dshbd_msgs/msg/detail/result__struct.h
-- Up-to-date symlink: /root/Project/ros_ur_dashboard2mqtt/install/ur_dshbd_msgs/include/ur_dshbd_msgs/ur_dshbd_msgs/msg/detail/result__type_support.h
-- Up-to-date symlink: /root/Project/ros_ur_dashboard2mqtt/install/ur_dshbd_msgs/include/ur_dshbd_msgs/ur_dshbd_msgs/msg/result.h
-- Up-to-date symlink: /root/Project/ros_ur_dashboard2mqtt/install/ur_dshbd_msgs/include/ur_dshbd_msgs/ur_dshbd_msgs/msg/rosidl_generator_c__visibility_control.h
-- Up-to-date symlink: /root/Project/ros_ur_dashboard2mqtt/install/ur_dshbd_msgs/share/ur_dshbd_msgs/environment/library_path.sh
-- Up-to-date symlink: /root/Project/ros_ur_dashboard2mqtt/install/ur_dshbd_msgs/share/ur_dshbd_msgs/environment/library_path.dsv
-- Up-to-date symlink: /root/Project/ros_ur_dashboard2mqtt/install/ur_dshbd_msgs/include/ur_dshbd_msgs/ur_dshbd_msgs/msg/detail/command__rosidl_typesupport_fastrtps_c.h
-- Up-to-date symlink: /root/Project/ros_ur_dashboard2mqtt/install/ur_dshbd_msgs/include/ur_dshbd_msgs/ur_dshbd_msgs/msg/detail/result__rosidl_typesupport_fastrtps_c.h
-- Up-to-date symlink: /root/Project/ros_ur_dashboard2mqtt/install/ur_dshbd_msgs/include/ur_dshbd_msgs/ur_dshbd_msgs/msg/rosidl_typesupport_fastrtps_c__visibility_control.h
-- Up-to-date symlink: /root/Project/ros_ur_dashboard2mqtt/install/ur_dshbd_msgs/include/ur_dshbd_msgs/ur_dshbd_msgs/msg/detail/command__rosidl_typesupport_introspection_c.h
-- Up-to-date symlink: /root/Project/ros_ur_dashboard2mqtt/install/ur_dshbd_msgs/include/ur_dshbd_msgs/ur_dshbd_msgs/msg/detail/result__rosidl_typesupport_introspection_c.h
-- Up-to-date symlink: /root/Project/ros_ur_dashboard2mqtt/install/ur_dshbd_msgs/include/ur_dshbd_msgs/ur_dshbd_msgs/msg/rosidl_typesupport_introspection_c__visibility_control.h
-- Up-to-date symlink: /root/Project/ros_ur_dashboard2mqtt/install/ur_dshbd_msgs/include/ur_dshbd_msgs/ur_dshbd_msgs/msg/command.hpp
-- Up-to-date symlink: /root/Project/ros_ur_dashboard2mqtt/install/ur_dshbd_msgs/include/ur_dshbd_msgs/ur_dshbd_msgs/msg/detail/command__builder.hpp
-- Up-to-date symlink: /root/Project/ros_ur_dashboard2mqtt/install/ur_dshbd_msgs/include/ur_dshbd_msgs/ur_dshbd_msgs/msg/detail/command__struct.hpp
-- Up-to-date symlink: /root/Project/ros_ur_dashboard2mqtt/install/ur_dshbd_msgs/include/ur_dshbd_msgs/ur_dshbd_msgs/msg/detail/command__traits.hpp
-- Up-to-date symlink: /root/Project/ros_ur_dashboard2mqtt/install/ur_dshbd_msgs/include/ur_dshbd_msgs/ur_dshbd_msgs/msg/detail/result__builder.hpp
-- Up-to-date symlink: /root/Project/ros_ur_dashboard2mqtt/install/ur_dshbd_msgs/include/ur_dshbd_msgs/ur_dshbd_msgs/msg/detail/result__struct.hpp
-- Up-to-date symlink: /root/Project/ros_ur_dashboard2mqtt/install/ur_dshbd_msgs/include/ur_dshbd_msgs/ur_dshbd_msgs/msg/detail/result__traits.hpp
-- Up-to-date symlink: /root/Project/ros_ur_dashboard2mqtt/install/ur_dshbd_msgs/include/ur_dshbd_msgs/ur_dshbd_msgs/msg/result.hpp
-- Up-to-date symlink: /root/Project/ros_ur_dashboard2mqtt/install/ur_dshbd_msgs/include/ur_dshbd_msgs/ur_dshbd_msgs/msg/detail/command__rosidl_typesupport_fastrtps_cpp.hpp
-- Up-to-date symlink: /root/Project/ros_ur_dashboard2mqtt/install/ur_dshbd_msgs/include/ur_dshbd_msgs/ur_dshbd_msgs/msg/detail/result__rosidl_typesupport_fastrtps_cpp.hpp
-- Up-to-date symlink: /root/Project/ros_ur_dashboard2mqtt/install/ur_dshbd_msgs/include/ur_dshbd_msgs/ur_dshbd_msgs/msg/rosidl_typesupport_fastrtps_cpp__visibility_control.h
-- Up-to-date symlink: /root/Project/ros_ur_dashboard2mqtt/install/ur_dshbd_msgs/include/ur_dshbd_msgs/ur_dshbd_msgs/msg/detail/command__rosidl_typesupport_introspection_cpp.hpp
-- Up-to-date symlink: /root/Project/ros_ur_dashboard2mqtt/install/ur_dshbd_msgs/include/ur_dshbd_msgs/ur_dshbd_msgs/msg/detail/result__rosidl_typesupport_introspection_cpp.hpp
-- Up-to-date symlink: /root/Project/ros_ur_dashboard2mqtt/install/ur_dshbd_msgs/share/ur_dshbd_msgs/environment/pythonpath.sh
-- Up-to-date symlink: /root/Project/ros_ur_dashboard2mqtt/install/ur_dshbd_msgs/share/ur_dshbd_msgs/environment/pythonpath.dsv
-- Up-to-date symlink: /root/Project/ros_ur_dashboard2mqtt/install/ur_dshbd_msgs/local/lib/python3.10/dist-packages/ur_dshbd_msgs-0.0.0-py3.10.egg-info/PKG-INFO
-- Up-to-date symlink: /root/Project/ros_ur_dashboard2mqtt/install/ur_dshbd_msgs/local/lib/python3.10/dist-packages/ur_dshbd_msgs-0.0.0-py3.10.egg-info/SOURCES.txt
-- Up-to-date symlink: /root/Project/ros_ur_dashboard2mqtt/install/ur_dshbd_msgs/local/lib/python3.10/dist-packages/ur_dshbd_msgs-0.0.0-py3.10.egg-info/dependency_links.txt
-- Up-to-date symlink: /root/Project/ros_ur_dashboard2mqtt/install/ur_dshbd_msgs/local/lib/python3.10/dist-packages/ur_dshbd_msgs-0.0.0-py3.10.egg-info/top_level.txt
-- Up-to-date symlink: /root/Project/ros_ur_dashboard2mqtt/install/ur_dshbd_msgs/local/lib/python3.10/dist-packages/ur_dshbd_msgs/__init__.py
-- Up-to-date symlink: /root/Project/ros_ur_dashboard2mqtt/install/ur_dshbd_msgs/local/lib/python3.10/dist-packages/ur_dshbd_msgs/_ur_dshbd_msgs_s.ep.rosidl_typesupport_c.c
-- Up-to-date symlink: /root/Project/ros_ur_dashboard2mqtt/install/ur_dshbd_msgs/local/lib/python3.10/dist-packages/ur_dshbd_msgs/_ur_dshbd_msgs_s.ep.rosidl_typesupport_fastrtps_c.c
-- Up-to-date symlink: /root/Project/ros_ur_dashboard2mqtt/install/ur_dshbd_msgs/local/lib/python3.10/dist-packages/ur_dshbd_msgs/_ur_dshbd_msgs_s.ep.rosidl_typesupport_introspection_c.c
-- Up-to-date symlink: /root/Project/ros_ur_dashboard2mqtt/install/ur_dshbd_msgs/local/lib/python3.10/dist-packages/ur_dshbd_msgs/libur_dshbd_msgs__rosidl_generator_py.so
-- Up-to-date symlink: /root/Project/ros_ur_dashboard2mqtt/install/ur_dshbd_msgs/local/lib/python3.10/dist-packages/ur_dshbd_msgs/msg/__init__.py
-- Up-to-date symlink: /root/Project/ros_ur_dashboard2mqtt/install/ur_dshbd_msgs/local/lib/python3.10/dist-packages/ur_dshbd_msgs/msg/_command.py
-- Up-to-date symlink: /root/Project/ros_ur_dashboard2mqtt/install/ur_dshbd_msgs/local/lib/python3.10/dist-packages/ur_dshbd_msgs/msg/_command_s.c
-- Up-to-date symlink: /root/Project/ros_ur_dashboard2mqtt/install/ur_dshbd_msgs/local/lib/python3.10/dist-packages/ur_dshbd_msgs/msg/_result.py
-- Up-to-date symlink: /root/Project/ros_ur_dashboard2mqtt/install/ur_dshbd_msgs/local/lib/python3.10/dist-packages/ur_dshbd_msgs/msg/_result_s.c
-- Up-to-date symlink: /root/Project/ros_ur_dashboard2mqtt/install/ur_dshbd_msgs/local/lib/python3.10/dist-packages/ur_dshbd_msgs/ur_dshbd_msgs_s__rosidl_typesupport_c.cpython-310-x86_64-linux-gnu.so
-- Up-to-date symlink: /root/Project/ros_ur_dashboard2mqtt/install/ur_dshbd_msgs/local/lib/python3.10/dist-packages/ur_dshbd_msgs/ur_dshbd_msgs_s__rosidl_typesupport_fastrtps_c.cpython-310-x86_64-linux-gnu.so
-- Up-to-date symlink: /root/Project/ros_ur_dashboard2mqtt/install/ur_dshbd_msgs/local/lib/python3.10/dist-packages/ur_dshbd_msgs/ur_dshbd_msgs_s__rosidl_typesupport_introspection_c.cpython-310-x86_64-linux-gnu.so
-- Up-to-date symlink: /root/Project/ros_ur_dashboard2mqtt/install/ur_dshbd_msgs/local/lib/python3.10/dist-packages/ur_dshbd_msgs/ur_dshbd_msgs_s__rosidl_typesupport_fastrtps_c.cpython-310-x86_64-linux-gnu.so
-- Up-to-date symlink: /root/Project/ros_ur_dashboard2mqtt/install/ur_dshbd_msgs/local/lib/python3.10/dist-packages/ur_dshbd_msgs/ur_dshbd_msgs_s__rosidl_typesupport_introspection_c.cpython-310-x86_64-linux-gnu.so
-- Up-to-date symlink: /root/Project/ros_ur_dashboard2mqtt/install/ur_dshbd_msgs/local/lib/python3.10/dist-packages/ur_dshbd_msgs/ur_dshbd_msgs_s__rosidl_typesupport_c.cpython-310-x86_64-linux-gnu.so
-- Up-to-date symlink: /root/Project/ros_ur_dashboard2mqtt/install/ur_dshbd_msgs/share/ur_dshbd_msgs/msg/Command.idl
-- Up-to-date symlink: /root/Project/ros_ur_dashboard2mqtt/install/ur_dshbd_msgs/share/ur_dshbd_msgs/msg/Result.idl
-- Up-to-date symlink: /root/Project/ros_ur_dashboard2mqtt/install/ur_dshbd_msgs/share/ur_dshbd_msgs/msg/Command.msg
-- Up-to-date symlink: /root/Project/ros_ur_dashboard2mqtt/install/ur_dshbd_msgs/share/ur_dshbd_msgs/msg/Result.msg
-- Up-to-date symlink: /root/Project/ros_ur_dashboard2mqtt/install/ur_dshbd_msgs/share/ament_index/resource_index/package_run_dependencies/ur_dshbd_msgs
-- Up-to-date symlink: /root/Project/ros_ur_dashboard2mqtt/install/ur_dshbd_msgs/share/ament_index/resource_index/parent_prefix_path/ur_dshbd_msgs
-- Up-to-date symlink: /root/Project/ros_ur_dashboard2mqtt/install/ur_dshbd_msgs/share/ur_dshbd_msgs/environment/ament_prefix_path.sh
-- Up-to-date symlink: /root/Project/ros_ur_dashboard2mqtt/install/ur_dshbd_msgs/share/ur_dshbd_msgs/environment/ament_prefix_path.dsv
-- Up-to-date symlink: /root/Project/ros_ur_dashboard2mqtt/install/ur_dshbd_msgs/share/ur_dshbd_msgs/environment/path.sh
-- Up-to-date symlink: /root/Project/ros_ur_dashboard2mqtt/install/ur_dshbd_msgs/share/ur_dshbd_msgs/environment/path.dsv
-- Up-to-date symlink: /root/Project/ros_ur_dashboard2mqtt/install/ur_dshbd_msgs/share/ur_dshbd_msgs/local_setup.bash
-- Up-to-date symlink: /root/Project/ros_ur_dashboard2mqtt/install/ur_dshbd_msgs/share/ur_dshbd_msgs/local_setup.sh
-- Up-to-date symlink: /root/Project/ros_ur_dashboard2mqtt/install/ur_dshbd_msgs/share/ur_dshbd_msgs/local_setup.zsh
-- Up-to-date symlink: /root/Project/ros_ur_dashboard2mqtt/install/ur_dshbd_msgs/share/ur_dshbd_msgs/local_setup.dsv
-- Symlinking: /root/Project/ros_ur_dashboard2mqtt/install/ur_dshbd_msgs/share/ur_dshbd_msgs/package.dsv
-- Up-to-date symlink: /root/Project/ros_ur_dashboard2mqtt/install/ur_dshbd_msgs/share/ament_index/resource_index/packages/ur_dshbd_msgs
-- Up-to-date symlink: /root/Project/ros_ur_dashboard2mqtt/install/ur_dshbd_msgs/share/ur_dshbd_msgs/cmake/rosidl_cmake-extras.cmake
-- Up-to-date symlink: /root/Project/ros_ur_dashboard2mqtt/install/ur_dshbd_msgs/share/ur_dshbd_msgs/cmake/ament_cmake_export_include_directories-extras.cmake
-- Up-to-date symlink: /root/Project/ros_ur_dashboard2mqtt/install/ur_dshbd_msgs/share/ur_dshbd_msgs/cmake/ament_cmake_export_libraries-extras.cmake
-- Up-to-date symlink: /root/Project/ros_ur_dashboard2mqtt/install/ur_dshbd_msgs/share/ur_dshbd_msgs/cmake/ament_cmake_export_targets-extras.cmake
-- Up-to-date symlink: /root/Project/ros_ur_dashboard2mqtt/install/ur_dshbd_msgs/share/ur_dshbd_msgs/cmake/rosidl_cmake_export_typesupport_targets-extras.cmake
-- Up-to-date symlink: /root/Project/ros_ur_dashboard2mqtt/install/ur_dshbd_msgs/share/ur_dshbd_msgs/cmake/ament_cmake_export_dependencies-extras.cmake
-- Up-to-date symlink: /root/Project/ros_ur_dashboard2mqtt/install/ur_dshbd_msgs/share/ur_dshbd_msgs/cmake/rosidl_cmake_export_typesupport_libraries-extras.cmake
-- Up-to-date symlink: /root/Project/ros_ur_dashboard2mqtt/install/ur_dshbd_msgs/share/ur_dshbd_msgs/cmake/ur_dshbd_msgsConfig.cmake
-- Up-to-date symlink: /root/Project/ros_ur_dashboard2mqtt/install/ur_dshbd_msgs/share/ur_dshbd_msgs/cmake/ur_dshbd_msgsConfig-version.cmake
-- Up-to-date symlink: /root/Project/ros_ur_dashboard2mqtt/install/ur_dshbd_msgs/share/ur_dshbd_msgs/package.xml
-- Up-to-date: /root/Project/ros_ur_dashboard2mqtt/install/ur_dshbd_msgs/lib/libur_dshbd_msgs__rosidl_generator_c.so
-- Up-to-date: /root/Project/ros_ur_dashboard2mqtt/install/ur_dshbd_msgs/lib/libur_dshbd_msgs__rosidl_typesupport_fastrtps_c.so
-- Up-to-date: /root/Project/ros_ur_dashboard2mqtt/install/ur_dshbd_msgs/lib/libur_dshbd_msgs__rosidl_typesupport_introspection_c.so
-- Up-to-date: /root/Project/ros_ur_dashboard2mqtt/install/ur_dshbd_msgs/lib/libur_dshbd_msgs__rosidl_typesupport_c.so
-- Up-to-date: /root/Project/ros_ur_dashboard2mqtt/install/ur_dshbd_msgs/lib/libur_dshbd_msgs__rosidl_typesupport_fastrtps_cpp.so
-- Up-to-date: /root/Project/ros_ur_dashboard2mqtt/install/ur_dshbd_msgs/lib/libur_dshbd_msgs__rosidl_typesupport_introspection_cpp.so
-- Up-to-date: /root/Project/ros_ur_dashboard2mqtt/install/ur_dshbd_msgs/lib/libur_dshbd_msgs__rosidl_typesupport_cpp.so
Listing '/root/Project/ros_ur_dashboard2mqtt/install/ur_dshbd_msgs/local/lib/python3.10/dist-packages/ur_dshbd_msgs'...
Listing '/root/Project/ros_ur_dashboard2mqtt/install/ur_dshbd_msgs/local/lib/python3.10/dist-packages/ur_dshbd_msgs/msg'...
-- Up-to-date: /root/Project/ros_ur_dashboard2mqtt/install/ur_dshbd_msgs/lib/libur_dshbd_msgs__rosidl_generator_py.so
-- Up-to-date: /root/Project/ros_ur_dashboard2mqtt/install/ur_dshbd_msgs/share/ur_dshbd_msgs/cmake/export_ur_dshbd_msgs__rosidl_generator_cExport.cmake
-- Up-to-date: /root/Project/ros_ur_dashboard2mqtt/install/ur_dshbd_msgs/share/ur_dshbd_msgs/cmake/export_ur_dshbd_msgs__rosidl_generator_cExport-noconfig.cmake
-- Up-to-date: /root/Project/ros_ur_dashboard2mqtt/install/ur_dshbd_msgs/share/ur_dshbd_msgs/cmake/export_ur_dshbd_msgs__rosidl_typesupport_fastrtps_cExport.cmake
-- Up-to-date: /root/Project/ros_ur_dashboard2mqtt/install/ur_dshbd_msgs/share/ur_dshbd_msgs/cmake/export_ur_dshbd_msgs__rosidl_typesupport_fastrtps_cExport-noconfig.cmake
-- Up-to-date: /root/Project/ros_ur_dashboard2mqtt/install/ur_dshbd_msgs/share/ur_dshbd_msgs/cmake/ur_dshbd_msgs__rosidl_typesupport_introspection_cExport.cmake
-- Up-to-date: /root/Project/ros_ur_dashboard2mqtt/install/ur_dshbd_msgs/share/ur_dshbd_msgs/cmake/ur_dshbd_msgs__rosidl_typesupport_introspection_cExport-noconfig.cmake
-- Up-to-date: /root/Project/ros_ur_dashboard2mqtt/install/ur_dshbd_msgs/share/ur_dshbd_msgs/cmake/ur_dshbd_msgs__rosidl_typesupport_cExport.cmake
-- Up-to-date: /root/Project/ros_ur_dashboard2mqtt/install/ur_dshbd_msgs/share/ur_dshbd_msgs/cmake/ur_dshbd_msgs__rosidl_typesupport_cExport-noconfig.cmake
-- Up-to-date: /root/Project/ros_ur_dashboard2mqtt/install/ur_dshbd_msgs/share/ur_dshbd_msgs/cmake/export_ur_dshbd_msgs__rosidl_generator_cppExport.cmake
-- Up-to-date: /root/Project/ros_ur_dashboard2mqtt/install/ur_dshbd_msgs/share/ur_dshbd_msgs/cmake/export_ur_dshbd_msgs__rosidl_typesupport_fastrtps_cppExport.cmake
-- Up-to-date: /root/Project/ros_ur_dashboard2mqtt/install/ur_dshbd_msgs/share/ur_dshbd_msgs/cmake/export_ur_dshbd_msgs__rosidl_typesupport_fastrtps_cppExport-noconfig.cmake
-- Up-to-date: /root/Project/ros_ur_dashboard2mqtt/install/ur_dshbd_msgs/share/ur_dshbd_msgs/cmake/ur_dshbd_msgs__rosidl_typesupport_introspection_cppExport.cmake
-- Up-to-date: /root/Project/ros_ur_dashboard2mqtt/install/ur_dshbd_msgs/share/ur_dshbd_msgs/cmake/ur_dshbd_msgs__rosidl_typesupport_introspection_cppExport-noconfig.cmake
-- Up-to-date: /root/Project/ros_ur_dashboard2mqtt/install/ur_dshbd_msgs/share/ur_dshbd_msgs/cmake/ur_dshbd_msgs__rosidl_typesupport_cppExport.cmake
-- Up-to-date: /root/Project/ros_ur_dashboard2mqtt/install/ur_dshbd_msgs/share/ur_dshbd_msgs/cmake/ur_dshbd_msgs__rosidl_typesupport_cppExport-noconfig.cmake
-- Up-to-date: /root/Project/ros_ur_dashboard2mqtt/install/ur_dshbd_msgs/share/ur_dshbd_msgs/cmake/export_ur_dshbd_msgs__rosidl_generator_pyExport.cmake
-- Up-to-date: /root/Project/ros_ur_dashboard2mqtt/install/ur_dshbd_msgs/share/ur_dshbd_msgs/cmake/export_ur_dshbd_msgs__rosidl_generator_pyExport-noconfig.cmake
