[0.013s] Invoking command in '/root/Project/ros_ur_dashboard2mqtt/build/ur_dshbd_msgs': CMAKE_PREFIX_PATH=${CMAKE_PREFIX_PATH}:/root/Project/ros_ur_dashboard2mqtt/install/ur_dshbd_command:/opt/ros/humble /usr/bin/cmake --build /root/Project/ros_ur_dashboard2mqtt/build/ur_dshbd_msgs -- -j6 -l6
[0.126s] [  2%] Built target ur_dshbd_msgs__cpp
[0.128s] [ 12%] Built target ur_dshbd_msgs__rosidl_generator_c
[0.136s] [ 12%] Built target ament_cmake_python_symlink_ur_dshbd_msgs
[0.158s] [ 43%] Built target ur_dshbd_msgs__rosidl_typesupport_introspection_cpp
[0.158s] [ 43%] Built target ur_dshbd_msgs__rosidl_typesupport_introspection_c
[0.158s] [ 43%] Built target ur_dshbd_msgs__rosidl_typesupport_fastrtps_cpp
[0.158s] [ 53%] Built target ur_dshbd_msgs__rosidl_typesupport_cpp
[0.165s] [ 64%] Built target ur_dshbd_msgs__rosidl_typesupport_fastrtps_c
[0.167s] [ 74%] Built target ur_dshbd_msgs__rosidl_typesupport_c
[0.185s] [ 74%] Built target ur_dshbd_msgs
[0.204s] [ 76%] Built target ur_dshbd_msgs__py
[0.226s] [ 84%] Built target ur_dshbd_msgs__rosidl_generator_py
[0.248s] [ 89%] Built target ur_dshbd_msgs__rosidl_typesupport_introspection_c__pyext
[0.258s] [ 94%] Built target ur_dshbd_msgs__rosidl_typesupport_fastrtps_c__pyext
[0.260s] [100%] Built target ur_dshbd_msgs__rosidl_typesupport_c__pyext
[0.422s] running egg_info
[0.423s] writing ur_dshbd_msgs.egg-info/PKG-INFO
[0.423s] writing dependency_links to ur_dshbd_msgs.egg-info/dependency_links.txt
[0.423s] writing top-level names to ur_dshbd_msgs.egg-info/top_level.txt
[0.426s] reading manifest file 'ur_dshbd_msgs.egg-info/SOURCES.txt'
[0.427s] writing manifest file 'ur_dshbd_msgs.egg-info/SOURCES.txt'
[0.450s] [100%] Built target ament_cmake_python_build_ur_dshbd_msgs_egg
[0.461s] Invoked command in '/root/Project/ros_ur_dashboard2mqtt/build/ur_dshbd_msgs' returned '0': CMAKE_PREFIX_PATH=${CMAKE_PREFIX_PATH}:/root/Project/ros_ur_dashboard2mqtt/install/ur_dshbd_command:/opt/ros/humble /usr/bin/cmake --build /root/Project/ros_ur_dashboard2mqtt/build/ur_dshbd_msgs -- -j6 -l6
[0.551s] Invoking command in '/root/Project/ros_ur_dashboard2mqtt/build/ur_dshbd_msgs': CMAKE_PREFIX_PATH=${CMAKE_PREFIX_PATH}:/root/Project/ros_ur_dashboard2mqtt/install/ur_dshbd_command:/opt/ros/humble /usr/bin/cmake --install /root/Project/ros_ur_dashboard2mqtt/build/ur_dshbd_msgs
[0.584s] -- Install configuration: ""
[0.586s] -- Execute custom install script
[0.586s] -- Up-to-date symlink: /root/Project/ros_ur_dashboard2mqtt/install/ur_dshbd_msgs/share/ament_index/resource_index/rosidl_interfaces/ur_dshbd_msgs
[0.587s] -- Up-to-date symlink: /root/Project/ros_ur_dashboard2mqtt/install/ur_dshbd_msgs/include/ur_dshbd_msgs/ur_dshbd_msgs/msg/command.h
[0.588s] -- Up-to-date symlink: /root/Project/ros_ur_dashboard2mqtt/install/ur_dshbd_msgs/include/ur_dshbd_msgs/ur_dshbd_msgs/msg/detail/command__functions.h
[0.588s] -- Up-to-date symlink: /root/Project/ros_ur_dashboard2mqtt/install/ur_dshbd_msgs/include/ur_dshbd_msgs/ur_dshbd_msgs/msg/detail/command__struct.h
[0.588s] -- Up-to-date symlink: /root/Project/ros_ur_dashboard2mqtt/install/ur_dshbd_msgs/include/ur_dshbd_msgs/ur_dshbd_msgs/msg/detail/command__type_support.h
[0.588s] -- Up-to-date symlink: /root/Project/ros_ur_dashboard2mqtt/install/ur_dshbd_msgs/include/ur_dshbd_msgs/ur_dshbd_msgs/msg/detail/result__functions.h
[0.588s] -- Up-to-date symlink: /root/Project/ros_ur_dashboard2mqtt/install/ur_dshbd_msgs/include/ur_dshbd_msgs/ur_dshbd_msgs/msg/detail/result__struct.h
[0.588s] -- Up-to-date symlink: /root/Project/ros_ur_dashboard2mqtt/install/ur_dshbd_msgs/include/ur_dshbd_msgs/ur_dshbd_msgs/msg/detail/result__type_support.h
[0.589s] -- Up-to-date symlink: /root/Project/ros_ur_dashboard2mqtt/install/ur_dshbd_msgs/include/ur_dshbd_msgs/ur_dshbd_msgs/msg/result.h
[0.589s] -- Up-to-date symlink: /root/Project/ros_ur_dashboard2mqtt/install/ur_dshbd_msgs/include/ur_dshbd_msgs/ur_dshbd_msgs/msg/rosidl_generator_c__visibility_control.h
[0.589s] -- Up-to-date symlink: /root/Project/ros_ur_dashboard2mqtt/install/ur_dshbd_msgs/share/ur_dshbd_msgs/environment/library_path.sh
[0.589s] -- Up-to-date symlink: /root/Project/ros_ur_dashboard2mqtt/install/ur_dshbd_msgs/share/ur_dshbd_msgs/environment/library_path.dsv
[0.589s] -- Up-to-date symlink: /root/Project/ros_ur_dashboard2mqtt/install/ur_dshbd_msgs/include/ur_dshbd_msgs/ur_dshbd_msgs/msg/detail/command__rosidl_typesupport_fastrtps_c.h
[0.590s] -- Up-to-date symlink: /root/Project/ros_ur_dashboard2mqtt/install/ur_dshbd_msgs/include/ur_dshbd_msgs/ur_dshbd_msgs/msg/detail/result__rosidl_typesupport_fastrtps_c.h
[0.590s] -- Up-to-date symlink: /root/Project/ros_ur_dashboard2mqtt/install/ur_dshbd_msgs/include/ur_dshbd_msgs/ur_dshbd_msgs/msg/rosidl_typesupport_fastrtps_c__visibility_control.h
[0.590s] -- Up-to-date symlink: /root/Project/ros_ur_dashboard2mqtt/install/ur_dshbd_msgs/include/ur_dshbd_msgs/ur_dshbd_msgs/msg/detail/command__rosidl_typesupport_introspection_c.h
[0.590s] -- Up-to-date symlink: /root/Project/ros_ur_dashboard2mqtt/install/ur_dshbd_msgs/include/ur_dshbd_msgs/ur_dshbd_msgs/msg/detail/result__rosidl_typesupport_introspection_c.h
[0.591s] -- Up-to-date symlink: /root/Project/ros_ur_dashboard2mqtt/install/ur_dshbd_msgs/include/ur_dshbd_msgs/ur_dshbd_msgs/msg/rosidl_typesupport_introspection_c__visibility_control.h
[0.591s] -- Up-to-date symlink: /root/Project/ros_ur_dashboard2mqtt/install/ur_dshbd_msgs/include/ur_dshbd_msgs/ur_dshbd_msgs/msg/command.hpp
[0.591s] -- Up-to-date symlink: /root/Project/ros_ur_dashboard2mqtt/install/ur_dshbd_msgs/include/ur_dshbd_msgs/ur_dshbd_msgs/msg/detail/command__builder.hpp
[0.591s] -- Up-to-date symlink: /root/Project/ros_ur_dashboard2mqtt/install/ur_dshbd_msgs/include/ur_dshbd_msgs/ur_dshbd_msgs/msg/detail/command__struct.hpp
[0.591s] -- Up-to-date symlink: /root/Project/ros_ur_dashboard2mqtt/install/ur_dshbd_msgs/include/ur_dshbd_msgs/ur_dshbd_msgs/msg/detail/command__traits.hpp
[0.591s] -- Up-to-date symlink: /root/Project/ros_ur_dashboard2mqtt/install/ur_dshbd_msgs/include/ur_dshbd_msgs/ur_dshbd_msgs/msg/detail/result__builder.hpp
[0.592s] -- Up-to-date symlink: /root/Project/ros_ur_dashboard2mqtt/install/ur_dshbd_msgs/include/ur_dshbd_msgs/ur_dshbd_msgs/msg/detail/result__struct.hpp
[0.592s] -- Up-to-date symlink: /root/Project/ros_ur_dashboard2mqtt/install/ur_dshbd_msgs/include/ur_dshbd_msgs/ur_dshbd_msgs/msg/detail/result__traits.hpp
[0.592s] -- Up-to-date symlink: /root/Project/ros_ur_dashboard2mqtt/install/ur_dshbd_msgs/include/ur_dshbd_msgs/ur_dshbd_msgs/msg/result.hpp
[0.592s] -- Up-to-date symlink: /root/Project/ros_ur_dashboard2mqtt/install/ur_dshbd_msgs/include/ur_dshbd_msgs/ur_dshbd_msgs/msg/detail/command__rosidl_typesupport_fastrtps_cpp.hpp
[0.592s] -- Up-to-date symlink: /root/Project/ros_ur_dashboard2mqtt/install/ur_dshbd_msgs/include/ur_dshbd_msgs/ur_dshbd_msgs/msg/detail/result__rosidl_typesupport_fastrtps_cpp.hpp
[0.593s] -- Up-to-date symlink: /root/Project/ros_ur_dashboard2mqtt/install/ur_dshbd_msgs/include/ur_dshbd_msgs/ur_dshbd_msgs/msg/rosidl_typesupport_fastrtps_cpp__visibility_control.h
[0.593s] -- Up-to-date symlink: /root/Project/ros_ur_dashboard2mqtt/install/ur_dshbd_msgs/include/ur_dshbd_msgs/ur_dshbd_msgs/msg/detail/command__rosidl_typesupport_introspection_cpp.hpp
[0.593s] -- Up-to-date symlink: /root/Project/ros_ur_dashboard2mqtt/install/ur_dshbd_msgs/include/ur_dshbd_msgs/ur_dshbd_msgs/msg/detail/result__rosidl_typesupport_introspection_cpp.hpp
[0.593s] -- Up-to-date symlink: /root/Project/ros_ur_dashboard2mqtt/install/ur_dshbd_msgs/share/ur_dshbd_msgs/environment/pythonpath.sh
[0.593s] -- Up-to-date symlink: /root/Project/ros_ur_dashboard2mqtt/install/ur_dshbd_msgs/share/ur_dshbd_msgs/environment/pythonpath.dsv
[0.594s] -- Up-to-date symlink: /root/Project/ros_ur_dashboard2mqtt/install/ur_dshbd_msgs/local/lib/python3.10/dist-packages/ur_dshbd_msgs-0.0.0-py3.10.egg-info/PKG-INFO
[0.594s] -- Up-to-date symlink: /root/Project/ros_ur_dashboard2mqtt/install/ur_dshbd_msgs/local/lib/python3.10/dist-packages/ur_dshbd_msgs-0.0.0-py3.10.egg-info/SOURCES.txt
[0.594s] -- Up-to-date symlink: /root/Project/ros_ur_dashboard2mqtt/install/ur_dshbd_msgs/local/lib/python3.10/dist-packages/ur_dshbd_msgs-0.0.0-py3.10.egg-info/dependency_links.txt
[0.594s] -- Up-to-date symlink: /root/Project/ros_ur_dashboard2mqtt/install/ur_dshbd_msgs/local/lib/python3.10/dist-packages/ur_dshbd_msgs-0.0.0-py3.10.egg-info/top_level.txt
[0.594s] -- Up-to-date symlink: /root/Project/ros_ur_dashboard2mqtt/install/ur_dshbd_msgs/local/lib/python3.10/dist-packages/ur_dshbd_msgs/__init__.py
[0.594s] -- Up-to-date symlink: /root/Project/ros_ur_dashboard2mqtt/install/ur_dshbd_msgs/local/lib/python3.10/dist-packages/ur_dshbd_msgs/_ur_dshbd_msgs_s.ep.rosidl_typesupport_c.c
[0.595s] -- Up-to-date symlink: /root/Project/ros_ur_dashboard2mqtt/install/ur_dshbd_msgs/local/lib/python3.10/dist-packages/ur_dshbd_msgs/_ur_dshbd_msgs_s.ep.rosidl_typesupport_fastrtps_c.c
[0.595s] -- Up-to-date symlink: /root/Project/ros_ur_dashboard2mqtt/install/ur_dshbd_msgs/local/lib/python3.10/dist-packages/ur_dshbd_msgs/_ur_dshbd_msgs_s.ep.rosidl_typesupport_introspection_c.c
[0.595s] -- Up-to-date symlink: /root/Project/ros_ur_dashboard2mqtt/install/ur_dshbd_msgs/local/lib/python3.10/dist-packages/ur_dshbd_msgs/libur_dshbd_msgs__rosidl_generator_py.so
[0.604s] -- Up-to-date symlink: /root/Project/ros_ur_dashboard2mqtt/install/ur_dshbd_msgs/local/lib/python3.10/dist-packages/ur_dshbd_msgs/msg/__init__.py
[0.604s] -- Up-to-date symlink: /root/Project/ros_ur_dashboard2mqtt/install/ur_dshbd_msgs/local/lib/python3.10/dist-packages/ur_dshbd_msgs/msg/_command.py
[0.605s] -- Up-to-date symlink: /root/Project/ros_ur_dashboard2mqtt/install/ur_dshbd_msgs/local/lib/python3.10/dist-packages/ur_dshbd_msgs/msg/_command_s.c
[0.605s] -- Up-to-date symlink: /root/Project/ros_ur_dashboard2mqtt/install/ur_dshbd_msgs/local/lib/python3.10/dist-packages/ur_dshbd_msgs/msg/_result.py
[0.605s] -- Up-to-date symlink: /root/Project/ros_ur_dashboard2mqtt/install/ur_dshbd_msgs/local/lib/python3.10/dist-packages/ur_dshbd_msgs/msg/_result_s.c
[0.606s] -- Up-to-date symlink: /root/Project/ros_ur_dashboard2mqtt/install/ur_dshbd_msgs/local/lib/python3.10/dist-packages/ur_dshbd_msgs/ur_dshbd_msgs_s__rosidl_typesupport_c.cpython-310-x86_64-linux-gnu.so
[0.606s] -- Up-to-date symlink: /root/Project/ros_ur_dashboard2mqtt/install/ur_dshbd_msgs/local/lib/python3.10/dist-packages/ur_dshbd_msgs/ur_dshbd_msgs_s__rosidl_typesupport_fastrtps_c.cpython-310-x86_64-linux-gnu.so
[0.606s] -- Up-to-date symlink: /root/Project/ros_ur_dashboard2mqtt/install/ur_dshbd_msgs/local/lib/python3.10/dist-packages/ur_dshbd_msgs/ur_dshbd_msgs_s__rosidl_typesupport_introspection_c.cpython-310-x86_64-linux-gnu.so
[0.606s] -- Up-to-date symlink: /root/Project/ros_ur_dashboard2mqtt/install/ur_dshbd_msgs/local/lib/python3.10/dist-packages/ur_dshbd_msgs/ur_dshbd_msgs_s__rosidl_typesupport_fastrtps_c.cpython-310-x86_64-linux-gnu.so
[0.607s] -- Up-to-date symlink: /root/Project/ros_ur_dashboard2mqtt/install/ur_dshbd_msgs/local/lib/python3.10/dist-packages/ur_dshbd_msgs/ur_dshbd_msgs_s__rosidl_typesupport_introspection_c.cpython-310-x86_64-linux-gnu.so
[0.607s] -- Up-to-date symlink: /root/Project/ros_ur_dashboard2mqtt/install/ur_dshbd_msgs/local/lib/python3.10/dist-packages/ur_dshbd_msgs/ur_dshbd_msgs_s__rosidl_typesupport_c.cpython-310-x86_64-linux-gnu.so
[0.608s] -- Up-to-date symlink: /root/Project/ros_ur_dashboard2mqtt/install/ur_dshbd_msgs/share/ur_dshbd_msgs/msg/Command.idl
[0.608s] -- Up-to-date symlink: /root/Project/ros_ur_dashboard2mqtt/install/ur_dshbd_msgs/share/ur_dshbd_msgs/msg/Result.idl
[0.608s] -- Up-to-date symlink: /root/Project/ros_ur_dashboard2mqtt/install/ur_dshbd_msgs/share/ur_dshbd_msgs/msg/Command.msg
[0.608s] -- Up-to-date symlink: /root/Project/ros_ur_dashboard2mqtt/install/ur_dshbd_msgs/share/ur_dshbd_msgs/msg/Result.msg
[0.609s] -- Up-to-date symlink: /root/Project/ros_ur_dashboard2mqtt/install/ur_dshbd_msgs/share/ament_index/resource_index/package_run_dependencies/ur_dshbd_msgs
[0.609s] -- Up-to-date symlink: /root/Project/ros_ur_dashboard2mqtt/install/ur_dshbd_msgs/share/ament_index/resource_index/parent_prefix_path/ur_dshbd_msgs
[0.609s] -- Up-to-date symlink: /root/Project/ros_ur_dashboard2mqtt/install/ur_dshbd_msgs/share/ur_dshbd_msgs/environment/ament_prefix_path.sh
[0.609s] -- Up-to-date symlink: /root/Project/ros_ur_dashboard2mqtt/install/ur_dshbd_msgs/share/ur_dshbd_msgs/environment/ament_prefix_path.dsv
[0.609s] -- Up-to-date symlink: /root/Project/ros_ur_dashboard2mqtt/install/ur_dshbd_msgs/share/ur_dshbd_msgs/environment/path.sh
[0.609s] -- Up-to-date symlink: /root/Project/ros_ur_dashboard2mqtt/install/ur_dshbd_msgs/share/ur_dshbd_msgs/environment/path.dsv
[0.610s] -- Up-to-date symlink: /root/Project/ros_ur_dashboard2mqtt/install/ur_dshbd_msgs/share/ur_dshbd_msgs/local_setup.bash
[0.610s] -- Up-to-date symlink: /root/Project/ros_ur_dashboard2mqtt/install/ur_dshbd_msgs/share/ur_dshbd_msgs/local_setup.sh
[0.610s] -- Up-to-date symlink: /root/Project/ros_ur_dashboard2mqtt/install/ur_dshbd_msgs/share/ur_dshbd_msgs/local_setup.zsh
[0.610s] -- Up-to-date symlink: /root/Project/ros_ur_dashboard2mqtt/install/ur_dshbd_msgs/share/ur_dshbd_msgs/local_setup.dsv
[0.610s] -- Symlinking: /root/Project/ros_ur_dashboard2mqtt/install/ur_dshbd_msgs/share/ur_dshbd_msgs/package.dsv
[0.619s] -- Up-to-date symlink: /root/Project/ros_ur_dashboard2mqtt/install/ur_dshbd_msgs/share/ament_index/resource_index/packages/ur_dshbd_msgs
[0.619s] -- Up-to-date symlink: /root/Project/ros_ur_dashboard2mqtt/install/ur_dshbd_msgs/share/ur_dshbd_msgs/cmake/rosidl_cmake-extras.cmake
[0.620s] -- Up-to-date symlink: /root/Project/ros_ur_dashboard2mqtt/install/ur_dshbd_msgs/share/ur_dshbd_msgs/cmake/ament_cmake_export_include_directories-extras.cmake
[0.620s] -- Up-to-date symlink: /root/Project/ros_ur_dashboard2mqtt/install/ur_dshbd_msgs/share/ur_dshbd_msgs/cmake/ament_cmake_export_libraries-extras.cmake
[0.620s] -- Up-to-date symlink: /root/Project/ros_ur_dashboard2mqtt/install/ur_dshbd_msgs/share/ur_dshbd_msgs/cmake/ament_cmake_export_targets-extras.cmake
[0.620s] -- Up-to-date symlink: /root/Project/ros_ur_dashboard2mqtt/install/ur_dshbd_msgs/share/ur_dshbd_msgs/cmake/rosidl_cmake_export_typesupport_targets-extras.cmake
[0.620s] -- Up-to-date symlink: /root/Project/ros_ur_dashboard2mqtt/install/ur_dshbd_msgs/share/ur_dshbd_msgs/cmake/ament_cmake_export_dependencies-extras.cmake
[0.620s] -- Up-to-date symlink: /root/Project/ros_ur_dashboard2mqtt/install/ur_dshbd_msgs/share/ur_dshbd_msgs/cmake/rosidl_cmake_export_typesupport_libraries-extras.cmake
[0.620s] -- Up-to-date symlink: /root/Project/ros_ur_dashboard2mqtt/install/ur_dshbd_msgs/share/ur_dshbd_msgs/cmake/ur_dshbd_msgsConfig.cmake
[0.620s] -- Up-to-date symlink: /root/Project/ros_ur_dashboard2mqtt/install/ur_dshbd_msgs/share/ur_dshbd_msgs/cmake/ur_dshbd_msgsConfig-version.cmake
[0.620s] -- Up-to-date symlink: /root/Project/ros_ur_dashboard2mqtt/install/ur_dshbd_msgs/share/ur_dshbd_msgs/package.xml
[0.621s] -- Up-to-date: /root/Project/ros_ur_dashboard2mqtt/install/ur_dshbd_msgs/lib/libur_dshbd_msgs__rosidl_generator_c.so
[0.622s] -- Up-to-date: /root/Project/ros_ur_dashboard2mqtt/install/ur_dshbd_msgs/lib/libur_dshbd_msgs__rosidl_typesupport_fastrtps_c.so
[0.623s] -- Up-to-date: /root/Project/ros_ur_dashboard2mqtt/install/ur_dshbd_msgs/lib/libur_dshbd_msgs__rosidl_typesupport_introspection_c.so
[0.624s] -- Up-to-date: /root/Project/ros_ur_dashboard2mqtt/install/ur_dshbd_msgs/lib/libur_dshbd_msgs__rosidl_typesupport_c.so
[0.625s] -- Up-to-date: /root/Project/ros_ur_dashboard2mqtt/install/ur_dshbd_msgs/lib/libur_dshbd_msgs__rosidl_typesupport_fastrtps_cpp.so
[0.626s] -- Up-to-date: /root/Project/ros_ur_dashboard2mqtt/install/ur_dshbd_msgs/lib/libur_dshbd_msgs__rosidl_typesupport_introspection_cpp.so
[0.627s] -- Up-to-date: /root/Project/ros_ur_dashboard2mqtt/install/ur_dshbd_msgs/lib/libur_dshbd_msgs__rosidl_typesupport_cpp.so
[0.657s] Listing '/root/Project/ros_ur_dashboard2mqtt/install/ur_dshbd_msgs/local/lib/python3.10/dist-packages/ur_dshbd_msgs'...
[0.657s] Listing '/root/Project/ros_ur_dashboard2mqtt/install/ur_dshbd_msgs/local/lib/python3.10/dist-packages/ur_dshbd_msgs/msg'...
[0.662s] -- Up-to-date: /root/Project/ros_ur_dashboard2mqtt/install/ur_dshbd_msgs/lib/libur_dshbd_msgs__rosidl_generator_py.so
[0.663s] -- Up-to-date: /root/Project/ros_ur_dashboard2mqtt/install/ur_dshbd_msgs/share/ur_dshbd_msgs/cmake/export_ur_dshbd_msgs__rosidl_generator_cExport.cmake
[0.663s] -- Up-to-date: /root/Project/ros_ur_dashboard2mqtt/install/ur_dshbd_msgs/share/ur_dshbd_msgs/cmake/export_ur_dshbd_msgs__rosidl_generator_cExport-noconfig.cmake
[0.664s] -- Up-to-date: /root/Project/ros_ur_dashboard2mqtt/install/ur_dshbd_msgs/share/ur_dshbd_msgs/cmake/export_ur_dshbd_msgs__rosidl_typesupport_fastrtps_cExport.cmake
[0.665s] -- Up-to-date: /root/Project/ros_ur_dashboard2mqtt/install/ur_dshbd_msgs/share/ur_dshbd_msgs/cmake/export_ur_dshbd_msgs__rosidl_typesupport_fastrtps_cExport-noconfig.cmake
[0.667s] -- Up-to-date: /root/Project/ros_ur_dashboard2mqtt/install/ur_dshbd_msgs/share/ur_dshbd_msgs/cmake/ur_dshbd_msgs__rosidl_typesupport_introspection_cExport.cmake
[0.667s] -- Up-to-date: /root/Project/ros_ur_dashboard2mqtt/install/ur_dshbd_msgs/share/ur_dshbd_msgs/cmake/ur_dshbd_msgs__rosidl_typesupport_introspection_cExport-noconfig.cmake
[0.668s] -- Up-to-date: /root/Project/ros_ur_dashboard2mqtt/install/ur_dshbd_msgs/share/ur_dshbd_msgs/cmake/ur_dshbd_msgs__rosidl_typesupport_cExport.cmake
[0.668s] -- Up-to-date: /root/Project/ros_ur_dashboard2mqtt/install/ur_dshbd_msgs/share/ur_dshbd_msgs/cmake/ur_dshbd_msgs__rosidl_typesupport_cExport-noconfig.cmake
[0.668s] -- Up-to-date: /root/Project/ros_ur_dashboard2mqtt/install/ur_dshbd_msgs/share/ur_dshbd_msgs/cmake/export_ur_dshbd_msgs__rosidl_generator_cppExport.cmake
[0.669s] -- Up-to-date: /root/Project/ros_ur_dashboard2mqtt/install/ur_dshbd_msgs/share/ur_dshbd_msgs/cmake/export_ur_dshbd_msgs__rosidl_typesupport_fastrtps_cppExport.cmake
[0.669s] -- Up-to-date: /root/Project/ros_ur_dashboard2mqtt/install/ur_dshbd_msgs/share/ur_dshbd_msgs/cmake/export_ur_dshbd_msgs__rosidl_typesupport_fastrtps_cppExport-noconfig.cmake
[0.669s] -- Up-to-date: /root/Project/ros_ur_dashboard2mqtt/install/ur_dshbd_msgs/share/ur_dshbd_msgs/cmake/ur_dshbd_msgs__rosidl_typesupport_introspection_cppExport.cmake
[0.669s] -- Up-to-date: /root/Project/ros_ur_dashboard2mqtt/install/ur_dshbd_msgs/share/ur_dshbd_msgs/cmake/ur_dshbd_msgs__rosidl_typesupport_introspection_cppExport-noconfig.cmake
[0.670s] -- Up-to-date: /root/Project/ros_ur_dashboard2mqtt/install/ur_dshbd_msgs/share/ur_dshbd_msgs/cmake/ur_dshbd_msgs__rosidl_typesupport_cppExport.cmake
[0.670s] -- Up-to-date: /root/Project/ros_ur_dashboard2mqtt/install/ur_dshbd_msgs/share/ur_dshbd_msgs/cmake/ur_dshbd_msgs__rosidl_typesupport_cppExport-noconfig.cmake
[0.671s] -- Up-to-date: /root/Project/ros_ur_dashboard2mqtt/install/ur_dshbd_msgs/share/ur_dshbd_msgs/cmake/export_ur_dshbd_msgs__rosidl_generator_pyExport.cmake
[0.671s] -- Up-to-date: /root/Project/ros_ur_dashboard2mqtt/install/ur_dshbd_msgs/share/ur_dshbd_msgs/cmake/export_ur_dshbd_msgs__rosidl_generator_pyExport-noconfig.cmake
[0.674s] Invoked command in '/root/Project/ros_ur_dashboard2mqtt/build/ur_dshbd_msgs' returned '0': CMAKE_PREFIX_PATH=${CMAKE_PREFIX_PATH}:/root/Project/ros_ur_dashboard2mqtt/install/ur_dshbd_command:/opt/ros/humble /usr/bin/cmake --install /root/Project/ros_ur_dashboard2mqtt/build/ur_dshbd_msgs
