[0.013s] Invoking command in '/root/Project/ros_ur_dashboard2mqtt/build/ur_dshbd_msgs': CMAKE_PREFIX_PATH=${CMAKE_PREFIX_PATH}:/root/Project/ros_ur_dashboard2mqtt/install/ur_dshbd_command:/opt/ros/humble /usr/bin/cmake --build /root/Project/ros_ur_dashboard2mqtt/build/ur_dshbd_msgs -- -j6 -l6
[0.048s] [35m[1mConsolidate compiler generated dependencies of target ur_dshbd_msgs__rosidl_generator_c[0m
[0.057s] [  2%] Built target ur_dshbd_msgs__cpp
[0.058s] [ 12%] Built target ur_dshbd_msgs__rosidl_generator_c
[0.063s] [ 12%] Built target ament_cmake_python_symlink_ur_dshbd_msgs
[0.066s] [35m[1mConsolidate compiler generated dependencies of target ur_dshbd_msgs__rosidl_typesupport_introspection_cpp[0m
[0.067s] [35m[1mConsolidate compiler generated dependencies of target ur_dshbd_msgs__rosidl_typesupport_fastrtps_cpp[0m
[0.073s] [35m[1mConsolidate compiler generated dependencies of target ur_dshbd_msgs__rosidl_typesupport_c[0m
[0.074s] [35m[1mConsolidate compiler generated dependencies of target ur_dshbd_msgs__rosidl_typesupport_introspection_c[0m
[0.075s] [35m[1mConsolidate compiler generated dependencies of target ur_dshbd_msgs__rosidl_typesupport_cpp[0m
[0.082s] [35m[1mConsolidate compiler generated dependencies of target ur_dshbd_msgs__rosidl_typesupport_fastrtps_c[0m
[0.085s] [ 23%] Built target ur_dshbd_msgs__rosidl_typesupport_c
[0.087s] [ 33%] Built target ur_dshbd_msgs__rosidl_typesupport_fastrtps_cpp
[0.089s] [ 43%] Built target ur_dshbd_msgs__rosidl_typesupport_introspection_cpp
[0.090s] [ 53%] Built target ur_dshbd_msgs__rosidl_typesupport_cpp
[0.102s] [ 64%] Built target ur_dshbd_msgs__rosidl_typesupport_introspection_c
[0.102s] [ 74%] Built target ur_dshbd_msgs__rosidl_typesupport_fastrtps_c
[0.119s] [ 74%] Built target ur_dshbd_msgs
[0.137s] [ 76%] Built target ur_dshbd_msgs__py
[0.147s] [35m[1mConsolidate compiler generated dependencies of target ur_dshbd_msgs__rosidl_generator_py[0m
[0.159s] [ 84%] Built target ur_dshbd_msgs__rosidl_generator_py
[0.168s] [35m[1mConsolidate compiler generated dependencies of target ur_dshbd_msgs__rosidl_typesupport_introspection_c__pyext[0m
[0.169s] [35m[1mConsolidate compiler generated dependencies of target ur_dshbd_msgs__rosidl_typesupport_c__pyext[0m
[0.169s] [35m[1mConsolidate compiler generated dependencies of target ur_dshbd_msgs__rosidl_typesupport_fastrtps_c__pyext[0m
[0.181s] [ 94%] Built target ur_dshbd_msgs__rosidl_typesupport_c__pyext
[0.181s] [ 94%] Built target ur_dshbd_msgs__rosidl_typesupport_fastrtps_c__pyext
[0.191s] [100%] Built target ur_dshbd_msgs__rosidl_typesupport_introspection_c__pyext
[0.365s] running egg_info
[0.365s] writing ur_dshbd_msgs.egg-info/PKG-INFO
[0.365s] writing dependency_links to ur_dshbd_msgs.egg-info/dependency_links.txt
[0.366s] writing top-level names to ur_dshbd_msgs.egg-info/top_level.txt
[0.368s] reading manifest file 'ur_dshbd_msgs.egg-info/SOURCES.txt'
[0.368s] writing manifest file 'ur_dshbd_msgs.egg-info/SOURCES.txt'
[0.397s] [100%] Built target ament_cmake_python_build_ur_dshbd_msgs_egg
[0.409s] Invoked command in '/root/Project/ros_ur_dashboard2mqtt/build/ur_dshbd_msgs' returned '0': CMAKE_PREFIX_PATH=${CMAKE_PREFIX_PATH}:/root/Project/ros_ur_dashboard2mqtt/install/ur_dshbd_command:/opt/ros/humble /usr/bin/cmake --build /root/Project/ros_ur_dashboard2mqtt/build/ur_dshbd_msgs -- -j6 -l6
[0.499s] Invoking command in '/root/Project/ros_ur_dashboard2mqtt/build/ur_dshbd_msgs': CMAKE_PREFIX_PATH=${CMAKE_PREFIX_PATH}:/root/Project/ros_ur_dashboard2mqtt/install/ur_dshbd_command:/opt/ros/humble /usr/bin/cmake --install /root/Project/ros_ur_dashboard2mqtt/build/ur_dshbd_msgs
[0.505s] -- Install configuration: ""
[0.505s] -- Execute custom install script
[0.506s] -- Up-to-date symlink: /root/Project/ros_ur_dashboard2mqtt/install/ur_dshbd_msgs/share/ament_index/resource_index/rosidl_interfaces/ur_dshbd_msgs
[0.506s] -- Up-to-date symlink: /root/Project/ros_ur_dashboard2mqtt/install/ur_dshbd_msgs/include/ur_dshbd_msgs/ur_dshbd_msgs/msg/command.h
[0.507s] -- Up-to-date symlink: /root/Project/ros_ur_dashboard2mqtt/install/ur_dshbd_msgs/include/ur_dshbd_msgs/ur_dshbd_msgs/msg/detail/command__functions.h
[0.507s] -- Up-to-date symlink: /root/Project/ros_ur_dashboard2mqtt/install/ur_dshbd_msgs/include/ur_dshbd_msgs/ur_dshbd_msgs/msg/detail/command__struct.h
[0.507s] -- Up-to-date symlink: /root/Project/ros_ur_dashboard2mqtt/install/ur_dshbd_msgs/include/ur_dshbd_msgs/ur_dshbd_msgs/msg/detail/command__type_support.h
[0.507s] -- Up-to-date symlink: /root/Project/ros_ur_dashboard2mqtt/install/ur_dshbd_msgs/include/ur_dshbd_msgs/ur_dshbd_msgs/msg/detail/result__functions.h
[0.507s] -- Up-to-date symlink: /root/Project/ros_ur_dashboard2mqtt/install/ur_dshbd_msgs/include/ur_dshbd_msgs/ur_dshbd_msgs/msg/detail/result__struct.h
[0.507s] -- Up-to-date symlink: /root/Project/ros_ur_dashboard2mqtt/install/ur_dshbd_msgs/include/ur_dshbd_msgs/ur_dshbd_msgs/msg/detail/result__type_support.h
[0.507s] -- Up-to-date symlink: /root/Project/ros_ur_dashboard2mqtt/install/ur_dshbd_msgs/include/ur_dshbd_msgs/ur_dshbd_msgs/msg/result.h
[0.507s] -- Up-to-date symlink: /root/Project/ros_ur_dashboard2mqtt/install/ur_dshbd_msgs/include/ur_dshbd_msgs/ur_dshbd_msgs/msg/rosidl_generator_c__visibility_control.h
[0.507s] -- Up-to-date symlink: /root/Project/ros_ur_dashboard2mqtt/install/ur_dshbd_msgs/share/ur_dshbd_msgs/environment/library_path.sh
[0.508s] -- Up-to-date symlink: /root/Project/ros_ur_dashboard2mqtt/install/ur_dshbd_msgs/share/ur_dshbd_msgs/environment/library_path.dsv
[0.510s] -- Up-to-date symlink: /root/Project/ros_ur_dashboard2mqtt/install/ur_dshbd_msgs/include/ur_dshbd_msgs/ur_dshbd_msgs/msg/detail/command__rosidl_typesupport_fastrtps_c.h
[0.510s] -- Up-to-date symlink: /root/Project/ros_ur_dashboard2mqtt/install/ur_dshbd_msgs/include/ur_dshbd_msgs/ur_dshbd_msgs/msg/detail/result__rosidl_typesupport_fastrtps_c.h
[0.510s] -- Up-to-date symlink: /root/Project/ros_ur_dashboard2mqtt/install/ur_dshbd_msgs/include/ur_dshbd_msgs/ur_dshbd_msgs/msg/rosidl_typesupport_fastrtps_c__visibility_control.h
[0.513s] -- Up-to-date symlink: /root/Project/ros_ur_dashboard2mqtt/install/ur_dshbd_msgs/include/ur_dshbd_msgs/ur_dshbd_msgs/msg/detail/command__rosidl_typesupport_introspection_c.h
[0.513s] -- Up-to-date symlink: /root/Project/ros_ur_dashboard2mqtt/install/ur_dshbd_msgs/include/ur_dshbd_msgs/ur_dshbd_msgs/msg/detail/result__rosidl_typesupport_introspection_c.h
[0.513s] -- Up-to-date symlink: /root/Project/ros_ur_dashboard2mqtt/install/ur_dshbd_msgs/include/ur_dshbd_msgs/ur_dshbd_msgs/msg/rosidl_typesupport_introspection_c__visibility_control.h
[0.513s] -- Up-to-date symlink: /root/Project/ros_ur_dashboard2mqtt/install/ur_dshbd_msgs/include/ur_dshbd_msgs/ur_dshbd_msgs/msg/command.hpp
[0.513s] -- Up-to-date symlink: /root/Project/ros_ur_dashboard2mqtt/install/ur_dshbd_msgs/include/ur_dshbd_msgs/ur_dshbd_msgs/msg/detail/command__builder.hpp
[0.513s] -- Up-to-date symlink: /root/Project/ros_ur_dashboard2mqtt/install/ur_dshbd_msgs/include/ur_dshbd_msgs/ur_dshbd_msgs/msg/detail/command__struct.hpp
[0.513s] -- Up-to-date symlink: /root/Project/ros_ur_dashboard2mqtt/install/ur_dshbd_msgs/include/ur_dshbd_msgs/ur_dshbd_msgs/msg/detail/command__traits.hpp
[0.514s] -- Up-to-date symlink: /root/Project/ros_ur_dashboard2mqtt/install/ur_dshbd_msgs/include/ur_dshbd_msgs/ur_dshbd_msgs/msg/detail/result__builder.hpp
[0.515s] -- Up-to-date symlink: /root/Project/ros_ur_dashboard2mqtt/install/ur_dshbd_msgs/include/ur_dshbd_msgs/ur_dshbd_msgs/msg/detail/result__struct.hpp
[0.515s] -- Up-to-date symlink: /root/Project/ros_ur_dashboard2mqtt/install/ur_dshbd_msgs/include/ur_dshbd_msgs/ur_dshbd_msgs/msg/detail/result__traits.hpp
[0.516s] -- Up-to-date symlink: /root/Project/ros_ur_dashboard2mqtt/install/ur_dshbd_msgs/include/ur_dshbd_msgs/ur_dshbd_msgs/msg/result.hpp
[0.517s] -- Up-to-date symlink: /root/Project/ros_ur_dashboard2mqtt/install/ur_dshbd_msgs/include/ur_dshbd_msgs/ur_dshbd_msgs/msg/detail/command__rosidl_typesupport_fastrtps_cpp.hpp
[0.517s] -- Up-to-date symlink: /root/Project/ros_ur_dashboard2mqtt/install/ur_dshbd_msgs/include/ur_dshbd_msgs/ur_dshbd_msgs/msg/detail/result__rosidl_typesupport_fastrtps_cpp.hpp
[0.517s] -- Up-to-date symlink: /root/Project/ros_ur_dashboard2mqtt/install/ur_dshbd_msgs/include/ur_dshbd_msgs/ur_dshbd_msgs/msg/rosidl_typesupport_fastrtps_cpp__visibility_control.h
[0.519s] -- Up-to-date symlink: /root/Project/ros_ur_dashboard2mqtt/install/ur_dshbd_msgs/include/ur_dshbd_msgs/ur_dshbd_msgs/msg/detail/command__rosidl_typesupport_introspection_cpp.hpp
[0.519s] -- Up-to-date symlink: /root/Project/ros_ur_dashboard2mqtt/install/ur_dshbd_msgs/include/ur_dshbd_msgs/ur_dshbd_msgs/msg/detail/result__rosidl_typesupport_introspection_cpp.hpp
[0.519s] -- Up-to-date symlink: /root/Project/ros_ur_dashboard2mqtt/install/ur_dshbd_msgs/share/ur_dshbd_msgs/environment/pythonpath.sh
[0.519s] -- Up-to-date symlink: /root/Project/ros_ur_dashboard2mqtt/install/ur_dshbd_msgs/share/ur_dshbd_msgs/environment/pythonpath.dsv
[0.519s] -- Up-to-date symlink: /root/Project/ros_ur_dashboard2mqtt/install/ur_dshbd_msgs/local/lib/python3.10/dist-packages/ur_dshbd_msgs-0.0.0-py3.10.egg-info/PKG-INFO
[0.520s] -- Up-to-date symlink: /root/Project/ros_ur_dashboard2mqtt/install/ur_dshbd_msgs/local/lib/python3.10/dist-packages/ur_dshbd_msgs-0.0.0-py3.10.egg-info/SOURCES.txt
[0.521s] -- Up-to-date symlink: /root/Project/ros_ur_dashboard2mqtt/install/ur_dshbd_msgs/local/lib/python3.10/dist-packages/ur_dshbd_msgs-0.0.0-py3.10.egg-info/dependency_links.txt
[0.521s] -- Up-to-date symlink: /root/Project/ros_ur_dashboard2mqtt/install/ur_dshbd_msgs/local/lib/python3.10/dist-packages/ur_dshbd_msgs-0.0.0-py3.10.egg-info/top_level.txt
[0.522s] -- Up-to-date symlink: /root/Project/ros_ur_dashboard2mqtt/install/ur_dshbd_msgs/local/lib/python3.10/dist-packages/ur_dshbd_msgs/__init__.py
[0.522s] -- Up-to-date symlink: /root/Project/ros_ur_dashboard2mqtt/install/ur_dshbd_msgs/local/lib/python3.10/dist-packages/ur_dshbd_msgs/_ur_dshbd_msgs_s.ep.rosidl_typesupport_c.c
[0.522s] -- Up-to-date symlink: /root/Project/ros_ur_dashboard2mqtt/install/ur_dshbd_msgs/local/lib/python3.10/dist-packages/ur_dshbd_msgs/_ur_dshbd_msgs_s.ep.rosidl_typesupport_fastrtps_c.c
[0.522s] -- Up-to-date symlink: /root/Project/ros_ur_dashboard2mqtt/install/ur_dshbd_msgs/local/lib/python3.10/dist-packages/ur_dshbd_msgs/_ur_dshbd_msgs_s.ep.rosidl_typesupport_introspection_c.c
[0.522s] -- Up-to-date symlink: /root/Project/ros_ur_dashboard2mqtt/install/ur_dshbd_msgs/local/lib/python3.10/dist-packages/ur_dshbd_msgs/libur_dshbd_msgs__rosidl_generator_py.so
[0.522s] -- Up-to-date symlink: /root/Project/ros_ur_dashboard2mqtt/install/ur_dshbd_msgs/local/lib/python3.10/dist-packages/ur_dshbd_msgs/msg/__init__.py
[0.522s] -- Up-to-date symlink: /root/Project/ros_ur_dashboard2mqtt/install/ur_dshbd_msgs/local/lib/python3.10/dist-packages/ur_dshbd_msgs/msg/_command.py
[0.522s] -- Up-to-date symlink: /root/Project/ros_ur_dashboard2mqtt/install/ur_dshbd_msgs/local/lib/python3.10/dist-packages/ur_dshbd_msgs/msg/_command_s.c
[0.522s] -- Up-to-date symlink: /root/Project/ros_ur_dashboard2mqtt/install/ur_dshbd_msgs/local/lib/python3.10/dist-packages/ur_dshbd_msgs/msg/_result.py
[0.522s] -- Up-to-date symlink: /root/Project/ros_ur_dashboard2mqtt/install/ur_dshbd_msgs/local/lib/python3.10/dist-packages/ur_dshbd_msgs/msg/_result_s.c
[0.522s] -- Up-to-date symlink: /root/Project/ros_ur_dashboard2mqtt/install/ur_dshbd_msgs/local/lib/python3.10/dist-packages/ur_dshbd_msgs/ur_dshbd_msgs_s__rosidl_typesupport_c.cpython-310-x86_64-linux-gnu.so
[0.523s] -- Up-to-date symlink: /root/Project/ros_ur_dashboard2mqtt/install/ur_dshbd_msgs/local/lib/python3.10/dist-packages/ur_dshbd_msgs/ur_dshbd_msgs_s__rosidl_typesupport_fastrtps_c.cpython-310-x86_64-linux-gnu.so
[0.523s] -- Up-to-date symlink: /root/Project/ros_ur_dashboard2mqtt/install/ur_dshbd_msgs/local/lib/python3.10/dist-packages/ur_dshbd_msgs/ur_dshbd_msgs_s__rosidl_typesupport_introspection_c.cpython-310-x86_64-linux-gnu.so
[0.523s] -- Up-to-date symlink: /root/Project/ros_ur_dashboard2mqtt/install/ur_dshbd_msgs/local/lib/python3.10/dist-packages/ur_dshbd_msgs/ur_dshbd_msgs_s__rosidl_typesupport_fastrtps_c.cpython-310-x86_64-linux-gnu.so
[0.523s] -- Up-to-date symlink: /root/Project/ros_ur_dashboard2mqtt/install/ur_dshbd_msgs/local/lib/python3.10/dist-packages/ur_dshbd_msgs/ur_dshbd_msgs_s__rosidl_typesupport_introspection_c.cpython-310-x86_64-linux-gnu.so
[0.523s] -- Up-to-date symlink: /root/Project/ros_ur_dashboard2mqtt/install/ur_dshbd_msgs/local/lib/python3.10/dist-packages/ur_dshbd_msgs/ur_dshbd_msgs_s__rosidl_typesupport_c.cpython-310-x86_64-linux-gnu.so
[0.523s] -- Up-to-date symlink: /root/Project/ros_ur_dashboard2mqtt/install/ur_dshbd_msgs/share/ur_dshbd_msgs/msg/Command.idl
[0.524s] -- Up-to-date symlink: /root/Project/ros_ur_dashboard2mqtt/install/ur_dshbd_msgs/share/ur_dshbd_msgs/msg/Result.idl
[0.524s] -- Up-to-date symlink: /root/Project/ros_ur_dashboard2mqtt/install/ur_dshbd_msgs/share/ur_dshbd_msgs/msg/Command.msg
[0.524s] -- Up-to-date symlink: /root/Project/ros_ur_dashboard2mqtt/install/ur_dshbd_msgs/share/ur_dshbd_msgs/msg/Result.msg
[0.526s] -- Up-to-date symlink: /root/Project/ros_ur_dashboard2mqtt/install/ur_dshbd_msgs/share/ament_index/resource_index/package_run_dependencies/ur_dshbd_msgs
[0.526s] -- Up-to-date symlink: /root/Project/ros_ur_dashboard2mqtt/install/ur_dshbd_msgs/share/ament_index/resource_index/parent_prefix_path/ur_dshbd_msgs
[0.539s] -- Up-to-date symlink: /root/Project/ros_ur_dashboard2mqtt/install/ur_dshbd_msgs/share/ur_dshbd_msgs/environment/ament_prefix_path.sh
[0.540s] -- Up-to-date symlink: /root/Project/ros_ur_dashboard2mqtt/install/ur_dshbd_msgs/share/ur_dshbd_msgs/environment/ament_prefix_path.dsv
[0.540s] -- Up-to-date symlink: /root/Project/ros_ur_dashboard2mqtt/install/ur_dshbd_msgs/share/ur_dshbd_msgs/environment/path.sh
[0.540s] -- Up-to-date symlink: /root/Project/ros_ur_dashboard2mqtt/install/ur_dshbd_msgs/share/ur_dshbd_msgs/environment/path.dsv
[0.541s] -- Up-to-date symlink: /root/Project/ros_ur_dashboard2mqtt/install/ur_dshbd_msgs/share/ur_dshbd_msgs/local_setup.bash
[0.541s] -- Up-to-date symlink: /root/Project/ros_ur_dashboard2mqtt/install/ur_dshbd_msgs/share/ur_dshbd_msgs/local_setup.sh
[0.542s] -- Up-to-date symlink: /root/Project/ros_ur_dashboard2mqtt/install/ur_dshbd_msgs/share/ur_dshbd_msgs/local_setup.zsh
[0.542s] -- Up-to-date symlink: /root/Project/ros_ur_dashboard2mqtt/install/ur_dshbd_msgs/share/ur_dshbd_msgs/local_setup.dsv
[0.542s] -- Symlinking: /root/Project/ros_ur_dashboard2mqtt/install/ur_dshbd_msgs/share/ur_dshbd_msgs/package.dsv
[0.547s] -- Up-to-date symlink: /root/Project/ros_ur_dashboard2mqtt/install/ur_dshbd_msgs/share/ament_index/resource_index/packages/ur_dshbd_msgs
[0.548s] -- Up-to-date symlink: /root/Project/ros_ur_dashboard2mqtt/install/ur_dshbd_msgs/share/ur_dshbd_msgs/cmake/rosidl_cmake-extras.cmake
[0.548s] -- Up-to-date symlink: /root/Project/ros_ur_dashboard2mqtt/install/ur_dshbd_msgs/share/ur_dshbd_msgs/cmake/ament_cmake_export_include_directories-extras.cmake
[0.549s] -- Up-to-date symlink: /root/Project/ros_ur_dashboard2mqtt/install/ur_dshbd_msgs/share/ur_dshbd_msgs/cmake/ament_cmake_export_libraries-extras.cmake
[0.549s] -- Up-to-date symlink: /root/Project/ros_ur_dashboard2mqtt/install/ur_dshbd_msgs/share/ur_dshbd_msgs/cmake/ament_cmake_export_targets-extras.cmake
[0.549s] -- Up-to-date symlink: /root/Project/ros_ur_dashboard2mqtt/install/ur_dshbd_msgs/share/ur_dshbd_msgs/cmake/rosidl_cmake_export_typesupport_targets-extras.cmake
[0.549s] -- Up-to-date symlink: /root/Project/ros_ur_dashboard2mqtt/install/ur_dshbd_msgs/share/ur_dshbd_msgs/cmake/ament_cmake_export_dependencies-extras.cmake
[0.549s] -- Up-to-date symlink: /root/Project/ros_ur_dashboard2mqtt/install/ur_dshbd_msgs/share/ur_dshbd_msgs/cmake/rosidl_cmake_export_typesupport_libraries-extras.cmake
[0.549s] -- Up-to-date symlink: /root/Project/ros_ur_dashboard2mqtt/install/ur_dshbd_msgs/share/ur_dshbd_msgs/cmake/ur_dshbd_msgsConfig.cmake
[0.549s] -- Up-to-date symlink: /root/Project/ros_ur_dashboard2mqtt/install/ur_dshbd_msgs/share/ur_dshbd_msgs/cmake/ur_dshbd_msgsConfig-version.cmake
[0.549s] -- Up-to-date symlink: /root/Project/ros_ur_dashboard2mqtt/install/ur_dshbd_msgs/share/ur_dshbd_msgs/package.xml
[0.550s] -- Up-to-date: /root/Project/ros_ur_dashboard2mqtt/install/ur_dshbd_msgs/lib/libur_dshbd_msgs__rosidl_generator_c.so
[0.550s] -- Up-to-date: /root/Project/ros_ur_dashboard2mqtt/install/ur_dshbd_msgs/lib/libur_dshbd_msgs__rosidl_typesupport_fastrtps_c.so
[0.550s] -- Up-to-date: /root/Project/ros_ur_dashboard2mqtt/install/ur_dshbd_msgs/lib/libur_dshbd_msgs__rosidl_typesupport_introspection_c.so
[0.550s] -- Up-to-date: /root/Project/ros_ur_dashboard2mqtt/install/ur_dshbd_msgs/lib/libur_dshbd_msgs__rosidl_typesupport_c.so
[0.550s] -- Up-to-date: /root/Project/ros_ur_dashboard2mqtt/install/ur_dshbd_msgs/lib/libur_dshbd_msgs__rosidl_typesupport_fastrtps_cpp.so
[0.551s] -- Up-to-date: /root/Project/ros_ur_dashboard2mqtt/install/ur_dshbd_msgs/lib/libur_dshbd_msgs__rosidl_typesupport_introspection_cpp.so
[0.553s] -- Up-to-date: /root/Project/ros_ur_dashboard2mqtt/install/ur_dshbd_msgs/lib/libur_dshbd_msgs__rosidl_typesupport_cpp.so
[0.588s] Listing '/root/Project/ros_ur_dashboard2mqtt/install/ur_dshbd_msgs/local/lib/python3.10/dist-packages/ur_dshbd_msgs'...
[0.588s] Listing '/root/Project/ros_ur_dashboard2mqtt/install/ur_dshbd_msgs/local/lib/python3.10/dist-packages/ur_dshbd_msgs/msg'...
[0.597s] -- Up-to-date: /root/Project/ros_ur_dashboard2mqtt/install/ur_dshbd_msgs/lib/libur_dshbd_msgs__rosidl_generator_py.so
[0.598s] -- Up-to-date: /root/Project/ros_ur_dashboard2mqtt/install/ur_dshbd_msgs/share/ur_dshbd_msgs/cmake/export_ur_dshbd_msgs__rosidl_generator_cExport.cmake
[0.610s] -- Up-to-date: /root/Project/ros_ur_dashboard2mqtt/install/ur_dshbd_msgs/share/ur_dshbd_msgs/cmake/export_ur_dshbd_msgs__rosidl_generator_cExport-noconfig.cmake
[0.610s] -- Up-to-date: /root/Project/ros_ur_dashboard2mqtt/install/ur_dshbd_msgs/share/ur_dshbd_msgs/cmake/export_ur_dshbd_msgs__rosidl_typesupport_fastrtps_cExport.cmake
[0.610s] -- Up-to-date: /root/Project/ros_ur_dashboard2mqtt/install/ur_dshbd_msgs/share/ur_dshbd_msgs/cmake/export_ur_dshbd_msgs__rosidl_typesupport_fastrtps_cExport-noconfig.cmake
[0.610s] -- Up-to-date: /root/Project/ros_ur_dashboard2mqtt/install/ur_dshbd_msgs/share/ur_dshbd_msgs/cmake/ur_dshbd_msgs__rosidl_typesupport_introspection_cExport.cmake
[0.610s] -- Up-to-date: /root/Project/ros_ur_dashboard2mqtt/install/ur_dshbd_msgs/share/ur_dshbd_msgs/cmake/ur_dshbd_msgs__rosidl_typesupport_introspection_cExport-noconfig.cmake
[0.610s] -- Up-to-date: /root/Project/ros_ur_dashboard2mqtt/install/ur_dshbd_msgs/share/ur_dshbd_msgs/cmake/ur_dshbd_msgs__rosidl_typesupport_cExport.cmake
[0.611s] -- Up-to-date: /root/Project/ros_ur_dashboard2mqtt/install/ur_dshbd_msgs/share/ur_dshbd_msgs/cmake/ur_dshbd_msgs__rosidl_typesupport_cExport-noconfig.cmake
[0.611s] -- Up-to-date: /root/Project/ros_ur_dashboard2mqtt/install/ur_dshbd_msgs/share/ur_dshbd_msgs/cmake/export_ur_dshbd_msgs__rosidl_generator_cppExport.cmake
[0.611s] -- Up-to-date: /root/Project/ros_ur_dashboard2mqtt/install/ur_dshbd_msgs/share/ur_dshbd_msgs/cmake/export_ur_dshbd_msgs__rosidl_typesupport_fastrtps_cppExport.cmake
[0.611s] -- Up-to-date: /root/Project/ros_ur_dashboard2mqtt/install/ur_dshbd_msgs/share/ur_dshbd_msgs/cmake/export_ur_dshbd_msgs__rosidl_typesupport_fastrtps_cppExport-noconfig.cmake
[0.611s] -- Up-to-date: /root/Project/ros_ur_dashboard2mqtt/install/ur_dshbd_msgs/share/ur_dshbd_msgs/cmake/ur_dshbd_msgs__rosidl_typesupport_introspection_cppExport.cmake
[0.611s] -- Up-to-date: /root/Project/ros_ur_dashboard2mqtt/install/ur_dshbd_msgs/share/ur_dshbd_msgs/cmake/ur_dshbd_msgs__rosidl_typesupport_introspection_cppExport-noconfig.cmake
[0.611s] -- Up-to-date: /root/Project/ros_ur_dashboard2mqtt/install/ur_dshbd_msgs/share/ur_dshbd_msgs/cmake/ur_dshbd_msgs__rosidl_typesupport_cppExport.cmake
[0.611s] -- Up-to-date: /root/Project/ros_ur_dashboard2mqtt/install/ur_dshbd_msgs/share/ur_dshbd_msgs/cmake/ur_dshbd_msgs__rosidl_typesupport_cppExport-noconfig.cmake
[0.611s] -- Up-to-date: /root/Project/ros_ur_dashboard2mqtt/install/ur_dshbd_msgs/share/ur_dshbd_msgs/cmake/export_ur_dshbd_msgs__rosidl_generator_pyExport.cmake
[0.611s] -- Up-to-date: /root/Project/ros_ur_dashboard2mqtt/install/ur_dshbd_msgs/share/ur_dshbd_msgs/cmake/export_ur_dshbd_msgs__rosidl_generator_pyExport-noconfig.cmake
[0.611s] Invoked command in '/root/Project/ros_ur_dashboard2mqtt/build/ur_dshbd_msgs' returned '0': CMAKE_PREFIX_PATH=${CMAKE_PREFIX_PATH}:/root/Project/ros_ur_dashboard2mqtt/install/ur_dshbd_command:/opt/ros/humble /usr/bin/cmake --install /root/Project/ros_ur_dashboard2mqtt/build/ur_dshbd_msgs
