[0.011s] Invoking command in '/root/Project/ros_ur_dashboard2mqtt/build/ur_dshbd_msgs': CMAKE_PREFIX_PATH=${CMAKE_PREFIX_PATH}:/root/Project/ros_ur_dashboard2mqtt/install/ur_dshbd_command:/opt/ros/humble /usr/bin/cmake /root/Project/ros_ur_dashboard2mqtt/src/ur_dshbd_msgs -DAMENT_CMAKE_SYMLINK_INSTALL=1 -DCMAKE_INSTALL_PREFIX=/root/Project/ros_ur_dashboard2mqtt/install/ur_dshbd_msgs
[0.122s] -- The C compiler identification is GNU 11.4.0
[0.216s] -- The CXX compiler identification is GNU 11.4.0
[0.225s] -- Detecting C compiler ABI info
[0.312s] -- Detecting C compiler ABI info - done
[0.321s] -- Check for working C compiler: /usr/bin/cc - skipped
[0.321s] -- Detecting C compile features
[0.325s] -- Detecting C compile features - done
[0.327s] -- Detecting CXX compiler ABI info
[0.468s] -- Detecting CXX compiler ABI info - done
[0.475s] -- Check for working CXX compiler: /usr/bin/c++ - skipped
[0.475s] -- Detecting CXX compile features
[0.476s] -- Detecting CXX compile features - done
[0.484s] -- Found ament_cmake: 1.3.9 (/opt/ros/humble/share/ament_cmake/cmake)
[0.656s] -- Found Python3: /usr/bin/python3 (found version "3.10.12") found components: Interpreter 
[0.733s] -- Override CMake install command with custom implementation using symlinks instead of copying resources
[0.763s] -- Found rosidl_default_generators: 1.2.0 (/opt/ros/humble/share/rosidl_default_generators/cmake)
[0.765s] -- Using all available rosidl_typesupport_c: rosidl_typesupport_fastrtps_c;rosidl_typesupport_introspection_c
[0.772s] -- Found rosidl_adapter: 3.1.5 (/opt/ros/humble/share/rosidl_adapter/cmake)
[0.812s] -- Using all available rosidl_typesupport_cpp: rosidl_typesupport_fastrtps_cpp;rosidl_typesupport_introspection_cpp
[1.075s] -- Found ament_cmake_ros: 0.10.0 (/opt/ros/humble/share/ament_cmake_ros/cmake)
[1.326s] -- Using all available rosidl_typesupport_c: rosidl_typesupport_fastrtps_c;rosidl_typesupport_introspection_c
[1.611s] -- Using all available rosidl_typesupport_cpp: rosidl_typesupport_fastrtps_cpp;rosidl_typesupport_introspection_cpp
[1.643s] -- Found PythonInterp: /usr/bin/python3 (found suitable version "3.10.12", minimum required is "3.6") 
[1.644s] -- Found python_cmake_module: 0.10.0 (/opt/ros/humble/share/python_cmake_module/cmake)
[1.673s] -- Found PythonLibs: /usr/lib/x86_64-linux-gnu/libpython3.10.so (found suitable version "3.10.12", minimum required is "3.5") 
[1.673s] -- Using PYTHON_EXECUTABLE: /usr/bin/python3
[1.673s] -- Using PYTHON_INCLUDE_DIRS: /usr/include/python3.10
[1.673s] -- Using PYTHON_LIBRARIES: /usr/lib/x86_64-linux-gnu/libpython3.10.so
[1.701s] -- Found PythonExtra: .so  
[1.741s] -- Found ament_lint_auto: 0.12.11 (/opt/ros/humble/share/ament_lint_auto/cmake)
[1.765s] -- Added test 'lint_cmake' to check CMake code style
[1.766s] -- Added test 'xmllint' to check XML markup files
[1.771s] -- Configuring done
[1.813s] -- Generating done
[1.828s] -- Build files have been written to: /root/Project/ros_ur_dashboard2mqtt/build/ur_dshbd_msgs
[1.828s] Invoked command in '/root/Project/ros_ur_dashboard2mqtt/build/ur_dshbd_msgs' returned '0': CMAKE_PREFIX_PATH=${CMAKE_PREFIX_PATH}:/root/Project/ros_ur_dashboard2mqtt/install/ur_dshbd_command:/opt/ros/humble /usr/bin/cmake /root/Project/ros_ur_dashboard2mqtt/src/ur_dshbd_msgs -DAMENT_CMAKE_SYMLINK_INSTALL=1 -DCMAKE_INSTALL_PREFIX=/root/Project/ros_ur_dashboard2mqtt/install/ur_dshbd_msgs
[1.828s] Invoking command in '/root/Project/ros_ur_dashboard2mqtt/build/ur_dshbd_msgs': CMAKE_PREFIX_PATH=${CMAKE_PREFIX_PATH}:/root/Project/ros_ur_dashboard2mqtt/install/ur_dshbd_command:/opt/ros/humble /usr/bin/cmake --build /root/Project/ros_ur_dashboard2mqtt/build/ur_dshbd_msgs -- -j6 -l6
[1.857s] [  2%] [34m[1mGenerating C code for ROS interfaces[0m
[1.866s] [  5%] [34m[1mGenerating C++ code for ROS interfaces[0m
[1.873s] [  5%] Built target ament_cmake_python_symlink_ur_dshbd_msgs
[2.197s] running egg_info
[2.197s] creating ur_dshbd_msgs.egg-info
[2.198s] writing ur_dshbd_msgs.egg-info/PKG-INFO
[2.198s] writing dependency_links to ur_dshbd_msgs.egg-info/dependency_links.txt
[2.198s] writing top-level names to ur_dshbd_msgs.egg-info/top_level.txt
[2.199s] writing manifest file 'ur_dshbd_msgs.egg-info/SOURCES.txt'
[2.203s] reading manifest file 'ur_dshbd_msgs.egg-info/SOURCES.txt'
[2.203s] writing manifest file 'ur_dshbd_msgs.egg-info/SOURCES.txt'
[2.206s] [  5%] Built target ur_dshbd_msgs__cpp
[2.211s] [ 10%] [32mBuilding C object CMakeFiles/ur_dshbd_msgs__rosidl_generator_c.dir/rosidl_generator_c/ur_dshbd_msgs/msg/detail/command__functions.c.o[0m
[2.212s] [ 10%] [32mBuilding C object CMakeFiles/ur_dshbd_msgs__rosidl_generator_c.dir/rosidl_generator_c/ur_dshbd_msgs/msg/detail/result__functions.c.o[0m
[2.219s] [ 12%] [34m[1mGenerating C++ type support for eProsima Fast-RTPS[0m
[2.229s] [ 15%] [34m[1mGenerating C++ introspection for ROS interfaces[0m
[2.235s] [ 17%] [34m[1mGenerating C++ type support dispatch for ROS interfaces[0m
[2.245s] [ 17%] Built target ament_cmake_python_build_ur_dshbd_msgs_egg
[2.355s] [ 20%] [32m[1mLinking C shared library libur_dshbd_msgs__rosidl_generator_c.so[0m
[2.440s] [ 20%] Built target ur_dshbd_msgs__rosidl_generator_c
[2.462s] [ 23%] [34m[1mGenerating C type support for eProsima Fast-RTPS[0m
[2.476s] [ 25%] [34m[1mGenerating C introspection for ROS interfaces[0m
[2.494s] [ 28%] [34m[1mGenerating C type support dispatch for ROS interfaces[0m
[2.597s] [ 30%] [32mBuilding CXX object CMakeFiles/ur_dshbd_msgs__rosidl_typesupport_cpp.dir/rosidl_typesupport_cpp/ur_dshbd_msgs/msg/command__type_support.cpp.o[0m
[2.693s] [ 33%] [32mBuilding CXX object CMakeFiles/ur_dshbd_msgs__rosidl_typesupport_fastrtps_cpp.dir/rosidl_typesupport_fastrtps_cpp/ur_dshbd_msgs/msg/detail/dds_fastrtps/command__type_support.cpp.o[0m
[2.796s] [ 35%] [32mBuilding CXX object CMakeFiles/ur_dshbd_msgs__rosidl_typesupport_introspection_cpp.dir/rosidl_typesupport_introspection_cpp/ur_dshbd_msgs/msg/detail/command__type_support.cpp.o[0m
[2.909s] [ 38%] [32mBuilding CXX object CMakeFiles/ur_dshbd_msgs__rosidl_typesupport_fastrtps_c.dir/rosidl_typesupport_fastrtps_c/ur_dshbd_msgs/msg/detail/command__type_support_c.cpp.o[0m
[2.939s] [ 41%] [32mBuilding C object CMakeFiles/ur_dshbd_msgs__rosidl_typesupport_introspection_c.dir/rosidl_typesupport_introspection_c/ur_dshbd_msgs/msg/detail/command__type_support.c.o[0m
[2.968s] [ 43%] [32mBuilding CXX object CMakeFiles/ur_dshbd_msgs__rosidl_typesupport_c.dir/rosidl_typesupport_c/ur_dshbd_msgs/msg/command__type_support.cpp.o[0m
[2.982s] [ 46%] [32mBuilding C object CMakeFiles/ur_dshbd_msgs__rosidl_typesupport_introspection_c.dir/rosidl_typesupport_introspection_c/ur_dshbd_msgs/msg/detail/result__type_support.c.o[0m
[3.009s] [ 48%] [32mBuilding CXX object CMakeFiles/ur_dshbd_msgs__rosidl_typesupport_c.dir/rosidl_typesupport_c/ur_dshbd_msgs/msg/result__type_support.cpp.o[0m
[3.041s] [ 51%] [32m[1mLinking C shared library libur_dshbd_msgs__rosidl_typesupport_introspection_c.so[0m
[3.099s] [ 51%] Built target ur_dshbd_msgs__rosidl_typesupport_introspection_c
[3.108s] [ 53%] [32mBuilding CXX object CMakeFiles/ur_dshbd_msgs__rosidl_typesupport_fastrtps_c.dir/rosidl_typesupport_fastrtps_c/ur_dshbd_msgs/msg/detail/result__type_support_c.cpp.o[0m
[3.120s] [ 56%] [32m[1mLinking CXX shared library libur_dshbd_msgs__rosidl_typesupport_c.so[0m
[3.210s] [ 58%] [32mBuilding CXX object CMakeFiles/ur_dshbd_msgs__rosidl_typesupport_cpp.dir/rosidl_typesupport_cpp/ur_dshbd_msgs/msg/result__type_support.cpp.o[0m
[3.267s] [ 58%] Built target ur_dshbd_msgs__rosidl_typesupport_c
[3.296s] [ 61%] [32mBuilding CXX object CMakeFiles/ur_dshbd_msgs__rosidl_typesupport_fastrtps_cpp.dir/rosidl_typesupport_fastrtps_cpp/ur_dshbd_msgs/msg/detail/dds_fastrtps/result__type_support.cpp.o[0m
[3.344s] [ 64%] [32mBuilding CXX object CMakeFiles/ur_dshbd_msgs__rosidl_typesupport_introspection_cpp.dir/rosidl_typesupport_introspection_cpp/ur_dshbd_msgs/msg/detail/result__type_support.cpp.o[0m
[3.504s] [ 66%] [32m[1mLinking CXX shared library libur_dshbd_msgs__rosidl_typesupport_cpp.so[0m
[3.583s] [ 66%] Built target ur_dshbd_msgs__rosidl_typesupport_cpp
[3.593s] [ 69%] [32m[1mLinking CXX shared library libur_dshbd_msgs__rosidl_typesupport_fastrtps_c.so[0m
[3.760s] [ 69%] Built target ur_dshbd_msgs__rosidl_typesupport_fastrtps_c
[3.851s] [ 71%] [32m[1mLinking CXX shared library libur_dshbd_msgs__rosidl_typesupport_introspection_cpp.so[0m
[3.911s] [ 74%] [32m[1mLinking CXX shared library libur_dshbd_msgs__rosidl_typesupport_fastrtps_cpp.so[0m
[3.930s] [ 74%] Built target ur_dshbd_msgs__rosidl_typesupport_introspection_cpp
[3.988s] [ 74%] Built target ur_dshbd_msgs__rosidl_typesupport_fastrtps_cpp
[4.005s] [ 74%] Built target ur_dshbd_msgs
[4.021s] [ 76%] [34m[1mGenerating Python code for ROS interfaces[0m
[4.403s] [ 76%] Built target ur_dshbd_msgs__py
[4.420s] [ 79%] [32mBuilding C object CMakeFiles/ur_dshbd_msgs__rosidl_generator_py.dir/rosidl_generator_py/ur_dshbd_msgs/msg/_result_s.c.o[0m
[4.420s] [ 82%] [32mBuilding C object CMakeFiles/ur_dshbd_msgs__rosidl_generator_py.dir/rosidl_generator_py/ur_dshbd_msgs/msg/_command_s.c.o[0m
[4.550s] [ 84%] [32m[1mLinking C shared library rosidl_generator_py/ur_dshbd_msgs/libur_dshbd_msgs__rosidl_generator_py.so[0m
[4.586s] [ 84%] Built target ur_dshbd_msgs__rosidl_generator_py
[4.603s] [ 89%] [32mBuilding C object CMakeFiles/ur_dshbd_msgs__rosidl_typesupport_introspection_c__pyext.dir/rosidl_generator_py/ur_dshbd_msgs/_ur_dshbd_msgs_s.ep.rosidl_typesupport_introspection_c.c.o[0m
[4.603s] [ 89%] [32mBuilding C object CMakeFiles/ur_dshbd_msgs__rosidl_typesupport_fastrtps_c__pyext.dir/rosidl_generator_py/ur_dshbd_msgs/_ur_dshbd_msgs_s.ep.rosidl_typesupport_fastrtps_c.c.o[0m
[4.606s] [ 92%] [32mBuilding C object CMakeFiles/ur_dshbd_msgs__rosidl_typesupport_c__pyext.dir/rosidl_generator_py/ur_dshbd_msgs/_ur_dshbd_msgs_s.ep.rosidl_typesupport_c.c.o[0m
[4.694s] [ 94%] [32m[1mLinking C shared library rosidl_generator_py/ur_dshbd_msgs/ur_dshbd_msgs_s__rosidl_typesupport_introspection_c.cpython-310-x86_64-linux-gnu.so[0m
[4.701s] [ 97%] [32m[1mLinking C shared library rosidl_generator_py/ur_dshbd_msgs/ur_dshbd_msgs_s__rosidl_typesupport_fastrtps_c.cpython-310-x86_64-linux-gnu.so[0m
[4.702s] [100%] [32m[1mLinking C shared library rosidl_generator_py/ur_dshbd_msgs/ur_dshbd_msgs_s__rosidl_typesupport_c.cpython-310-x86_64-linux-gnu.so[0m
[4.725s] [100%] Built target ur_dshbd_msgs__rosidl_typesupport_introspection_c__pyext
[4.736s] [100%] Built target ur_dshbd_msgs__rosidl_typesupport_fastrtps_c__pyext
[4.737s] [100%] Built target ur_dshbd_msgs__rosidl_typesupport_c__pyext
[4.747s] Invoked command in '/root/Project/ros_ur_dashboard2mqtt/build/ur_dshbd_msgs' returned '0': CMAKE_PREFIX_PATH=${CMAKE_PREFIX_PATH}:/root/Project/ros_ur_dashboard2mqtt/install/ur_dshbd_command:/opt/ros/humble /usr/bin/cmake --build /root/Project/ros_ur_dashboard2mqtt/build/ur_dshbd_msgs -- -j6 -l6
[4.850s] Invoking command in '/root/Project/ros_ur_dashboard2mqtt/build/ur_dshbd_msgs': CMAKE_PREFIX_PATH=${CMAKE_PREFIX_PATH}:/root/Project/ros_ur_dashboard2mqtt/install/ur_dshbd_command:/opt/ros/humble /usr/bin/cmake --install /root/Project/ros_ur_dashboard2mqtt/build/ur_dshbd_msgs
[4.856s] -- Install configuration: ""
[4.856s] -- Execute custom install script
[4.857s] -- Symlinking: /root/Project/ros_ur_dashboard2mqtt/install/ur_dshbd_msgs/share/ament_index/resource_index/rosidl_interfaces/ur_dshbd_msgs
[4.866s] -- Symlinking: /root/Project/ros_ur_dashboard2mqtt/install/ur_dshbd_msgs/include/ur_dshbd_msgs/ur_dshbd_msgs/msg/command.h
[4.874s] -- Symlinking: /root/Project/ros_ur_dashboard2mqtt/install/ur_dshbd_msgs/include/ur_dshbd_msgs/ur_dshbd_msgs/msg/detail/command__functions.h
[4.883s] -- Symlinking: /root/Project/ros_ur_dashboard2mqtt/install/ur_dshbd_msgs/include/ur_dshbd_msgs/ur_dshbd_msgs/msg/detail/command__struct.h
[4.890s] -- Symlinking: /root/Project/ros_ur_dashboard2mqtt/install/ur_dshbd_msgs/include/ur_dshbd_msgs/ur_dshbd_msgs/msg/detail/command__type_support.h
[4.897s] -- Symlinking: /root/Project/ros_ur_dashboard2mqtt/install/ur_dshbd_msgs/include/ur_dshbd_msgs/ur_dshbd_msgs/msg/detail/result__functions.h
[4.904s] -- Symlinking: /root/Project/ros_ur_dashboard2mqtt/install/ur_dshbd_msgs/include/ur_dshbd_msgs/ur_dshbd_msgs/msg/detail/result__struct.h
[4.912s] -- Symlinking: /root/Project/ros_ur_dashboard2mqtt/install/ur_dshbd_msgs/include/ur_dshbd_msgs/ur_dshbd_msgs/msg/detail/result__type_support.h
[4.920s] -- Symlinking: /root/Project/ros_ur_dashboard2mqtt/install/ur_dshbd_msgs/include/ur_dshbd_msgs/ur_dshbd_msgs/msg/result.h
[4.929s] -- Symlinking: /root/Project/ros_ur_dashboard2mqtt/install/ur_dshbd_msgs/include/ur_dshbd_msgs/ur_dshbd_msgs/msg/rosidl_generator_c__visibility_control.h
[4.940s] -- Symlinking: /root/Project/ros_ur_dashboard2mqtt/install/ur_dshbd_msgs/share/ur_dshbd_msgs/environment/library_path.sh
[4.947s] -- Symlinking: /root/Project/ros_ur_dashboard2mqtt/install/ur_dshbd_msgs/share/ur_dshbd_msgs/environment/library_path.dsv
[4.956s] -- Symlinking: /root/Project/ros_ur_dashboard2mqtt/install/ur_dshbd_msgs/include/ur_dshbd_msgs/ur_dshbd_msgs/msg/detail/command__rosidl_typesupport_fastrtps_c.h
[4.963s] -- Symlinking: /root/Project/ros_ur_dashboard2mqtt/install/ur_dshbd_msgs/include/ur_dshbd_msgs/ur_dshbd_msgs/msg/detail/result__rosidl_typesupport_fastrtps_c.h
[4.971s] -- Symlinking: /root/Project/ros_ur_dashboard2mqtt/install/ur_dshbd_msgs/include/ur_dshbd_msgs/ur_dshbd_msgs/msg/rosidl_typesupport_fastrtps_c__visibility_control.h
[4.979s] -- Symlinking: /root/Project/ros_ur_dashboard2mqtt/install/ur_dshbd_msgs/include/ur_dshbd_msgs/ur_dshbd_msgs/msg/detail/command__rosidl_typesupport_introspection_c.h
[4.986s] -- Symlinking: /root/Project/ros_ur_dashboard2mqtt/install/ur_dshbd_msgs/include/ur_dshbd_msgs/ur_dshbd_msgs/msg/detail/result__rosidl_typesupport_introspection_c.h
[4.994s] -- Symlinking: /root/Project/ros_ur_dashboard2mqtt/install/ur_dshbd_msgs/include/ur_dshbd_msgs/ur_dshbd_msgs/msg/rosidl_typesupport_introspection_c__visibility_control.h
[5.003s] -- Symlinking: /root/Project/ros_ur_dashboard2mqtt/install/ur_dshbd_msgs/include/ur_dshbd_msgs/ur_dshbd_msgs/msg/command.hpp
[5.011s] -- Symlinking: /root/Project/ros_ur_dashboard2mqtt/install/ur_dshbd_msgs/include/ur_dshbd_msgs/ur_dshbd_msgs/msg/detail/command__builder.hpp
[5.019s] -- Symlinking: /root/Project/ros_ur_dashboard2mqtt/install/ur_dshbd_msgs/include/ur_dshbd_msgs/ur_dshbd_msgs/msg/detail/command__struct.hpp
[5.028s] -- Symlinking: /root/Project/ros_ur_dashboard2mqtt/install/ur_dshbd_msgs/include/ur_dshbd_msgs/ur_dshbd_msgs/msg/detail/command__traits.hpp
[5.036s] -- Symlinking: /root/Project/ros_ur_dashboard2mqtt/install/ur_dshbd_msgs/include/ur_dshbd_msgs/ur_dshbd_msgs/msg/detail/result__builder.hpp
[5.044s] -- Symlinking: /root/Project/ros_ur_dashboard2mqtt/install/ur_dshbd_msgs/include/ur_dshbd_msgs/ur_dshbd_msgs/msg/detail/result__struct.hpp
[5.052s] -- Symlinking: /root/Project/ros_ur_dashboard2mqtt/install/ur_dshbd_msgs/include/ur_dshbd_msgs/ur_dshbd_msgs/msg/detail/result__traits.hpp
[5.060s] -- Symlinking: /root/Project/ros_ur_dashboard2mqtt/install/ur_dshbd_msgs/include/ur_dshbd_msgs/ur_dshbd_msgs/msg/result.hpp
[5.069s] -- Symlinking: /root/Project/ros_ur_dashboard2mqtt/install/ur_dshbd_msgs/include/ur_dshbd_msgs/ur_dshbd_msgs/msg/detail/command__rosidl_typesupport_fastrtps_cpp.hpp
[5.076s] -- Symlinking: /root/Project/ros_ur_dashboard2mqtt/install/ur_dshbd_msgs/include/ur_dshbd_msgs/ur_dshbd_msgs/msg/detail/result__rosidl_typesupport_fastrtps_cpp.hpp
[5.084s] -- Symlinking: /root/Project/ros_ur_dashboard2mqtt/install/ur_dshbd_msgs/include/ur_dshbd_msgs/ur_dshbd_msgs/msg/rosidl_typesupport_fastrtps_cpp__visibility_control.h
[5.093s] -- Symlinking: /root/Project/ros_ur_dashboard2mqtt/install/ur_dshbd_msgs/include/ur_dshbd_msgs/ur_dshbd_msgs/msg/detail/command__rosidl_typesupport_introspection_cpp.hpp
[5.107s] -- Symlinking: /root/Project/ros_ur_dashboard2mqtt/install/ur_dshbd_msgs/include/ur_dshbd_msgs/ur_dshbd_msgs/msg/detail/result__rosidl_typesupport_introspection_cpp.hpp
[5.118s] -- Symlinking: /root/Project/ros_ur_dashboard2mqtt/install/ur_dshbd_msgs/share/ur_dshbd_msgs/environment/pythonpath.sh
[5.124s] -- Symlinking: /root/Project/ros_ur_dashboard2mqtt/install/ur_dshbd_msgs/share/ur_dshbd_msgs/environment/pythonpath.dsv
[5.153s] -- Symlinking: /root/Project/ros_ur_dashboard2mqtt/install/ur_dshbd_msgs/local/lib/python3.10/dist-packages/ur_dshbd_msgs-0.0.0-py3.10.egg-info/PKG-INFO
[5.153s] -- Symlinking: /root/Project/ros_ur_dashboard2mqtt/install/ur_dshbd_msgs/local/lib/python3.10/dist-packages/ur_dshbd_msgs-0.0.0-py3.10.egg-info/SOURCES.txt
[5.162s] -- Symlinking: /root/Project/ros_ur_dashboard2mqtt/install/ur_dshbd_msgs/local/lib/python3.10/dist-packages/ur_dshbd_msgs-0.0.0-py3.10.egg-info/dependency_links.txt
[5.171s] -- Symlinking: /root/Project/ros_ur_dashboard2mqtt/install/ur_dshbd_msgs/local/lib/python3.10/dist-packages/ur_dshbd_msgs-0.0.0-py3.10.egg-info/top_level.txt
[5.178s] -- Symlinking: /root/Project/ros_ur_dashboard2mqtt/install/ur_dshbd_msgs/local/lib/python3.10/dist-packages/ur_dshbd_msgs/__init__.py
[5.192s] -- Symlinking: /root/Project/ros_ur_dashboard2mqtt/install/ur_dshbd_msgs/local/lib/python3.10/dist-packages/ur_dshbd_msgs/_ur_dshbd_msgs_s.ep.rosidl_typesupport_c.c
[5.194s] -- Symlinking: /root/Project/ros_ur_dashboard2mqtt/install/ur_dshbd_msgs/local/lib/python3.10/dist-packages/ur_dshbd_msgs/_ur_dshbd_msgs_s.ep.rosidl_typesupport_fastrtps_c.c
[5.200s] -- Symlinking: /root/Project/ros_ur_dashboard2mqtt/install/ur_dshbd_msgs/local/lib/python3.10/dist-packages/ur_dshbd_msgs/_ur_dshbd_msgs_s.ep.rosidl_typesupport_introspection_c.c
[5.207s] -- Symlinking: /root/Project/ros_ur_dashboard2mqtt/install/ur_dshbd_msgs/local/lib/python3.10/dist-packages/ur_dshbd_msgs/libur_dshbd_msgs__rosidl_generator_py.so
[5.216s] -- Symlinking: /root/Project/ros_ur_dashboard2mqtt/install/ur_dshbd_msgs/local/lib/python3.10/dist-packages/ur_dshbd_msgs/msg/__init__.py
[5.226s] -- Symlinking: /root/Project/ros_ur_dashboard2mqtt/install/ur_dshbd_msgs/local/lib/python3.10/dist-packages/ur_dshbd_msgs/msg/_command.py
[5.238s] -- Symlinking: /root/Project/ros_ur_dashboard2mqtt/install/ur_dshbd_msgs/local/lib/python3.10/dist-packages/ur_dshbd_msgs/msg/_command_s.c
[5.245s] -- Symlinking: /root/Project/ros_ur_dashboard2mqtt/install/ur_dshbd_msgs/local/lib/python3.10/dist-packages/ur_dshbd_msgs/msg/_result.py
[5.253s] -- Symlinking: /root/Project/ros_ur_dashboard2mqtt/install/ur_dshbd_msgs/local/lib/python3.10/dist-packages/ur_dshbd_msgs/msg/_result_s.c
[5.262s] -- Symlinking: /root/Project/ros_ur_dashboard2mqtt/install/ur_dshbd_msgs/local/lib/python3.10/dist-packages/ur_dshbd_msgs/ur_dshbd_msgs_s__rosidl_typesupport_c.cpython-310-x86_64-linux-gnu.so
[5.270s] -- Symlinking: /root/Project/ros_ur_dashboard2mqtt/install/ur_dshbd_msgs/local/lib/python3.10/dist-packages/ur_dshbd_msgs/ur_dshbd_msgs_s__rosidl_typesupport_fastrtps_c.cpython-310-x86_64-linux-gnu.so
[5.277s] -- Symlinking: /root/Project/ros_ur_dashboard2mqtt/install/ur_dshbd_msgs/local/lib/python3.10/dist-packages/ur_dshbd_msgs/ur_dshbd_msgs_s__rosidl_typesupport_introspection_c.cpython-310-x86_64-linux-gnu.so
[5.288s] -- Up-to-date symlink: /root/Project/ros_ur_dashboard2mqtt/install/ur_dshbd_msgs/local/lib/python3.10/dist-packages/ur_dshbd_msgs/ur_dshbd_msgs_s__rosidl_typesupport_fastrtps_c.cpython-310-x86_64-linux-gnu.so
[5.288s] -- Up-to-date symlink: /root/Project/ros_ur_dashboard2mqtt/install/ur_dshbd_msgs/local/lib/python3.10/dist-packages/ur_dshbd_msgs/ur_dshbd_msgs_s__rosidl_typesupport_introspection_c.cpython-310-x86_64-linux-gnu.so
[5.288s] -- Up-to-date symlink: /root/Project/ros_ur_dashboard2mqtt/install/ur_dshbd_msgs/local/lib/python3.10/dist-packages/ur_dshbd_msgs/ur_dshbd_msgs_s__rosidl_typesupport_c.cpython-310-x86_64-linux-gnu.so
[5.288s] -- Symlinking: /root/Project/ros_ur_dashboard2mqtt/install/ur_dshbd_msgs/share/ur_dshbd_msgs/msg/Command.idl
[5.296s] -- Symlinking: /root/Project/ros_ur_dashboard2mqtt/install/ur_dshbd_msgs/share/ur_dshbd_msgs/msg/Result.idl
[5.303s] -- Symlinking: /root/Project/ros_ur_dashboard2mqtt/install/ur_dshbd_msgs/share/ur_dshbd_msgs/msg/Command.msg
[5.312s] -- Symlinking: /root/Project/ros_ur_dashboard2mqtt/install/ur_dshbd_msgs/share/ur_dshbd_msgs/msg/Result.msg
[5.319s] -- Symlinking: /root/Project/ros_ur_dashboard2mqtt/install/ur_dshbd_msgs/share/ament_index/resource_index/package_run_dependencies/ur_dshbd_msgs
[5.327s] -- Symlinking: /root/Project/ros_ur_dashboard2mqtt/install/ur_dshbd_msgs/share/ament_index/resource_index/parent_prefix_path/ur_dshbd_msgs
[5.336s] -- Symlinking: /root/Project/ros_ur_dashboard2mqtt/install/ur_dshbd_msgs/share/ur_dshbd_msgs/environment/ament_prefix_path.sh
[5.344s] -- Symlinking: /root/Project/ros_ur_dashboard2mqtt/install/ur_dshbd_msgs/share/ur_dshbd_msgs/environment/ament_prefix_path.dsv
[5.352s] -- Symlinking: /root/Project/ros_ur_dashboard2mqtt/install/ur_dshbd_msgs/share/ur_dshbd_msgs/environment/path.sh
[5.361s] -- Symlinking: /root/Project/ros_ur_dashboard2mqtt/install/ur_dshbd_msgs/share/ur_dshbd_msgs/environment/path.dsv
[5.369s] -- Symlinking: /root/Project/ros_ur_dashboard2mqtt/install/ur_dshbd_msgs/share/ur_dshbd_msgs/local_setup.bash
[5.376s] -- Symlinking: /root/Project/ros_ur_dashboard2mqtt/install/ur_dshbd_msgs/share/ur_dshbd_msgs/local_setup.sh
[5.388s] -- Symlinking: /root/Project/ros_ur_dashboard2mqtt/install/ur_dshbd_msgs/share/ur_dshbd_msgs/local_setup.zsh
[5.397s] -- Symlinking: /root/Project/ros_ur_dashboard2mqtt/install/ur_dshbd_msgs/share/ur_dshbd_msgs/local_setup.dsv
[5.407s] -- Symlinking: /root/Project/ros_ur_dashboard2mqtt/install/ur_dshbd_msgs/share/ur_dshbd_msgs/package.dsv
[5.417s] -- Symlinking: /root/Project/ros_ur_dashboard2mqtt/install/ur_dshbd_msgs/share/ament_index/resource_index/packages/ur_dshbd_msgs
[5.425s] -- Symlinking: /root/Project/ros_ur_dashboard2mqtt/install/ur_dshbd_msgs/share/ur_dshbd_msgs/cmake/rosidl_cmake-extras.cmake
[5.442s] -- Symlinking: /root/Project/ros_ur_dashboard2mqtt/install/ur_dshbd_msgs/share/ur_dshbd_msgs/cmake/ament_cmake_export_include_directories-extras.cmake
[5.451s] -- Symlinking: /root/Project/ros_ur_dashboard2mqtt/install/ur_dshbd_msgs/share/ur_dshbd_msgs/cmake/ament_cmake_export_libraries-extras.cmake
[5.459s] -- Symlinking: /root/Project/ros_ur_dashboard2mqtt/install/ur_dshbd_msgs/share/ur_dshbd_msgs/cmake/ament_cmake_export_targets-extras.cmake
[5.471s] -- Symlinking: /root/Project/ros_ur_dashboard2mqtt/install/ur_dshbd_msgs/share/ur_dshbd_msgs/cmake/rosidl_cmake_export_typesupport_targets-extras.cmake
[5.477s] -- Symlinking: /root/Project/ros_ur_dashboard2mqtt/install/ur_dshbd_msgs/share/ur_dshbd_msgs/cmake/ament_cmake_export_dependencies-extras.cmake
[5.485s] -- Symlinking: /root/Project/ros_ur_dashboard2mqtt/install/ur_dshbd_msgs/share/ur_dshbd_msgs/cmake/rosidl_cmake_export_typesupport_libraries-extras.cmake
[5.492s] -- Symlinking: /root/Project/ros_ur_dashboard2mqtt/install/ur_dshbd_msgs/share/ur_dshbd_msgs/cmake/ur_dshbd_msgsConfig.cmake
[5.500s] -- Symlinking: /root/Project/ros_ur_dashboard2mqtt/install/ur_dshbd_msgs/share/ur_dshbd_msgs/cmake/ur_dshbd_msgsConfig-version.cmake
[5.508s] -- Symlinking: /root/Project/ros_ur_dashboard2mqtt/install/ur_dshbd_msgs/share/ur_dshbd_msgs/package.xml
[5.517s] -- Installing: /root/Project/ros_ur_dashboard2mqtt/install/ur_dshbd_msgs/lib/libur_dshbd_msgs__rosidl_generator_c.so
[5.518s] -- Set runtime path of "/root/Project/ros_ur_dashboard2mqtt/install/ur_dshbd_msgs/lib/libur_dshbd_msgs__rosidl_generator_c.so" to ""
[5.519s] -- Installing: /root/Project/ros_ur_dashboard2mqtt/install/ur_dshbd_msgs/lib/libur_dshbd_msgs__rosidl_typesupport_fastrtps_c.so
[5.520s] -- Set runtime path of "/root/Project/ros_ur_dashboard2mqtt/install/ur_dshbd_msgs/lib/libur_dshbd_msgs__rosidl_typesupport_fastrtps_c.so" to ""
[5.520s] -- Installing: /root/Project/ros_ur_dashboard2mqtt/install/ur_dshbd_msgs/lib/libur_dshbd_msgs__rosidl_typesupport_introspection_c.so
[5.521s] -- Set runtime path of "/root/Project/ros_ur_dashboard2mqtt/install/ur_dshbd_msgs/lib/libur_dshbd_msgs__rosidl_typesupport_introspection_c.so" to ""
[5.521s] -- Installing: /root/Project/ros_ur_dashboard2mqtt/install/ur_dshbd_msgs/lib/libur_dshbd_msgs__rosidl_typesupport_c.so
[5.521s] -- Set runtime path of "/root/Project/ros_ur_dashboard2mqtt/install/ur_dshbd_msgs/lib/libur_dshbd_msgs__rosidl_typesupport_c.so" to ""
[5.521s] -- Installing: /root/Project/ros_ur_dashboard2mqtt/install/ur_dshbd_msgs/lib/libur_dshbd_msgs__rosidl_typesupport_fastrtps_cpp.so
[5.522s] -- Set runtime path of "/root/Project/ros_ur_dashboard2mqtt/install/ur_dshbd_msgs/lib/libur_dshbd_msgs__rosidl_typesupport_fastrtps_cpp.so" to ""
[5.522s] -- Installing: /root/Project/ros_ur_dashboard2mqtt/install/ur_dshbd_msgs/lib/libur_dshbd_msgs__rosidl_typesupport_introspection_cpp.so
[5.522s] -- Set runtime path of "/root/Project/ros_ur_dashboard2mqtt/install/ur_dshbd_msgs/lib/libur_dshbd_msgs__rosidl_typesupport_introspection_cpp.so" to ""
[5.523s] -- Installing: /root/Project/ros_ur_dashboard2mqtt/install/ur_dshbd_msgs/lib/libur_dshbd_msgs__rosidl_typesupport_cpp.so
[5.523s] -- Set runtime path of "/root/Project/ros_ur_dashboard2mqtt/install/ur_dshbd_msgs/lib/libur_dshbd_msgs__rosidl_typesupport_cpp.so" to ""
[5.560s] Listing '/root/Project/ros_ur_dashboard2mqtt/install/ur_dshbd_msgs/local/lib/python3.10/dist-packages/ur_dshbd_msgs'...
[5.560s] Compiling '/root/Project/ros_ur_dashboard2mqtt/install/ur_dshbd_msgs/local/lib/python3.10/dist-packages/ur_dshbd_msgs/__init__.py'...
[5.560s] Listing '/root/Project/ros_ur_dashboard2mqtt/install/ur_dshbd_msgs/local/lib/python3.10/dist-packages/ur_dshbd_msgs/msg'...
[5.561s] Compiling '/root/Project/ros_ur_dashboard2mqtt/install/ur_dshbd_msgs/local/lib/python3.10/dist-packages/ur_dshbd_msgs/msg/__init__.py'...
[5.561s] Compiling '/root/Project/ros_ur_dashboard2mqtt/install/ur_dshbd_msgs/local/lib/python3.10/dist-packages/ur_dshbd_msgs/msg/_command.py'...
[5.561s] Compiling '/root/Project/ros_ur_dashboard2mqtt/install/ur_dshbd_msgs/local/lib/python3.10/dist-packages/ur_dshbd_msgs/msg/_result.py'...
[5.565s] -- Installing: /root/Project/ros_ur_dashboard2mqtt/install/ur_dshbd_msgs/lib/libur_dshbd_msgs__rosidl_generator_py.so
[5.565s] -- Set runtime path of "/root/Project/ros_ur_dashboard2mqtt/install/ur_dshbd_msgs/lib/libur_dshbd_msgs__rosidl_generator_py.so" to ""
[5.566s] -- Installing: /root/Project/ros_ur_dashboard2mqtt/install/ur_dshbd_msgs/share/ur_dshbd_msgs/cmake/export_ur_dshbd_msgs__rosidl_generator_cExport.cmake
[5.566s] -- Installing: /root/Project/ros_ur_dashboard2mqtt/install/ur_dshbd_msgs/share/ur_dshbd_msgs/cmake/export_ur_dshbd_msgs__rosidl_generator_cExport-noconfig.cmake
[5.566s] -- Installing: /root/Project/ros_ur_dashboard2mqtt/install/ur_dshbd_msgs/share/ur_dshbd_msgs/cmake/export_ur_dshbd_msgs__rosidl_typesupport_fastrtps_cExport.cmake
[5.566s] -- Installing: /root/Project/ros_ur_dashboard2mqtt/install/ur_dshbd_msgs/share/ur_dshbd_msgs/cmake/export_ur_dshbd_msgs__rosidl_typesupport_fastrtps_cExport-noconfig.cmake
[5.566s] -- Installing: /root/Project/ros_ur_dashboard2mqtt/install/ur_dshbd_msgs/share/ur_dshbd_msgs/cmake/ur_dshbd_msgs__rosidl_typesupport_introspection_cExport.cmake
[5.566s] -- Installing: /root/Project/ros_ur_dashboard2mqtt/install/ur_dshbd_msgs/share/ur_dshbd_msgs/cmake/ur_dshbd_msgs__rosidl_typesupport_introspection_cExport-noconfig.cmake
[5.569s] -- Installing: /root/Project/ros_ur_dashboard2mqtt/install/ur_dshbd_msgs/share/ur_dshbd_msgs/cmake/ur_dshbd_msgs__rosidl_typesupport_cExport.cmake
[5.569s] -- Installing: /root/Project/ros_ur_dashboard2mqtt/install/ur_dshbd_msgs/share/ur_dshbd_msgs/cmake/ur_dshbd_msgs__rosidl_typesupport_cExport-noconfig.cmake
[5.569s] -- Installing: /root/Project/ros_ur_dashboard2mqtt/install/ur_dshbd_msgs/share/ur_dshbd_msgs/cmake/export_ur_dshbd_msgs__rosidl_generator_cppExport.cmake
[5.569s] -- Installing: /root/Project/ros_ur_dashboard2mqtt/install/ur_dshbd_msgs/share/ur_dshbd_msgs/cmake/export_ur_dshbd_msgs__rosidl_typesupport_fastrtps_cppExport.cmake
[5.570s] -- Installing: /root/Project/ros_ur_dashboard2mqtt/install/ur_dshbd_msgs/share/ur_dshbd_msgs/cmake/export_ur_dshbd_msgs__rosidl_typesupport_fastrtps_cppExport-noconfig.cmake
[5.570s] -- Installing: /root/Project/ros_ur_dashboard2mqtt/install/ur_dshbd_msgs/share/ur_dshbd_msgs/cmake/ur_dshbd_msgs__rosidl_typesupport_introspection_cppExport.cmake
[5.570s] -- Installing: /root/Project/ros_ur_dashboard2mqtt/install/ur_dshbd_msgs/share/ur_dshbd_msgs/cmake/ur_dshbd_msgs__rosidl_typesupport_introspection_cppExport-noconfig.cmake
[5.570s] -- Installing: /root/Project/ros_ur_dashboard2mqtt/install/ur_dshbd_msgs/share/ur_dshbd_msgs/cmake/ur_dshbd_msgs__rosidl_typesupport_cppExport.cmake
[5.570s] -- Installing: /root/Project/ros_ur_dashboard2mqtt/install/ur_dshbd_msgs/share/ur_dshbd_msgs/cmake/ur_dshbd_msgs__rosidl_typesupport_cppExport-noconfig.cmake
[5.570s] -- Installing: /root/Project/ros_ur_dashboard2mqtt/install/ur_dshbd_msgs/share/ur_dshbd_msgs/cmake/export_ur_dshbd_msgs__rosidl_generator_pyExport.cmake
[5.570s] -- Installing: /root/Project/ros_ur_dashboard2mqtt/install/ur_dshbd_msgs/share/ur_dshbd_msgs/cmake/export_ur_dshbd_msgs__rosidl_generator_pyExport-noconfig.cmake
[5.578s] Invoked command in '/root/Project/ros_ur_dashboard2mqtt/build/ur_dshbd_msgs' returned '0': CMAKE_PREFIX_PATH=${CMAKE_PREFIX_PATH}:/root/Project/ros_ur_dashboard2mqtt/install/ur_dshbd_command:/opt/ros/humble /usr/bin/cmake --install /root/Project/ros_ur_dashboard2mqtt/build/ur_dshbd_msgs
