[0.124s] DEBUG:colcon:Command line arguments: ['/usr/bin/colcon', 'build', '--symlink-install']
[0.124s] DEBUG:colcon:Parsed command line arguments: Namespace(log_base=None, log_level=None, verb_name='build', build_base='build', install_base='install', merge_install=False, symlink_install=True, test_result_base=None, continue_on_error=False, executor='parallel', parallel_workers=6, event_handlers=None, ignore_user_meta=False, metas=['./colcon.meta'], base_paths=['.'], packages_ignore=None, packages_ignore_regex=None, paths=None, packages_up_to=None, packages_up_to_regex=None, packages_above=None, packages_above_and_dependencies=None, packages_above_depth=None, packages_select_by_dep=None, packages_skip_by_dep=None, packages_skip_up_to=None, packages_select_build_failed=False, packages_skip_build_finished=False, packages_select_test_failures=False, packages_skip_test_passed=False, packages_select=None, packages_skip=None, packages_select_regex=None, packages_skip_regex=None, packages_start=None, packages_end=None, allow_overriding=[], cmake_args=None, cmake_target=None, cmake_target_skip_unavailable=False, cmake_clean_cache=False, cmake_clean_first=False, cmake_force_configure=False, ament_cmake_args=None, catkin_cmake_args=None, catkin_skip_building_tests=False, mixin_files=None, mixin=None, verb_parser=<colcon_mixin.mixin.mixin_argument.MixinArgumentDecorator object at 0x7fd2b8956ef0>, verb_extension=<colcon_core.verb.build.BuildVerb object at 0x7fd2b8a5f520>, main=<bound method BuildVerb.main of <colcon_core.verb.build.BuildVerb object at 0x7fd2b8a5f520>>, mixin_verb=('build',))
[0.285s] Level 1:colcon.colcon_core.package_discovery:discover_packages(colcon_meta) check parameters
[0.285s] Level 1:colcon.colcon_core.package_discovery:discover_packages(recursive) check parameters
[0.285s] Level 1:colcon.colcon_core.package_discovery:discover_packages(ignore) check parameters
[0.285s] Level 1:colcon.colcon_core.package_discovery:discover_packages(path) check parameters
[0.285s] Level 1:colcon.colcon_core.package_discovery:discover_packages(colcon_meta) discover
[0.285s] Level 1:colcon.colcon_core.package_discovery:discover_packages(recursive) discover
[0.285s] INFO:colcon.colcon_core.package_discovery:Crawling recursively for packages in '/root/Project/ros_ur_dashboard2mqtt'
[0.285s] Level 1:colcon.colcon_core.package_identification:_identify(.) by extensions ['ignore', 'ignore_ament_install']
[0.285s] Level 1:colcon.colcon_core.package_identification:_identify(.) by extension 'ignore'
[0.285s] Level 1:colcon.colcon_core.package_identification:_identify(.) by extension 'ignore_ament_install'
[0.285s] Level 1:colcon.colcon_core.package_identification:_identify(.) by extensions ['colcon_pkg']
[0.285s] Level 1:colcon.colcon_core.package_identification:_identify(.) by extension 'colcon_pkg'
[0.285s] Level 1:colcon.colcon_core.package_identification:_identify(.) by extensions ['colcon_meta']
[0.286s] Level 1:colcon.colcon_core.package_identification:_identify(.) by extension 'colcon_meta'
[0.286s] Level 1:colcon.colcon_core.package_identification:_identify(.) by extensions ['ros']
[0.286s] Level 1:colcon.colcon_core.package_identification:_identify(.) by extension 'ros'
[0.295s] Level 1:colcon.colcon_core.package_identification:_identify(.) by extensions ['cmake', 'python']
[0.295s] Level 1:colcon.colcon_core.package_identification:_identify(.) by extension 'cmake'
[0.296s] Level 1:colcon.colcon_core.package_identification:_identify(.) by extension 'python'
[0.296s] Level 1:colcon.colcon_core.package_identification:_identify(.) by extensions ['python_setup_py']
[0.296s] Level 1:colcon.colcon_core.package_identification:_identify(.) by extension 'python_setup_py'
[0.296s] Level 1:colcon.colcon_core.package_identification:_identify(build) by extensions ['ignore', 'ignore_ament_install']
[0.296s] Level 1:colcon.colcon_core.package_identification:_identify(build) by extension 'ignore'
[0.296s] Level 1:colcon.colcon_core.package_identification:_identify(build) ignored
[0.296s] Level 1:colcon.colcon_core.package_identification:_identify(install) by extensions ['ignore', 'ignore_ament_install']
[0.296s] Level 1:colcon.colcon_core.package_identification:_identify(install) by extension 'ignore'
[0.296s] Level 1:colcon.colcon_core.package_identification:_identify(install) ignored
[0.296s] Level 1:colcon.colcon_core.package_identification:_identify(log) by extensions ['ignore', 'ignore_ament_install']
[0.296s] Level 1:colcon.colcon_core.package_identification:_identify(log) by extension 'ignore'
[0.296s] Level 1:colcon.colcon_core.package_identification:_identify(log) ignored
[0.296s] Level 1:colcon.colcon_core.package_identification:_identify(src) by extensions ['ignore', 'ignore_ament_install']
[0.297s] Level 1:colcon.colcon_core.package_identification:_identify(src) by extension 'ignore'
[0.297s] Level 1:colcon.colcon_core.package_identification:_identify(src) by extension 'ignore_ament_install'
[0.297s] Level 1:colcon.colcon_core.package_identification:_identify(src) by extensions ['colcon_pkg']
[0.297s] Level 1:colcon.colcon_core.package_identification:_identify(src) by extension 'colcon_pkg'
[0.297s] Level 1:colcon.colcon_core.package_identification:_identify(src) by extensions ['colcon_meta']
[0.297s] Level 1:colcon.colcon_core.package_identification:_identify(src) by extension 'colcon_meta'
[0.297s] Level 1:colcon.colcon_core.package_identification:_identify(src) by extensions ['ros']
[0.297s] Level 1:colcon.colcon_core.package_identification:_identify(src) by extension 'ros'
[0.297s] Level 1:colcon.colcon_core.package_identification:_identify(src) by extensions ['cmake', 'python']
[0.297s] Level 1:colcon.colcon_core.package_identification:_identify(src) by extension 'cmake'
[0.297s] Level 1:colcon.colcon_core.package_identification:_identify(src) by extension 'python'
[0.297s] Level 1:colcon.colcon_core.package_identification:_identify(src) by extensions ['python_setup_py']
[0.297s] Level 1:colcon.colcon_core.package_identification:_identify(src) by extension 'python_setup_py'
[0.297s] Level 1:colcon.colcon_core.package_identification:_identify(src/ur_dshbd_command) by extensions ['ignore', 'ignore_ament_install']
[0.297s] Level 1:colcon.colcon_core.package_identification:_identify(src/ur_dshbd_command) by extension 'ignore'
[0.297s] Level 1:colcon.colcon_core.package_identification:_identify(src/ur_dshbd_command) by extension 'ignore_ament_install'
[0.297s] Level 1:colcon.colcon_core.package_identification:_identify(src/ur_dshbd_command) by extensions ['colcon_pkg']
[0.297s] Level 1:colcon.colcon_core.package_identification:_identify(src/ur_dshbd_command) by extension 'colcon_pkg'
[0.298s] Level 1:colcon.colcon_core.package_identification:_identify(src/ur_dshbd_command) by extensions ['colcon_meta']
[0.298s] Level 1:colcon.colcon_core.package_identification:_identify(src/ur_dshbd_command) by extension 'colcon_meta'
[0.298s] Level 1:colcon.colcon_core.package_identification:_identify(src/ur_dshbd_command) by extensions ['ros']
[0.298s] Level 1:colcon.colcon_core.package_identification:_identify(src/ur_dshbd_command) by extension 'ros'
[0.300s] DEBUG:colcon.colcon_core.package_identification:Package 'src/ur_dshbd_command' with type 'ros.ament_python' and name 'ur_dshbd_command'
[0.300s] Level 1:colcon.colcon_core.package_identification:_identify(src/ur_dshbd_msgs) by extensions ['ignore', 'ignore_ament_install']
[0.300s] Level 1:colcon.colcon_core.package_identification:_identify(src/ur_dshbd_msgs) by extension 'ignore'
[0.300s] Level 1:colcon.colcon_core.package_identification:_identify(src/ur_dshbd_msgs) by extension 'ignore_ament_install'
[0.300s] Level 1:colcon.colcon_core.package_identification:_identify(src/ur_dshbd_msgs) by extensions ['colcon_pkg']
[0.300s] Level 1:colcon.colcon_core.package_identification:_identify(src/ur_dshbd_msgs) by extension 'colcon_pkg'
[0.300s] Level 1:colcon.colcon_core.package_identification:_identify(src/ur_dshbd_msgs) by extensions ['colcon_meta']
[0.301s] Level 1:colcon.colcon_core.package_identification:_identify(src/ur_dshbd_msgs) by extension 'colcon_meta'
[0.301s] Level 1:colcon.colcon_core.package_identification:_identify(src/ur_dshbd_msgs) by extensions ['ros']
[0.301s] Level 1:colcon.colcon_core.package_identification:_identify(src/ur_dshbd_msgs) by extension 'ros'
[0.301s] DEBUG:colcon.colcon_core.package_identification:Package 'src/ur_dshbd_msgs' with type 'ros.ament_cmake' and name 'ur_dshbd_msgs'
[0.301s] Level 1:colcon.colcon_core.package_discovery:discover_packages(recursive) using defaults
[0.301s] Level 1:colcon.colcon_core.package_discovery:discover_packages(ignore) discover
[0.301s] Level 1:colcon.colcon_core.package_discovery:discover_packages(ignore) using defaults
[0.301s] Level 1:colcon.colcon_core.package_discovery:discover_packages(path) discover
[0.301s] Level 1:colcon.colcon_core.package_discovery:discover_packages(path) using defaults
[0.319s] Level 1:colcon.colcon_core.package_discovery:discover_packages(prefix_path) check parameters
[0.320s] Level 1:colcon.colcon_core.package_discovery:discover_packages(prefix_path) discover
[0.320s] WARNING:colcon.colcon_ros.prefix_path.ament:The path '/root/Project/ros_ur_dashboard2mqtt/install/ur_dshbd_command' in the environment variable AMENT_PREFIX_PATH doesn't exist
[0.321s] WARNING:colcon.colcon_ros.prefix_path.ament:The path '/root/Project/ros_ur_dashboard2mqtt/install/ur_dshbd_msgs' in the environment variable AMENT_PREFIX_PATH doesn't exist
[0.321s] WARNING:colcon.colcon_ros.prefix_path.catkin:The path '/root/Project/ros_ur_dashboard2mqtt/install/ur_dshbd_msgs' in the environment variable CMAKE_PREFIX_PATH doesn't exist
[0.321s] DEBUG:colcon.colcon_installed_package_information.package_discovery:Found 0 installed packages in /root/Project/ros_ur_dashboard2mqtt/install
[0.323s] DEBUG:colcon.colcon_installed_package_information.package_discovery:Found 382 installed packages in /opt/ros/humble
[0.324s] Level 1:colcon.colcon_core.package_discovery:discover_packages(prefix_path) using defaults
[0.384s] Level 5:colcon.colcon_core.verb:set package 'ur_dshbd_msgs' build argument 'cmake_args' from command line to 'None'
[0.385s] Level 5:colcon.colcon_core.verb:set package 'ur_dshbd_msgs' build argument 'cmake_target' from command line to 'None'
[0.385s] Level 5:colcon.colcon_core.verb:set package 'ur_dshbd_msgs' build argument 'cmake_target_skip_unavailable' from command line to 'False'
[0.385s] Level 5:colcon.colcon_core.verb:set package 'ur_dshbd_msgs' build argument 'cmake_clean_cache' from command line to 'False'
[0.385s] Level 5:colcon.colcon_core.verb:set package 'ur_dshbd_msgs' build argument 'cmake_clean_first' from command line to 'False'
[0.385s] Level 5:colcon.colcon_core.verb:set package 'ur_dshbd_msgs' build argument 'cmake_force_configure' from command line to 'False'
[0.385s] Level 5:colcon.colcon_core.verb:set package 'ur_dshbd_msgs' build argument 'ament_cmake_args' from command line to 'None'
[0.385s] Level 5:colcon.colcon_core.verb:set package 'ur_dshbd_msgs' build argument 'catkin_cmake_args' from command line to 'None'
[0.385s] Level 5:colcon.colcon_core.verb:set package 'ur_dshbd_msgs' build argument 'catkin_skip_building_tests' from command line to 'False'
[0.385s] DEBUG:colcon.colcon_core.verb:Building package 'ur_dshbd_msgs' with the following arguments: {'ament_cmake_args': None, 'build_base': '/root/Project/ros_ur_dashboard2mqtt/build/ur_dshbd_msgs', 'catkin_cmake_args': None, 'catkin_skip_building_tests': False, 'cmake_args': None, 'cmake_clean_cache': False, 'cmake_clean_first': False, 'cmake_force_configure': False, 'cmake_target': None, 'cmake_target_skip_unavailable': False, 'install_base': '/root/Project/ros_ur_dashboard2mqtt/install/ur_dshbd_msgs', 'merge_install': False, 'path': '/root/Project/ros_ur_dashboard2mqtt/src/ur_dshbd_msgs', 'symlink_install': True, 'test_result_base': None}
[0.385s] Level 5:colcon.colcon_core.verb:set package 'ur_dshbd_command' build argument 'cmake_args' from command line to 'None'
[0.385s] Level 5:colcon.colcon_core.verb:set package 'ur_dshbd_command' build argument 'cmake_target' from command line to 'None'
[0.385s] Level 5:colcon.colcon_core.verb:set package 'ur_dshbd_command' build argument 'cmake_target_skip_unavailable' from command line to 'False'
[0.385s] Level 5:colcon.colcon_core.verb:set package 'ur_dshbd_command' build argument 'cmake_clean_cache' from command line to 'False'
[0.385s] Level 5:colcon.colcon_core.verb:set package 'ur_dshbd_command' build argument 'cmake_clean_first' from command line to 'False'
[0.385s] Level 5:colcon.colcon_core.verb:set package 'ur_dshbd_command' build argument 'cmake_force_configure' from command line to 'False'
[0.385s] Level 5:colcon.colcon_core.verb:set package 'ur_dshbd_command' build argument 'ament_cmake_args' from command line to 'None'
[0.385s] Level 5:colcon.colcon_core.verb:set package 'ur_dshbd_command' build argument 'catkin_cmake_args' from command line to 'None'
[0.385s] Level 5:colcon.colcon_core.verb:set package 'ur_dshbd_command' build argument 'catkin_skip_building_tests' from command line to 'False'
[0.385s] DEBUG:colcon.colcon_core.verb:Building package 'ur_dshbd_command' with the following arguments: {'ament_cmake_args': None, 'build_base': '/root/Project/ros_ur_dashboard2mqtt/build/ur_dshbd_command', 'catkin_cmake_args': None, 'catkin_skip_building_tests': False, 'cmake_args': None, 'cmake_clean_cache': False, 'cmake_clean_first': False, 'cmake_force_configure': False, 'cmake_target': None, 'cmake_target_skip_unavailable': False, 'install_base': '/root/Project/ros_ur_dashboard2mqtt/install/ur_dshbd_command', 'merge_install': False, 'path': '/root/Project/ros_ur_dashboard2mqtt/src/ur_dshbd_command', 'symlink_install': True, 'test_result_base': None}
[0.386s] INFO:colcon.colcon_core.executor:Executing jobs using 'parallel' executor
[0.387s] DEBUG:colcon.colcon_parallel_executor.executor.parallel:run_until_complete
[0.387s] INFO:colcon.colcon_ros.task.ament_cmake.build:Building ROS package in '/root/Project/ros_ur_dashboard2mqtt/src/ur_dshbd_msgs' with build type 'ament_cmake'
[0.387s] INFO:colcon.colcon_cmake.task.cmake.build:Building CMake package in '/root/Project/ros_ur_dashboard2mqtt/src/ur_dshbd_msgs'
[0.389s] INFO:colcon.colcon_core.plugin_system:Skipping extension 'colcon_core.shell.bat': Not used on non-Windows systems
[0.389s] INFO:colcon.colcon_core.shell:Skip shell extension 'powershell' for command environment: Not usable outside of PowerShell
[0.390s] DEBUG:colcon.colcon_core.shell:Skip shell extension 'dsv' for command environment
[0.399s] DEBUG:colcon.colcon_core.event_handler.log_command:Invoking command in '/root/Project/ros_ur_dashboard2mqtt/build/ur_dshbd_msgs': CMAKE_PREFIX_PATH=${CMAKE_PREFIX_PATH}:/root/Project/ros_ur_dashboard2mqtt/install/ur_dshbd_command:/opt/ros/humble /usr/bin/cmake /root/Project/ros_ur_dashboard2mqtt/src/ur_dshbd_msgs -DAMENT_CMAKE_SYMLINK_INSTALL=1 -DCMAKE_INSTALL_PREFIX=/root/Project/ros_ur_dashboard2mqtt/install/ur_dshbd_msgs
[2.216s] DEBUG:colcon.colcon_core.event_handler.log_command:Invoked command in '/root/Project/ros_ur_dashboard2mqtt/build/ur_dshbd_msgs' returned '0': CMAKE_PREFIX_PATH=${CMAKE_PREFIX_PATH}:/root/Project/ros_ur_dashboard2mqtt/install/ur_dshbd_command:/opt/ros/humble /usr/bin/cmake /root/Project/ros_ur_dashboard2mqtt/src/ur_dshbd_msgs -DAMENT_CMAKE_SYMLINK_INSTALL=1 -DCMAKE_INSTALL_PREFIX=/root/Project/ros_ur_dashboard2mqtt/install/ur_dshbd_msgs
[2.216s] DEBUG:colcon.colcon_core.event_handler.log_command:Invoking command in '/root/Project/ros_ur_dashboard2mqtt/build/ur_dshbd_msgs': CMAKE_PREFIX_PATH=${CMAKE_PREFIX_PATH}:/root/Project/ros_ur_dashboard2mqtt/install/ur_dshbd_command:/opt/ros/humble /usr/bin/cmake --build /root/Project/ros_ur_dashboard2mqtt/build/ur_dshbd_msgs -- -j6 -l6
[5.135s] DEBUG:colcon.colcon_core.event_handler.log_command:Invoked command in '/root/Project/ros_ur_dashboard2mqtt/build/ur_dshbd_msgs' returned '0': CMAKE_PREFIX_PATH=${CMAKE_PREFIX_PATH}:/root/Project/ros_ur_dashboard2mqtt/install/ur_dshbd_command:/opt/ros/humble /usr/bin/cmake --build /root/Project/ros_ur_dashboard2mqtt/build/ur_dshbd_msgs -- -j6 -l6
[5.238s] DEBUG:colcon.colcon_core.event_handler.log_command:Invoking command in '/root/Project/ros_ur_dashboard2mqtt/build/ur_dshbd_msgs': CMAKE_PREFIX_PATH=${CMAKE_PREFIX_PATH}:/root/Project/ros_ur_dashboard2mqtt/install/ur_dshbd_command:/opt/ros/humble /usr/bin/cmake --install /root/Project/ros_ur_dashboard2mqtt/build/ur_dshbd_msgs
[5.960s] Level 1:colcon.colcon_core.environment:create_environment_scripts_only(ur_dshbd_msgs)
[5.963s] Level 1:colcon.colcon_core.environment:checking '/root/Project/ros_ur_dashboard2mqtt/install/ur_dshbd_msgs' for CMake module files
[5.963s] Level 1:colcon.colcon_core.environment:checking '/root/Project/ros_ur_dashboard2mqtt/install/ur_dshbd_msgs' for CMake config files
[5.964s] Level 1:colcon.colcon_core.shell:create_environment_hook('ur_dshbd_msgs', 'cmake_prefix_path')
[5.964s] INFO:colcon.colcon_core.shell:Creating environment hook '/root/Project/ros_ur_dashboard2mqtt/install/ur_dshbd_msgs/share/ur_dshbd_msgs/hook/cmake_prefix_path.ps1'
[5.965s] INFO:colcon.colcon_core.shell:Creating environment descriptor '/root/Project/ros_ur_dashboard2mqtt/install/ur_dshbd_msgs/share/ur_dshbd_msgs/hook/cmake_prefix_path.dsv'
[5.965s] INFO:colcon.colcon_core.shell:Creating environment hook '/root/Project/ros_ur_dashboard2mqtt/install/ur_dshbd_msgs/share/ur_dshbd_msgs/hook/cmake_prefix_path.sh'
[5.966s] Level 1:colcon.colcon_core.environment:checking '/root/Project/ros_ur_dashboard2mqtt/install/ur_dshbd_msgs/lib'
[5.967s] DEBUG:colcon.colcon_core.event_handler.log_command:Invoked command in '/root/Project/ros_ur_dashboard2mqtt/build/ur_dshbd_msgs' returned '0': CMAKE_PREFIX_PATH=${CMAKE_PREFIX_PATH}:/root/Project/ros_ur_dashboard2mqtt/install/ur_dshbd_command:/opt/ros/humble /usr/bin/cmake --install /root/Project/ros_ur_dashboard2mqtt/build/ur_dshbd_msgs
[5.967s] Level 1:colcon.colcon_core.shell:create_environment_hook('ur_dshbd_msgs', 'ld_library_path_lib')
[5.967s] INFO:colcon.colcon_core.shell:Creating environment hook '/root/Project/ros_ur_dashboard2mqtt/install/ur_dshbd_msgs/share/ur_dshbd_msgs/hook/ld_library_path_lib.ps1'
[5.967s] INFO:colcon.colcon_core.shell:Creating environment descriptor '/root/Project/ros_ur_dashboard2mqtt/install/ur_dshbd_msgs/share/ur_dshbd_msgs/hook/ld_library_path_lib.dsv'
[5.968s] INFO:colcon.colcon_core.shell:Creating environment hook '/root/Project/ros_ur_dashboard2mqtt/install/ur_dshbd_msgs/share/ur_dshbd_msgs/hook/ld_library_path_lib.sh'
[5.968s] Level 1:colcon.colcon_core.environment:checking '/root/Project/ros_ur_dashboard2mqtt/install/ur_dshbd_msgs/bin'
[5.968s] Level 1:colcon.colcon_core.environment:checking '/root/Project/ros_ur_dashboard2mqtt/install/ur_dshbd_msgs/lib/pkgconfig/ur_dshbd_msgs.pc'
[5.968s] Level 1:colcon.colcon_core.environment:checking '/root/Project/ros_ur_dashboard2mqtt/install/ur_dshbd_msgs/lib/python3.10/site-packages'
[5.969s] Level 1:colcon.colcon_core.environment:checking '/root/Project/ros_ur_dashboard2mqtt/install/ur_dshbd_msgs/bin'
[5.969s] INFO:colcon.colcon_core.shell:Creating package script '/root/Project/ros_ur_dashboard2mqtt/install/ur_dshbd_msgs/share/ur_dshbd_msgs/package.ps1'
[5.970s] INFO:colcon.colcon_core.shell:Creating package descriptor '/root/Project/ros_ur_dashboard2mqtt/install/ur_dshbd_msgs/share/ur_dshbd_msgs/package.dsv'
[5.970s] INFO:colcon.colcon_core.shell:Creating package script '/root/Project/ros_ur_dashboard2mqtt/install/ur_dshbd_msgs/share/ur_dshbd_msgs/package.sh'
[5.972s] INFO:colcon.colcon_core.shell:Creating package script '/root/Project/ros_ur_dashboard2mqtt/install/ur_dshbd_msgs/share/ur_dshbd_msgs/package.bash'
[5.972s] INFO:colcon.colcon_core.shell:Creating package script '/root/Project/ros_ur_dashboard2mqtt/install/ur_dshbd_msgs/share/ur_dshbd_msgs/package.zsh'
[5.973s] Level 1:colcon.colcon_core.environment:create_file_with_runtime_dependencies(/root/Project/ros_ur_dashboard2mqtt/install/ur_dshbd_msgs/share/colcon-core/packages/ur_dshbd_msgs)
[6.101s] Level 1:colcon.colcon_core.environment:create_environment_scripts_only(ur_dshbd_msgs)
[6.101s] Level 1:colcon.colcon_core.environment:checking '/root/Project/ros_ur_dashboard2mqtt/install/ur_dshbd_msgs' for CMake module files
[6.102s] Level 1:colcon.colcon_core.environment:checking '/root/Project/ros_ur_dashboard2mqtt/install/ur_dshbd_msgs' for CMake config files
[6.102s] Level 1:colcon.colcon_core.shell:create_environment_hook('ur_dshbd_msgs', 'cmake_prefix_path')
[6.103s] INFO:colcon.colcon_core.shell:Creating environment hook '/root/Project/ros_ur_dashboard2mqtt/install/ur_dshbd_msgs/share/ur_dshbd_msgs/hook/cmake_prefix_path.ps1'
[6.103s] INFO:colcon.colcon_core.shell:Creating environment descriptor '/root/Project/ros_ur_dashboard2mqtt/install/ur_dshbd_msgs/share/ur_dshbd_msgs/hook/cmake_prefix_path.dsv'
[6.104s] INFO:colcon.colcon_core.shell:Creating environment hook '/root/Project/ros_ur_dashboard2mqtt/install/ur_dshbd_msgs/share/ur_dshbd_msgs/hook/cmake_prefix_path.sh'
[6.104s] Level 1:colcon.colcon_core.environment:checking '/root/Project/ros_ur_dashboard2mqtt/install/ur_dshbd_msgs/lib'
[6.104s] Level 1:colcon.colcon_core.shell:create_environment_hook('ur_dshbd_msgs', 'ld_library_path_lib')
[6.105s] INFO:colcon.colcon_core.shell:Creating environment hook '/root/Project/ros_ur_dashboard2mqtt/install/ur_dshbd_msgs/share/ur_dshbd_msgs/hook/ld_library_path_lib.ps1'
[6.105s] INFO:colcon.colcon_core.shell:Creating environment descriptor '/root/Project/ros_ur_dashboard2mqtt/install/ur_dshbd_msgs/share/ur_dshbd_msgs/hook/ld_library_path_lib.dsv'
[6.106s] INFO:colcon.colcon_core.shell:Creating environment hook '/root/Project/ros_ur_dashboard2mqtt/install/ur_dshbd_msgs/share/ur_dshbd_msgs/hook/ld_library_path_lib.sh'
[6.106s] Level 1:colcon.colcon_core.environment:checking '/root/Project/ros_ur_dashboard2mqtt/install/ur_dshbd_msgs/bin'
[6.106s] Level 1:colcon.colcon_core.environment:checking '/root/Project/ros_ur_dashboard2mqtt/install/ur_dshbd_msgs/lib/pkgconfig/ur_dshbd_msgs.pc'
[6.107s] Level 1:colcon.colcon_core.environment:checking '/root/Project/ros_ur_dashboard2mqtt/install/ur_dshbd_msgs/lib/python3.10/site-packages'
[6.107s] Level 1:colcon.colcon_core.environment:checking '/root/Project/ros_ur_dashboard2mqtt/install/ur_dshbd_msgs/bin'
[6.107s] INFO:colcon.colcon_core.shell:Creating package script '/root/Project/ros_ur_dashboard2mqtt/install/ur_dshbd_msgs/share/ur_dshbd_msgs/package.ps1'
[6.108s] INFO:colcon.colcon_core.shell:Creating package descriptor '/root/Project/ros_ur_dashboard2mqtt/install/ur_dshbd_msgs/share/ur_dshbd_msgs/package.dsv'
[6.108s] INFO:colcon.colcon_core.shell:Creating package script '/root/Project/ros_ur_dashboard2mqtt/install/ur_dshbd_msgs/share/ur_dshbd_msgs/package.sh'
[6.109s] INFO:colcon.colcon_core.shell:Creating package script '/root/Project/ros_ur_dashboard2mqtt/install/ur_dshbd_msgs/share/ur_dshbd_msgs/package.bash'
[6.109s] INFO:colcon.colcon_core.shell:Creating package script '/root/Project/ros_ur_dashboard2mqtt/install/ur_dshbd_msgs/share/ur_dshbd_msgs/package.zsh'
[6.110s] Level 1:colcon.colcon_core.environment:create_file_with_runtime_dependencies(/root/Project/ros_ur_dashboard2mqtt/install/ur_dshbd_msgs/share/colcon-core/packages/ur_dshbd_msgs)
[6.110s] INFO:colcon.colcon_ros.task.ament_python.build:Building ROS package in '/root/Project/ros_ur_dashboard2mqtt/src/ur_dshbd_command' with build type 'ament_python'
[6.111s] Level 1:colcon.colcon_core.shell:create_environment_hook('ur_dshbd_command', 'ament_prefix_path')
[6.111s] INFO:colcon.colcon_core.shell:Creating environment hook '/root/Project/ros_ur_dashboard2mqtt/install/ur_dshbd_command/share/ur_dshbd_command/hook/ament_prefix_path.ps1'
[6.112s] INFO:colcon.colcon_core.shell:Creating environment descriptor '/root/Project/ros_ur_dashboard2mqtt/install/ur_dshbd_command/share/ur_dshbd_command/hook/ament_prefix_path.dsv'
[6.112s] INFO:colcon.colcon_core.shell:Creating environment hook '/root/Project/ros_ur_dashboard2mqtt/install/ur_dshbd_command/share/ur_dshbd_command/hook/ament_prefix_path.sh'
[6.113s] INFO:colcon.colcon_core.shell:Skip shell extension 'powershell' for command environment: Not usable outside of PowerShell
[6.113s] DEBUG:colcon.colcon_core.shell:Skip shell extension 'dsv' for command environment
[6.595s] INFO:colcon.colcon_core.task.python.build:Building Python package in '/root/Project/ros_ur_dashboard2mqtt/src/ur_dshbd_command'
[6.595s] INFO:colcon.colcon_core.shell:Skip shell extension 'powershell' for command environment: Not usable outside of PowerShell
[6.595s] DEBUG:colcon.colcon_core.shell:Skip shell extension 'dsv' for command environment
[7.135s] DEBUG:colcon.colcon_core.event_handler.log_command:Invoking command in '/root/Project/ros_ur_dashboard2mqtt/build/ur_dshbd_command': PYTHONPATH=/root/Project/ros_ur_dashboard2mqtt/build/ur_dshbd_command/prefix_override:/usr/lib/python3/dist-packages/colcon_core/task/python/colcon_distutils_commands:/root/Project/ros_ur_dashboard2mqtt/install/ur_dshbd_command/lib/python3.10/site-packages:${PYTHONPATH} /usr/bin/python3 -W ignore:setup.py install is deprecated setup.py develop --editable --build-directory /root/Project/ros_ur_dashboard2mqtt/build/ur_dshbd_command/build --no-deps symlink_data
[7.673s] Level 1:colcon.colcon_core.shell:create_environment_hook('ur_dshbd_command', 'pythonpath_develop')
[7.673s] INFO:colcon.colcon_core.shell:Creating environment hook '/root/Project/ros_ur_dashboard2mqtt/build/ur_dshbd_command/share/ur_dshbd_command/hook/pythonpath_develop.ps1'
[7.674s] INFO:colcon.colcon_core.shell:Creating environment descriptor '/root/Project/ros_ur_dashboard2mqtt/build/ur_dshbd_command/share/ur_dshbd_command/hook/pythonpath_develop.dsv'
[7.674s] INFO:colcon.colcon_core.shell:Creating environment hook '/root/Project/ros_ur_dashboard2mqtt/build/ur_dshbd_command/share/ur_dshbd_command/hook/pythonpath_develop.sh'
[7.675s] Level 1:colcon.colcon_core.environment:checking '/root/Project/ros_ur_dashboard2mqtt/install/ur_dshbd_command' for CMake module files
[7.675s] Level 1:colcon.colcon_core.environment:checking '/root/Project/ros_ur_dashboard2mqtt/install/ur_dshbd_command' for CMake config files
[7.676s] DEBUG:colcon.colcon_core.event_handler.log_command:Invoked command in '/root/Project/ros_ur_dashboard2mqtt/build/ur_dshbd_command' returned '0': PYTHONPATH=/root/Project/ros_ur_dashboard2mqtt/build/ur_dshbd_command/prefix_override:/usr/lib/python3/dist-packages/colcon_core/task/python/colcon_distutils_commands:/root/Project/ros_ur_dashboard2mqtt/install/ur_dshbd_command/lib/python3.10/site-packages:${PYTHONPATH} /usr/bin/python3 -W ignore:setup.py install is deprecated setup.py develop --editable --build-directory /root/Project/ros_ur_dashboard2mqtt/build/ur_dshbd_command/build --no-deps symlink_data
[7.676s] Level 1:colcon.colcon_core.environment:checking '/root/Project/ros_ur_dashboard2mqtt/install/ur_dshbd_command/lib'
[7.676s] Level 1:colcon.colcon_core.environment:checking '/root/Project/ros_ur_dashboard2mqtt/install/ur_dshbd_command/bin'
[7.676s] Level 1:colcon.colcon_core.environment:checking '/root/Project/ros_ur_dashboard2mqtt/install/ur_dshbd_command/lib/pkgconfig/ur_dshbd_command.pc'
[7.677s] Level 1:colcon.colcon_core.environment:checking '/root/Project/ros_ur_dashboard2mqtt/install/ur_dshbd_command/lib/python3.10/site-packages'
[7.677s] Level 1:colcon.colcon_core.shell:create_environment_hook('ur_dshbd_command', 'pythonpath')
[7.677s] INFO:colcon.colcon_core.shell:Creating environment hook '/root/Project/ros_ur_dashboard2mqtt/install/ur_dshbd_command/share/ur_dshbd_command/hook/pythonpath.ps1'
[7.677s] INFO:colcon.colcon_core.shell:Creating environment descriptor '/root/Project/ros_ur_dashboard2mqtt/install/ur_dshbd_command/share/ur_dshbd_command/hook/pythonpath.dsv'
[7.678s] INFO:colcon.colcon_core.shell:Creating environment hook '/root/Project/ros_ur_dashboard2mqtt/install/ur_dshbd_command/share/ur_dshbd_command/hook/pythonpath.sh'
[7.678s] Level 1:colcon.colcon_core.environment:checking '/root/Project/ros_ur_dashboard2mqtt/install/ur_dshbd_command/bin'
[7.678s] Level 1:colcon.colcon_core.environment:create_environment_scripts_only(ur_dshbd_command)
[7.679s] INFO:colcon.colcon_core.shell:Creating package script '/root/Project/ros_ur_dashboard2mqtt/install/ur_dshbd_command/share/ur_dshbd_command/package.ps1'
[7.679s] INFO:colcon.colcon_core.shell:Creating package descriptor '/root/Project/ros_ur_dashboard2mqtt/install/ur_dshbd_command/share/ur_dshbd_command/package.dsv'
[7.679s] INFO:colcon.colcon_core.shell:Creating package script '/root/Project/ros_ur_dashboard2mqtt/install/ur_dshbd_command/share/ur_dshbd_command/package.sh'
[7.680s] INFO:colcon.colcon_core.shell:Creating package script '/root/Project/ros_ur_dashboard2mqtt/install/ur_dshbd_command/share/ur_dshbd_command/package.bash'
[7.680s] INFO:colcon.colcon_core.shell:Creating package script '/root/Project/ros_ur_dashboard2mqtt/install/ur_dshbd_command/share/ur_dshbd_command/package.zsh'
[7.680s] Level 1:colcon.colcon_core.environment:create_file_with_runtime_dependencies(/root/Project/ros_ur_dashboard2mqtt/install/ur_dshbd_command/share/colcon-core/packages/ur_dshbd_command)
[7.681s] DEBUG:colcon.colcon_parallel_executor.executor.parallel:closing loop
[7.682s] DEBUG:colcon.colcon_parallel_executor.executor.parallel:loop closed
[7.682s] DEBUG:colcon.colcon_parallel_executor.executor.parallel:run_until_complete finished with '0'
[7.682s] DEBUG:colcon.colcon_core.event_reactor:joining thread
[7.688s] INFO:colcon.colcon_core.plugin_system:Skipping extension 'colcon_notification.desktop_notification.notify_send': Could not find 'notify-send'
[7.688s] INFO:colcon.colcon_core.plugin_system:Skipping extension 'colcon_notification.desktop_notification.terminal_notifier': Not used on non-Darwin systems
[7.688s] INFO:colcon.colcon_core.plugin_system:Skipping extension 'colcon_notification.desktop_notification.win32': Not used on non-Windows systems
[7.688s] INFO:colcon.colcon_notification.desktop_notification:Sending desktop notification using 'notify2'
[7.689s] DEBUG:colcon.colcon_notification.desktop_notification.notify2:Failed to initialize notify2: org.freedesktop.DBus.Error.ServiceUnknown: The name org.freedesktop.Notifications was not provided by any .service files
[7.689s] DEBUG:colcon.colcon_core.event_reactor:joined thread
[7.690s] INFO:colcon.colcon_core.shell:Creating prefix script '/root/Project/ros_ur_dashboard2mqtt/install/local_setup.ps1'
[7.691s] INFO:colcon.colcon_core.shell:Creating prefix util module '/root/Project/ros_ur_dashboard2mqtt/install/_local_setup_util_ps1.py'
[7.692s] INFO:colcon.colcon_core.shell:Creating prefix chain script '/root/Project/ros_ur_dashboard2mqtt/install/setup.ps1'
[7.693s] INFO:colcon.colcon_core.shell:Creating prefix script '/root/Project/ros_ur_dashboard2mqtt/install/local_setup.sh'
[7.694s] INFO:colcon.colcon_core.shell:Creating prefix util module '/root/Project/ros_ur_dashboard2mqtt/install/_local_setup_util_sh.py'
[7.694s] INFO:colcon.colcon_core.shell:Creating prefix chain script '/root/Project/ros_ur_dashboard2mqtt/install/setup.sh'
[7.695s] INFO:colcon.colcon_core.shell:Creating prefix script '/root/Project/ros_ur_dashboard2mqtt/install/local_setup.bash'
[7.695s] INFO:colcon.colcon_core.shell:Creating prefix chain script '/root/Project/ros_ur_dashboard2mqtt/install/setup.bash'
[7.696s] INFO:colcon.colcon_core.shell:Creating prefix script '/root/Project/ros_ur_dashboard2mqtt/install/local_setup.zsh'
[7.697s] INFO:colcon.colcon_core.shell:Creating prefix chain script '/root/Project/ros_ur_dashboard2mqtt/install/setup.zsh'
